Starting job on  Tue Jul 18 08:41:22 EDT 2023
Running on  Linux earth.crc.nd.edu 3.10.0-1160.92.1.el7.x86_64 #1 SMP Thu May 18 11:23:40 UTC 2023 x86_64 x86_64 x86_64 GNU/Linux
System release  Red Hat Enterprise Linux Server release 7.9 (Maipo)
name: ttJets_LO_SMEFT
carddir: cards/tt_EFT/ttJets_LO_SMEFT/
queue: local
scram_arch: slc7_amd64_gcc10
cmssw_version: CMSSW_12_4_8
# On branch master
# Untracked files:
#   (use "git add <file>..." to include in what will be committed)
#
#	cards/tt_EFT/
#	first_ttJets_LO_SMEFT_slc7_amd64_gcc10_CMSSW_12_4_8_tarball.tar.xz
#	ttJets_LO_SMEFT.log
#	ttJets_LO_SMEFT_output.txt
#	ttJets_LO_SMEFT_output2.txt
#	tt_LO_SMEFT.log
#	tt_LO_SMEFT/
#	tt_LO_SMEFT_slc7_amd64_gcc10_CMSSW_12_4_8_tarball.tar.xz
nothing added to commit but untracked files present (use "git add" to track)
Current git revision is:
074dc89e372668adbd84340804c84807a1769503
/afs/crc.nd.edu/user/h/hnelson2/genproductions/bin/MadGraph5_aMCatNLO
WARNING: In non-interactive mode release checks e.g. deprecated releases, production architectures are disabled.
WARNING: In non-interactive mode release checks e.g. deprecated releases, production architectures are disabled.
--2023-07-18 08:41:31--  https://cms-project-generators.web.cern.ch/cms-project-generators/MG5_aMC_v2.9.13.tar.gz
Resolving cms-project-generators.web.cern.ch (cms-project-generators.web.cern.ch)... 188.184.74.207
Connecting to cms-project-generators.web.cern.ch (cms-project-generators.web.cern.ch)|188.184.74.207|:443... connected.
HTTP request sent, awaiting response... 200 OK
Length: 26561088 (25M) [application/gzip]
Saving to: 'MG5_aMC_v2.9.13.tar.gz'

     0K .......... .......... .......... .......... ..........  0%  146K 2m58s
    50K .......... .......... .......... .......... ..........  0%  435K 1m58s
   100K .......... .......... .......... .......... ..........  0% 54.8M 79s
   150K .......... .......... .......... .......... ..........  0% 63.8M 59s
   200K .......... .......... .......... .......... ..........  0%  437K 59s
   250K .......... .......... .......... .......... ..........  1% 67.6M 49s
   300K .......... .......... .......... .......... ..........  1% 59.7M 42s
   350K .......... .......... .......... .......... ..........  1% 72.3M 37s
   400K .......... .......... .......... .......... ..........  1%  444K 39s
   450K .......... .......... .......... .......... ..........  1% 65.3M 35s
   500K .......... .......... .......... .......... ..........  2% 68.6M 32s
   550K .......... .......... .......... .......... ..........  2% 56.5M 29s
   600K .......... .......... .......... .......... ..........  2% 71.7M 27s
   650K .......... .......... .......... .......... ..........  2% 1.32M 26s
   700K .......... .......... .......... .......... ..........  2% 67.2M 25s
   750K .......... .......... .......... .......... ..........  3% 62.1M 23s
   800K .......... .......... .......... .......... ..........  3%  675K 24s
   850K .......... .......... .......... .......... ..........  3% 54.8M 22s
   900K .......... .......... .......... .......... ..........  3% 64.4M 21s
   950K .......... .......... .......... .......... ..........  3% 66.9M 20s
  1000K .......... .......... .......... .......... ..........  4% 57.1M 19s
  1050K .......... .......... .......... .......... ..........  4% 60.6M 18s
  1100K .......... .......... .......... .......... ..........  4% 54.6M 17s
  1150K .......... .......... .......... .......... ..........  4% 64.3M 17s
  1200K .......... .......... .......... .......... ..........  4% 60.1M 16s
  1250K .......... .......... .......... .......... ..........  5% 67.2M 15s
  1300K .......... .......... .......... .......... ..........  5% 50.8M 15s
  1350K .......... .......... .......... .......... ..........  5% 1.53M 15s
  1400K .......... .......... .......... .......... ..........  5% 57.0M 14s
  1450K .......... .......... .......... .......... ..........  5% 64.4M 14s
  1500K .......... .......... .......... .......... ..........  5% 67.7M 13s
  1550K .......... .......... .......... .......... ..........  6% 51.7M 13s
  1600K .......... .......... .......... .......... ..........  6%  699K 14s
  1650K .......... .......... .......... .......... ..........  6% 55.7M 13s
  1700K .......... .......... .......... .......... ..........  6% 65.0M 13s
  1750K .......... .......... .......... .......... ..........  6% 54.5M 12s
  1800K .......... .......... .......... .......... ..........  7% 63.7M 12s
  1850K .......... .......... .......... .......... ..........  7% 63.7M 12s
  1900K .......... .......... .......... .......... ..........  7% 62.2M 11s
  1950K .......... .......... .......... .......... ..........  7% 55.6M 11s
  2000K .......... .......... .......... .......... ..........  7% 63.7M 11s
  2050K .......... .......... .......... .......... ..........  8% 59.1M 11s
  2100K .......... .......... .......... .......... ..........  8% 61.3M 10s
  2150K .......... .......... .......... .......... ..........  8% 63.1M 10s
  2200K .......... .......... .......... .......... ..........  8% 55.0M 10s
  2250K .......... .......... .......... .......... ..........  8% 63.0M 10s
  2300K .......... .......... .......... .......... ..........  9% 58.8M 9s
  2350K .......... .......... .......... .......... ..........  9% 65.6M 9s
  2400K .......... .......... .......... .......... ..........  9% 52.3M 9s
  2450K .......... .......... .......... .......... ..........  9% 70.4M 9s
  2500K .......... .......... .......... .......... ..........  9% 62.8M 9s
  2550K .......... .......... .......... .......... .......... 10% 58.7M 8s
  2600K .......... .......... .......... .......... .......... 10% 1.96M 8s
  2650K .......... .......... .......... .......... .......... 10% 50.6M 8s
  2700K .......... .......... .......... .......... .......... 10% 70.8M 8s
  2750K .......... .......... .......... .......... .......... 10% 58.0M 8s
  2800K .......... .......... .......... .......... .......... 10% 64.4M 8s
  2850K .......... .......... .......... .......... .......... 11% 58.6M 8s
  2900K .......... .......... .......... .......... .......... 11% 61.6M 8s
  2950K .......... .......... .......... .......... .......... 11% 64.7M 7s
  3000K .......... .......... .......... .......... .......... 11%  721K 8s
  3050K .......... .......... .......... .......... .......... 11% 27.9M 8s
  3100K .......... .......... .......... .......... .......... 12% 56.7M 8s
  3150K .......... .......... .......... .......... .......... 12% 63.4M 7s
  3200K .......... .......... .......... .......... .......... 12% 64.6M 7s
  3250K .......... .......... .......... .......... .......... 12% 65.1M 7s
  3300K .......... .......... .......... .......... .......... 12% 53.4M 7s
  3350K .......... .......... .......... .......... .......... 13% 70.3M 7s
  3400K .......... .......... .......... .......... .......... 13% 58.5M 7s
  3450K .......... .......... .......... .......... .......... 13% 72.0M 7s
  3500K .......... .......... .......... .......... .......... 13% 51.2M 7s
  3550K .......... .......... .......... .......... .......... 13% 65.5M 6s
  3600K .......... .......... .......... .......... .......... 14% 69.4M 6s
  3650K .......... .......... .......... .......... .......... 14% 55.8M 6s
  3700K .......... .......... .......... .......... .......... 14% 71.5M 6s
  3750K .......... .......... .......... .......... .......... 14% 52.1M 6s
  3800K .......... .......... .......... .......... .......... 14% 66.3M 6s
  3850K .......... .......... .......... .......... .......... 15% 57.1M 6s
  3900K .......... .......... .......... .......... .......... 15% 64.2M 6s
  3950K .......... .......... .......... .......... .......... 15% 56.1M 6s
  4000K .......... .......... .......... .......... .......... 15% 64.9M 6s
  4050K .......... .......... .......... .......... .......... 15% 57.8M 6s
  4100K .......... .......... .......... .......... .......... 15% 63.8M 6s
  4150K .......... .......... .......... .......... .......... 16% 56.2M 5s
  4200K .......... .......... .......... .......... .......... 16% 71.2M 5s
  4250K .......... .......... .......... .......... .......... 16% 51.6M 5s
  4300K .......... .......... .......... .......... .......... 16% 63.4M 5s
  4350K .......... .......... .......... .......... .......... 16% 61.7M 5s
  4400K .......... .......... .......... .......... .......... 17% 61.8M 5s
  4450K .......... .......... .......... .......... .......... 17% 56.3M 5s
  4500K .......... .......... .......... .......... .......... 17% 64.6M 5s
  4550K .......... .......... .......... .......... .......... 17% 66.3M 5s
  4600K .......... .......... .......... .......... .......... 17% 61.3M 5s
  4650K .......... .......... .......... .......... .......... 18% 61.7M 5s
  4700K .......... .......... .......... .......... .......... 18% 56.3M 5s
  4750K .......... .......... .......... .......... .......... 18% 64.8M 5s
  4800K .......... .......... .......... .......... .......... 18% 60.7M 5s
  4850K .......... .......... .......... .......... .......... 18% 61.4M 5s
  4900K .......... .......... .......... .......... .......... 19% 52.6M 5s
  4950K .......... .......... .......... .......... .......... 19% 68.9M 4s
  5000K .......... .......... .......... .......... .......... 19% 5.64M 4s
  5050K .......... .......... .......... .......... .......... 19% 64.9M 4s
  5100K .......... .......... .......... .......... .......... 19% 60.6M 4s
  5150K .......... .......... .......... .......... .......... 20% 51.3M 4s
  5200K .......... .......... .......... .......... .......... 20% 70.9M 4s
  5250K .......... .......... .......... .......... .......... 20% 56.8M 4s
  5300K .......... .......... .......... .......... .......... 20% 67.2M 4s
  5350K .......... .......... .......... .......... .......... 20% 54.7M 4s
  5400K .......... .......... .......... .......... .......... 21% 63.5M 4s
  5450K .......... .......... .......... .......... .......... 21% 65.1M 4s
  5500K .......... .......... .......... .......... .......... 21% 63.3M 4s
  5550K .......... .......... .......... .......... .......... 21% 56.5M 4s
  5600K .......... .......... .......... .......... .......... 21% 62.6M 4s
  5650K .......... .......... .......... .......... .......... 21% 64.5M 4s
  5700K .......... .......... .......... .......... .......... 22% 64.5M 4s
  5750K .......... .......... .......... .......... .......... 22% 65.0M 4s
  5800K .......... .......... .......... .......... .......... 22%  794K 4s
  5850K .......... .......... .......... .......... .......... 22% 43.6M 4s
  5900K .......... .......... .......... .......... .......... 22% 58.8M 4s
  5950K .......... .......... .......... .......... .......... 23% 65.5M 4s
  6000K .......... .......... .......... .......... .......... 23% 53.0M 4s
  6050K .......... .......... .......... .......... .......... 23% 73.2M 4s
  6100K .......... .......... .......... .......... .......... 23% 64.9M 4s
  6150K .......... .......... .......... .......... .......... 23% 53.8M 4s
  6200K .......... .......... .......... .......... .......... 24% 69.6M 4s
  6250K .......... .......... .......... .......... .......... 24% 51.7M 4s
  6300K .......... .......... .......... .......... .......... 24% 72.7M 4s
  6350K .......... .......... .......... .......... .......... 24% 58.2M 4s
  6400K .......... .......... .......... .......... .......... 24% 63.2M 4s
  6450K .......... .......... .......... .......... .......... 25% 57.5M 3s
  6500K .......... .......... .......... .......... .......... 25% 63.3M 3s
  6550K .......... .......... .......... .......... .......... 25% 64.0M 3s
  6600K .......... .......... .......... .......... .......... 25% 59.5M 3s
  6650K .......... .......... .......... .......... .......... 25% 1.72M 3s
  6700K .......... .......... .......... .......... .......... 26% 56.9M 3s
  6750K .......... .......... .......... .......... .......... 26% 64.3M 3s
  6800K .......... .......... .......... .......... .......... 26% 64.9M 3s
  6850K .......... .......... .......... .......... .......... 26% 64.4M 3s
  6900K .......... .......... .......... .......... .......... 26% 53.6M 3s
  6950K .......... .......... .......... .......... .......... 26% 69.6M 3s
  7000K .......... .......... .......... .......... .......... 27% 58.3M 3s
  7050K .......... .......... .......... .......... .......... 27% 71.4M 3s
  7100K .......... .......... .......... .......... .......... 27% 52.7M 3s
  7150K .......... .......... .......... .......... .......... 27% 62.0M 3s
  7200K .......... .......... .......... .......... .......... 27% 68.5M 3s
  7250K .......... .......... .......... .......... .......... 28% 57.2M 3s
  7300K .......... .......... .......... .......... .......... 28% 70.4M 3s
  7350K .......... .......... .......... .......... .......... 28% 52.6M 3s
  7400K .......... .......... .......... .......... .......... 28% 67.3M 3s
  7450K .......... .......... .......... .......... .......... 28% 62.2M 3s
  7500K .......... .......... .......... .......... .......... 29% 63.4M 3s
  7550K .......... .......... .......... .......... .......... 29% 55.0M 3s
  7600K .......... .......... .......... .......... .......... 29% 63.5M 3s
  7650K .......... .......... .......... .......... .......... 29% 66.7M 3s
  7700K .......... .......... .......... .......... .......... 29% 61.8M 3s
  7750K .......... .......... .......... .......... .......... 30% 62.9M 3s
  7800K .......... .......... .......... .......... .......... 30% 55.4M 3s
  7850K .......... .......... .......... .......... .......... 30% 61.2M 3s
  7900K .......... .......... .......... .......... .......... 30% 61.7M 3s
  7950K .......... .......... .......... .......... .......... 30% 64.2M 3s
  8000K .......... .......... .......... .......... .......... 31% 51.3M 3s
  8050K .......... .......... .......... .......... .......... 31% 64.2M 3s
  8100K .......... .......... .......... .......... .......... 31% 57.9M 3s
  8150K .......... .......... .......... .......... .......... 31% 68.3M 3s
  8200K .......... .......... .......... .......... .......... 31% 57.4M 3s
  8250K .......... .......... .......... .......... .......... 31% 1020K 3s
  8300K .......... .......... .......... .......... .......... 32% 52.5M 3s
  8350K .......... .......... .......... .......... .......... 32% 63.6M 3s
  8400K .......... .......... .......... .......... .......... 32% 60.5M 3s
  8450K .......... .......... .......... .......... .......... 32% 68.1M 3s
  8500K .......... .......... .......... .......... .......... 32% 52.4M 3s
  8550K .......... .......... .......... .......... .......... 33% 70.1M 3s
  8600K .......... .......... .......... .......... .......... 33% 57.9M 3s
  8650K .......... .......... .......... .......... .......... 33% 66.1M 3s
  8700K .......... .......... .......... .......... .......... 33% 67.3M 3s
  8750K .......... .......... .......... .......... .......... 33% 52.6M 2s
  8800K .......... .......... .......... .......... .......... 34% 72.0M 2s
  8850K .......... .......... .......... .......... .......... 34% 58.2M 2s
  8900K .......... .......... .......... .......... .......... 34% 63.2M 2s
  8950K .......... .......... .......... .......... .......... 34% 54.2M 2s
  9000K .......... .......... .......... .......... .......... 34% 63.0M 2s
  9050K .......... .......... .......... .......... .......... 35% 65.0M 2s
  9100K .......... .......... .......... .......... .......... 35% 59.5M 2s
  9150K .......... .......... .......... .......... .......... 35% 1.82M 2s
  9200K .......... .......... .......... .......... .......... 35% 40.0M 2s
  9250K .......... .......... .......... .......... .......... 35% 63.3M 2s
  9300K .......... .......... .......... .......... .......... 36% 57.8M 2s
  9350K .......... .......... .......... .......... .......... 36% 64.1M 2s
  9400K .......... .......... .......... .......... .......... 36% 56.1M 2s
  9450K .......... .......... .......... .......... .......... 36% 64.9M 2s
  9500K .......... .......... .......... .......... .......... 36% 58.2M 2s
  9550K .......... .......... .......... .......... .......... 37% 72.1M 2s
  9600K .......... .......... .......... .......... .......... 37% 51.7M 2s
  9650K .......... .......... .......... .......... .......... 37% 70.0M 2s
  9700K .......... .......... .......... .......... .......... 37% 64.2M 2s
  9750K .......... .......... .......... .......... .......... 37% 56.4M 2s
  9800K .......... .......... .......... .......... .......... 37% 72.2M 2s
  9850K .......... .......... .......... .......... .......... 38% 51.0M 2s
  9900K .......... .......... .......... .......... .......... 38% 71.2M 2s
  9950K .......... .......... .......... .......... .......... 38% 58.3M 2s
 10000K .......... .......... .......... .......... .......... 38% 62.7M 2s
 10050K .......... .......... .......... .......... .......... 38% 56.0M 2s
 10100K .......... .......... .......... .......... .......... 39% 63.7M 2s
 10150K .......... .......... .......... .......... .......... 39% 61.3M 2s
 10200K .......... .......... .......... .......... .......... 39%  841K 2s
 10250K .......... .......... .......... .......... .......... 39% 57.1M 2s
 10300K .......... .......... .......... .......... .......... 39% 56.5M 2s
 10350K .......... .......... .......... .......... .......... 40% 63.3M 2s
 10400K .......... .......... .......... .......... .......... 40% 62.8M 2s
 10450K .......... .......... .......... .......... .......... 40% 64.3M 2s
 10500K .......... .......... .......... .......... .......... 40% 53.8M 2s
 10550K .......... .......... .......... .......... .......... 40% 69.2M 2s
 10600K .......... .......... .......... .......... .......... 41% 57.5M 2s
 10650K .......... .......... .......... .......... .......... 41% 67.1M 2s
 10700K .......... .......... .......... .......... .......... 41% 51.9M 2s
 10750K .......... .......... .......... .......... .......... 41% 66.0M 2s
 10800K .......... .......... .......... .......... .......... 41% 68.8M 2s
 10850K .......... .......... .......... .......... .......... 42% 55.4M 2s
 10900K .......... .......... .......... .......... .......... 42% 69.4M 2s
 10950K .......... .......... .......... .......... .......... 42% 52.6M 2s
 11000K .......... .......... .......... .......... .......... 42% 64.8M 2s
 11050K .......... .......... .......... .......... .......... 42% 60.0M 2s
 11100K .......... .......... .......... .......... .......... 42% 63.8M 2s
 11150K .......... .......... .......... .......... .......... 43% 56.3M 2s
 11200K .......... .......... .......... .......... .......... 43% 62.6M 2s
 11250K .......... .......... .......... .......... .......... 43% 60.2M 2s
 11300K .......... .......... .......... .......... .......... 43% 60.8M 2s
 11350K .......... .......... .......... .......... .......... 43% 59.0M 2s
 11400K .......... .......... .......... .......... .......... 44% 56.2M 2s
 11450K .......... .......... .......... .......... .......... 44% 62.4M 2s
 11500K .......... .......... .......... .......... .......... 44% 56.7M 2s
 11550K .......... .......... .......... .......... .......... 44% 67.6M 2s
 11600K .......... .......... .......... .......... .......... 44% 2.59M 2s
 11650K .......... .......... .......... .......... .......... 45% 70.3M 2s
 11700K .......... .......... .......... .......... .......... 45% 56.8M 2s
 11750K .......... .......... .......... .......... .......... 45% 68.2M 2s
 11800K .......... .......... .......... .......... .......... 45% 67.8M 2s
 11850K .......... .......... .......... .......... .......... 45% 51.8M 2s
 11900K .......... .......... .......... .......... .......... 46% 70.7M 2s
 11950K .......... .......... .......... .......... .......... 46% 58.1M 2s
 12000K .......... .......... .......... .......... .......... 46% 65.5M 2s
 12050K .......... .......... .......... .......... .......... 46% 53.9M 2s
 12100K .......... .......... .......... .......... .......... 46% 62.6M 2s
 12150K .......... .......... .......... .......... .......... 47% 64.1M 2s
 12200K .......... .......... .......... .......... .......... 47% 62.0M 2s
 12250K .......... .......... .......... .......... .......... 47% 59.1M 2s
 12300K .......... .......... .......... .......... .......... 47% 66.0M 2s
 12350K .......... .......... .......... .......... .......... 47% 49.7M 2s
 12400K .......... .......... .......... .......... .......... 47% 70.2M 2s
 12450K .......... .......... .......... .......... .......... 48% 57.6M 2s
 12500K .......... .......... .......... .......... .......... 48% 67.3M 2s
 12550K .......... .......... .......... .......... .......... 48%  842K 2s
 12600K .......... .......... .......... .......... .......... 48% 41.1M 2s
 12650K .......... .......... .......... .......... .......... 48% 57.7M 2s
 12700K .......... .......... .......... .......... .......... 49% 62.7M 2s
 12750K .......... .......... .......... .......... .......... 49% 52.2M 2s
 12800K .......... .......... .......... .......... .......... 49% 64.4M 2s
 12850K .......... .......... .......... .......... .......... 49% 63.7M 2s
 12900K .......... .......... .......... .......... .......... 49% 64.0M 2s
 12950K .......... .......... .......... .......... .......... 50% 63.0M 1s
 13000K .......... .......... .......... .......... .......... 50% 56.5M 1s
 13050K .......... .......... .......... .......... .......... 50% 64.5M 1s
 13100K .......... .......... .......... .......... .......... 50% 56.9M 1s
 13150K .......... .......... .......... .......... .......... 50% 69.9M 1s
 13200K .......... .......... .......... .......... .......... 51% 51.4M 1s
 13250K .......... .......... .......... .......... .......... 51% 73.2M 1s
 13300K .......... .......... .......... .......... .......... 51% 59.3M 1s
 13350K .......... .......... .......... .......... .......... 51% 55.8M 1s
 13400K .......... .......... .......... .......... .......... 51% 64.6M 1s
 13450K .......... .......... .......... .......... .......... 52% 51.5M 1s
 13500K .......... .......... .......... .......... .......... 52% 71.3M 1s
 13550K .......... .......... .......... .......... .......... 52% 57.2M 1s
 13600K .......... .......... .......... .......... .......... 52% 60.3M 1s
 13650K .......... .......... .......... .......... .......... 52% 55.4M 1s
 13700K .......... .......... .......... .......... .......... 53% 2.11M 1s
 13750K .......... .......... .......... .......... .......... 53% 62.7M 1s
 13800K .......... .......... .......... .......... .......... 53% 61.7M 1s
 13850K .......... .......... .......... .......... .......... 53% 62.2M 1s
 13900K .......... .......... .......... .......... .......... 53% 56.9M 1s
 13950K .......... .......... .......... .......... .......... 53% 62.3M 1s
 14000K .......... .......... .......... .......... .......... 54% 63.7M 1s
 14050K .......... .......... .......... .......... .......... 54% 63.7M 1s
 14100K .......... .......... .......... .......... .......... 54% 52.3M 1s
 14150K .......... .......... .......... .......... .......... 54% 70.0M 1s
 14200K .......... .......... .......... .......... .......... 54% 56.6M 1s
 14250K .......... .......... .......... .......... .......... 55% 70.2M 1s
 14300K .......... .......... .......... .......... .......... 55% 49.3M 1s
 14350K .......... .......... .......... .......... .......... 55% 65.7M 1s
 14400K .......... .......... .......... .......... .......... 55% 69.5M 1s
 14450K .......... .......... .......... .......... .......... 55%  478K 1s
 14500K .......... .......... .......... .......... .......... 56% 66.4M 1s
 14550K .......... .......... .......... .......... .......... 56% 49.7M 1s
 14600K .......... .......... .......... .......... .......... 56% 65.3M 1s
 14650K .......... .......... .......... .......... .......... 56% 60.7M 1s
 14700K .......... .......... .......... .......... .......... 56% 61.1M 1s
 14750K .......... .......... .......... .......... .......... 57% 54.6M 1s
 14800K .......... .......... .......... .......... .......... 57% 62.4M 1s
 14850K .......... .......... .......... .......... .......... 57% 65.1M 1s
 14900K .......... .......... .......... .......... .......... 57% 61.0M 1s
 14950K .......... .......... .......... .......... .......... 57% 59.6M 1s
 15000K .......... .......... .......... .......... .......... 58% 55.8M 1s
 15050K .......... .......... .......... .......... .......... 58% 62.5M 1s
 15100K .......... .......... .......... .......... .......... 58% 59.6M 1s
 15150K .......... .......... .......... .......... .......... 58% 65.7M 1s
 15200K .......... .......... .......... .......... .......... 58% 50.3M 1s
 15250K .......... .......... .......... .......... .......... 58% 67.7M 1s
 15300K .......... .......... .......... .......... .......... 59% 57.2M 1s
 15350K .......... .......... .......... .......... .......... 59% 60.2M 1s
 15400K .......... .......... .......... .......... .......... 59% 62.9M 1s
 15450K .......... .......... .......... .......... .......... 59% 50.9M 1s
 15500K .......... .......... .......... .......... .......... 59% 68.9M 1s
 15550K .......... .......... .......... .......... .......... 60% 55.1M 1s
 15600K .......... .......... .......... .......... .......... 60% 65.0M 1s
 15650K .......... .......... .......... .......... .......... 60% 52.5M 1s
 15700K .......... .......... .......... .......... .......... 60% 57.1M 1s
 15750K .......... .......... .......... .......... .......... 60% 61.8M 1s
 15800K .......... .......... .......... .......... .......... 61% 59.6M 1s
 15850K .......... .......... .......... .......... .......... 61% 54.2M 1s
 15900K .......... .......... .......... .......... .......... 61% 61.8M 1s
 15950K .......... .......... .......... .......... .......... 61% 63.5M 1s
 16000K .......... .......... .......... .......... .......... 61% 61.7M 1s
 16050K .......... .......... .......... .......... .......... 62% 61.8M 1s
 16100K .......... .......... .......... .......... .......... 62% 55.9M 1s
 16150K .......... .......... .......... .......... .......... 62% 63.0M 1s
 16200K .......... .......... .......... .......... .......... 62% 56.0M 1s
 16250K .......... .......... .......... .......... .......... 62% 68.5M 1s
 16300K .......... .......... .......... .......... .......... 63% 50.7M 1s
 16350K .......... .......... .......... .......... .......... 63% 58.5M 1s
 16400K .......... .......... .......... .......... .......... 63% 61.9M 1s
 16450K .......... .......... .......... .......... .......... 63% 62.6M 1s
 16500K .......... .......... .......... .......... .......... 63% 61.4M 1s
 16550K .......... .......... .......... .......... .......... 63% 62.1M 1s
 16600K .......... .......... .......... .......... .......... 64% 56.0M 1s
 16650K .......... .......... .......... .......... .......... 64% 61.0M 1s
 16700K .......... .......... .......... .......... .......... 64% 55.2M 1s
 16750K .......... .......... .......... .......... .......... 64% 69.9M 1s
 16800K .......... .......... .......... .......... .......... 64% 50.4M 1s
 16850K .......... .......... .......... .......... .......... 65% 70.8M 1s
 16900K .......... .......... .......... .......... .......... 65% 61.7M 1s
 16950K .......... .......... .......... .......... .......... 65% 1.47M 1s
 17000K .......... .......... .......... .......... .......... 65% 67.2M 1s
 17050K .......... .......... .......... .......... .......... 65% 50.5M 1s
 17100K .......... .......... .......... .......... .......... 66% 1.23M 1s
 17150K .......... .......... .......... .......... .......... 66% 34.3M 1s
 17200K .......... .......... .......... .......... .......... 66% 61.8M 1s
 17250K .......... .......... .......... .......... .......... 66% 55.7M 1s
 17300K .......... .......... .......... .......... .......... 66% 61.1M 1s
 17350K .......... .......... .......... .......... .......... 67% 63.0M 1s
 17400K .......... .......... .......... .......... .......... 67% 57.0M 1s
 17450K .......... .......... .......... .......... .......... 67% 60.8M 1s
 17500K .......... .......... .......... .......... .......... 67% 55.3M 1s
 17550K .......... .......... .......... .......... .......... 67% 61.2M 1s
 17600K .......... .......... .......... .......... .......... 68% 63.9M 1s
 17650K .......... .......... .......... .......... .......... 68% 61.4M 1s
 17700K .......... .......... .......... .......... .......... 68%  468K 1s
 17750K .......... .......... .......... .......... .......... 68% 64.1M 1s
 17800K .......... .......... .......... .......... .......... 68% 56.0M 1s
 17850K .......... .......... .......... .......... .......... 69% 69.3M 1s
 17900K .......... .......... .......... .......... .......... 69% 50.3M 1s
 17950K .......... .......... .......... .......... .......... 69% 63.2M 1s
 18000K .......... .......... .......... .......... .......... 69% 66.8M 1s
 18050K .......... .......... .......... .......... .......... 69% 56.0M 1s
 18100K .......... .......... .......... .......... .......... 69% 70.3M 1s
 18150K .......... .......... .......... .......... .......... 70% 49.8M 1s
 18200K .......... .......... .......... .......... .......... 70% 60.9M 1s
 18250K .......... .......... .......... .......... .......... 70% 59.6M 1s
 18300K .......... .......... .......... .......... .......... 70% 60.5M 1s
 18350K .......... .......... .......... .......... .......... 70% 54.6M 1s
 18400K .......... .......... .......... .......... .......... 71% 57.4M 1s
 18450K .......... .......... .......... .......... .......... 71% 64.4M 1s
 18500K .......... .......... .......... .......... .......... 71% 59.5M 1s
 18550K .......... .......... .......... .......... .......... 71% 61.0M 1s
 18600K .......... .......... .......... .......... .......... 71% 53.9M 1s
 18650K .......... .......... .......... .......... .......... 72% 61.4M 1s
 18700K .......... .......... .......... .......... .......... 72% 57.6M 1s
 18750K .......... .......... .......... .......... .......... 72% 64.3M 1s
 18800K .......... .......... .......... .......... .......... 72% 50.0M 1s
 18850K .......... .......... .......... .......... .......... 72% 67.3M 1s
 18900K .......... .......... .......... .......... .......... 73% 52.6M 1s
 18950K .......... .......... .......... .......... .......... 73% 63.8M 1s
 19000K .......... .......... .......... .......... .......... 73% 65.0M 1s
 19050K .......... .......... .......... .......... .......... 73% 50.2M 1s
 19100K .......... .......... .......... .......... .......... 73% 60.7M 1s
 19150K .......... .......... .......... .......... .......... 74% 56.1M 1s
 19200K .......... .......... .......... .......... .......... 74% 62.9M 1s
 19250K .......... .......... .......... .......... .......... 74% 50.4M 1s
 19300K .......... .......... .......... .......... .......... 74% 62.2M 1s
 19350K .......... .......... .......... .......... .......... 74% 61.5M 1s
 19400K .......... .......... .......... .......... .......... 74% 60.2M 1s
 19450K .......... .......... .......... .......... .......... 75% 50.7M 1s
 19500K .......... .......... .......... .......... .......... 75% 61.1M 1s
 19550K .......... .......... .......... .......... .......... 75% 61.7M 1s
 19600K .......... .......... .......... .......... .......... 75% 57.4M 1s
 19650K .......... .......... .......... .......... .......... 75% 61.8M 1s
 19700K .......... .......... .......... .......... .......... 76% 53.6M 1s
 19750K .......... .......... .......... .......... .......... 76% 62.2M 1s
 19800K .......... .......... .......... .......... .......... 76% 54.3M 1s
 19850K .......... .......... .......... .......... .......... 76% 68.9M 1s
 19900K .......... .......... .......... .......... .......... 76% 49.8M 1s
 19950K .......... .......... .......... .......... .......... 77% 69.5M 1s
 20000K .......... .......... .......... .......... .......... 77% 61.6M 1s
 20050K .......... .......... .......... .......... .......... 77% 54.7M 1s
 20100K .......... .......... .......... .......... .......... 77% 69.3M 1s
 20150K .......... .......... .......... .......... .......... 77% 48.4M 1s
 20200K .......... .......... .......... .......... .......... 78% 67.2M 1s
 20250K .......... .......... .......... .......... .......... 78% 55.7M 1s
 20300K .......... .......... .......... .......... .......... 78% 59.2M 1s
 20350K .......... .......... .......... .......... .......... 78% 49.8M 1s
 20400K .......... .......... .......... .......... .......... 78% 60.4M 1s
 20450K .......... .......... .......... .......... .......... 79%  703K 1s
 20500K .......... .......... .......... .......... .......... 79% 61.0M 1s
 20550K .......... .......... .......... .......... .......... 79% 57.0M 1s
 20600K .......... .......... .......... .......... .......... 79% 67.5M 1s
 20650K .......... .......... .......... .......... .......... 79% 55.0M 1s
 20700K .......... .......... .......... .......... .......... 79% 69.4M 1s
 20750K .......... .......... .......... .......... .......... 80% 59.3M 0s
 20800K .......... .......... .......... .......... .......... 80% 63.2M 0s
 20850K .......... .......... .......... .......... .......... 80% 57.3M 0s
 20900K .......... .......... .......... .......... .......... 80% 65.8M 0s
 20950K .......... .......... .......... .......... .......... 80% 64.0M 0s
 21000K .......... .......... .......... .......... .......... 81% 64.1M 0s
 21050K .......... .......... .......... .......... .......... 81% 64.4M 0s
 21100K .......... .......... .......... .......... .......... 81% 58.2M 0s
 21150K .......... .......... .......... .......... .......... 81% 60.1M 0s
 21200K .......... .......... .......... .......... .......... 81% 63.8M 0s
 21250K .......... .......... .......... .......... .......... 82% 63.8M 0s
 21300K .......... .......... .......... .......... .......... 82% 53.6M 0s
 21350K .......... .......... .......... .......... .......... 82% 70.2M 0s
 21400K .......... .......... .......... .......... .......... 82% 57.7M 0s
 21450K .......... .......... .......... .......... .......... 82% 68.7M 0s
 21500K .......... .......... .......... .......... .......... 83% 4.42M 0s
 21550K .......... .......... .......... .......... .......... 83% 37.5M 0s
 21600K .......... .......... .......... .......... .......... 83% 65.5M 0s
 21650K .......... .......... .......... .......... .......... 83% 56.3M 0s
 21700K .......... .......... .......... .......... .......... 83% 68.1M 0s
 21750K .......... .......... .......... .......... .......... 84% 52.4M 0s
 21800K .......... .......... .......... .......... .......... 84% 65.0M 0s
 21850K .......... .......... .......... .......... .......... 84% 59.9M 0s
 21900K .......... .......... .......... .......... .......... 84% 63.2M 0s
 21950K .......... .......... .......... .......... .......... 84% 55.1M 0s
 22000K .......... .......... .......... .......... .......... 85% 64.1M 0s
 22050K .......... .......... .......... .......... .......... 85% 65.5M 0s
 22100K .......... .......... .......... .......... .......... 85% 59.3M 0s
 22150K .......... .......... .......... .......... .......... 85% 62.4M 0s
 22200K .......... .......... .......... .......... .......... 85% 56.1M 0s
 22250K .......... .......... .......... .......... .......... 85% 63.9M 0s
 22300K .......... .......... .......... .......... .......... 86% 60.0M 0s
 22350K .......... .......... .......... .......... .......... 86% 64.3M 0s
 22400K .......... .......... .......... .......... .......... 86% 51.1M 0s
 22450K .......... .......... .......... .......... .......... 86% 67.6M 0s
 22500K .......... .......... .......... .......... .......... 86% 51.0M 0s
 22550K .......... .......... .......... .......... .......... 87% 65.2M 0s
 22600K .......... .......... .......... .......... .......... 87% 66.1M 0s
 22650K .......... .......... .......... .......... .......... 87% 51.9M 0s
 22700K .......... .......... .......... .......... .......... 87% 68.4M 0s
 22750K .......... .......... .......... .......... .......... 87%  728K 0s
 22800K .......... .......... .......... .......... .......... 88% 66.7M 0s
 22850K .......... .......... .......... .......... .......... 88% 53.8M 0s
 22900K .......... .......... .......... .......... .......... 88% 63.0M 0s
 22950K .......... .......... .......... .......... .......... 88% 60.9M 0s
 23000K .......... .......... .......... .......... .......... 88% 63.7M 0s
 23050K .......... .......... .......... .......... .......... 89% 57.0M 0s
 23100K .......... .......... .......... .......... .......... 89% 62.8M 0s
 23150K .......... .......... .......... .......... .......... 89% 62.3M 0s
 23200K .......... .......... .......... .......... .......... 89% 60.6M 0s
 23250K .......... .......... .......... .......... .......... 89% 63.2M 0s
 23300K .......... .......... .......... .......... .......... 90% 56.5M 0s
 23350K .......... .......... .......... .......... .......... 90% 63.0M 0s
 23400K .......... .......... .......... .......... .......... 90% 56.5M 0s
 23450K .......... .......... .......... .......... .......... 90% 67.6M 0s
 23500K .......... .......... .......... .......... .......... 90% 48.7M 0s
 23550K .......... .......... .......... .......... .......... 90% 63.4M 0s
 23600K .......... .......... .......... .......... .......... 91% 63.7M 0s
 23650K .......... .......... .......... .......... .......... 91% 56.8M 0s
 23700K .......... .......... .......... .......... .......... 91% 67.4M 0s
 23750K .......... .......... .......... .......... .......... 91% 50.4M 0s
 23800K .......... .......... .......... .......... .......... 91% 4.65M 0s
 23850K .......... .......... .......... .......... .......... 92% 54.4M 0s
 23900K .......... .......... .......... .......... .......... 92% 60.5M 0s
 23950K .......... .......... .......... .......... .......... 92% 56.7M 0s
 24000K .......... .......... .......... .......... .......... 92% 62.2M 0s
 24050K .......... .......... .......... .......... .......... 92% 63.2M 0s
 24100K .......... .......... .......... .......... .......... 93% 64.0M 0s
 24150K .......... .......... .......... .......... .......... 93% 63.2M 0s
 24200K .......... .......... .......... .......... .......... 93% 56.0M 0s
 24250K .......... .......... .......... .......... .......... 93% 62.5M 0s
 24300K .......... .......... .......... .......... .......... 93% 62.6M 0s
 24350K .......... .......... .......... .......... .......... 94% 63.1M 0s
 24400K .......... .......... .......... .......... .......... 94% 53.3M 0s
 24450K .......... .......... .......... .......... .......... 94% 66.5M 0s
 24500K .......... .......... .......... .......... .......... 94% 56.8M 0s
 24550K .......... .......... .......... .......... .......... 94% 57.6M 0s
 24600K .......... .......... .......... .......... .......... 95% 63.7M 0s
 24650K .......... .......... .......... .......... .......... 95% 61.6M 0s
 24700K .......... .......... .......... .......... .......... 95% 55.2M 0s
 24750K .......... .......... .......... .......... .......... 95% 61.6M 0s
 24800K .......... .......... .......... .......... .......... 95% 60.6M 0s
 24850K .......... .......... .......... .......... .......... 95% 64.2M 0s
 24900K .......... .......... .......... .......... .......... 96% 52.6M 0s
 24950K .......... .......... .......... .......... .......... 96%  710K 0s
 25000K .......... .......... .......... .......... .......... 96% 57.5M 0s
 25050K .......... .......... .......... .......... .......... 96% 70.0M 0s
 25100K .......... .......... .......... .......... .......... 96% 52.3M 0s
 25150K .......... .......... .......... .......... .......... 97% 66.1M 0s
 25200K .......... .......... .......... .......... .......... 97% 68.0M 0s
 25250K .......... .......... .......... .......... .......... 97% 59.3M 0s
 25300K .......... .......... .......... .......... .......... 97% 69.9M 0s
 25350K .......... .......... .......... .......... .......... 97% 52.4M 0s
 25400K .......... .......... .......... .......... .......... 98% 66.0M 0s
 25450K .......... .......... .......... .......... .......... 98% 60.8M 0s
 25500K .......... .......... .......... .......... .......... 98% 63.2M 0s
 25550K .......... .......... .......... .......... .......... 98% 55.6M 0s
 25600K .......... .......... .......... .......... .......... 98% 56.3M 0s
 25650K .......... .......... .......... .......... .......... 99% 65.5M 0s
 25700K .......... .......... .......... .......... .......... 99% 59.9M 0s
 25750K .......... .......... .......... .......... .......... 99% 65.0M 0s
 25800K .......... .......... .......... .......... .......... 99% 56.9M 0s
 25850K .......... .......... .......... .......... .......... 99% 62.9M 0s
 25900K .......... .......... .......... ........             100% 1.05M=2.3s

2023-07-18 08:41:34 (11.1 MB/s) - 'MG5_aMC_v2.9.13.tar.gz' saved [26561088/26561088]

patching file models/loop_qcd_qed_sm/restrict_lepton_masses_no_lepton_yukawas.dat
patching file models/loop_sm/restrict_ckm_no_b_mass.dat
patching file models/sm/restrict_ckm_lepton_masses.dat
patching file models/sm/restrict_ckm_lepton_masses_no_b_mass.dat
patching file models/sm/restrict_ckm_no_b_mass.dat
patching file models/sm/restrict_lepton_masses_no_b_mass.dat
patching file Template/NLO/SubProcesses/MCmasses_PYTHIA8.inc
patching file madgraph/interface/loop_interface.py
patching file madgraph/various/systematics.py
patching file Template/NLO/Source/make_opts.inc
patching file madgraph/iolibs/export_v4.py
patching file madgraph/iolibs/template_files/pdf_opendata.f
patching file madgraph/iolibs/template_files/pdf_wrap_lhapdf.f
patching file madgraph/iolibs/template_files/pdf_wrap_lhapdf.f
patching file madgraph/interface/reweight_interface.py
patching file madgraph/interface/common_run_interface.py
patching file Template/LO/SubProcesses/refine.sh
patching file Template/LO/SubProcesses/refine_splitted.sh
patching file Template/LO/SubProcesses/survey.sh
patching file Template/NLO/SubProcesses/ajob_template
patching file Template/NLO/SubProcesses/reweight_xsec_events.local
patching file madgraph/various/misc.py
patching file madgraph/various/cluster.py
patching file madgraph/interface/amcatnlo_run_interface.py
patching file madgraph/various/cluster.py
patching file madgraph/interface/reweight_interface.py
patching file madgraph/various/cluster.py
ls: cannot access /afs/crc.nd.edu/user/h/hnelson2/genproductions/bin/MadGraph5_aMCatNLO/cards/tt_EFT/ttJets_LO_SMEFT//ttJets_LO_SMEFT*.patch: No such file or directory
************************************************************
*                                                          *
*                     W E L C O M E to                     *
*              M A D G R A P H 5 _ a M C @ N L O           *
*                                                          *
*                                                          *
*                 *                       *                *
*                   *        * *        *                  *
*                     * * * * 5 * * * *                    *
*                   *        * *        *                  *
*                 *                       *                *
*                                                          *
*         VERSION 2.9.13                2022-12-15         *
*                                                          *
*    The MadGraph5_aMC@NLO Development Team - Find us at   *
*    https://server06.fynu.ucl.ac.be/projects/madgraph     *
*                            and                           *
*            http://amcatnlo.web.cern.ch/amcatnlo/         *
*                                                          *
*               Type 'help' for in-line help.              *
*           Type 'tutorial' to learn how MG5 works         *
*    Type 'tutorial aMCatNLO' to learn how aMC@NLO works   *
*    Type 'tutorial MadLoop' to learn how MadLoop works    *
*                                                          *
************************************************************
load MG5 configuration from input/mg5_configuration.txt 
fastjet-config does not seem to correspond to a valid fastjet-config executable (v3+). We will use fjcore instead.
 Please set the 'fastjet'variable to the full (absolute) /PATH/TO/fastjet-config (including fastjet-config).
 MG5_aMC> set fastjet /PATH/TO/fastjet-config

set lhapdf to lhapdf-config
None does not seem to correspond to a valid lhapdf-config executable. 
Please set the 'lhapdf' variable to the (absolute) /PATH/TO/lhapdf-config (including lhapdf-config).
Note that you can still compile and run aMC@NLO with the built-in PDFs
 MG5_aMC> set lhapdf /PATH/TO/lhapdf-config

Using default text editor "vi". Set another one in ./input/mg5_configuration.txt
No valid eps viewer found. Please set in ./input/mg5_configuration.txt
Using default web browser "firefox". Set another one in ./input/mg5_configuration.txt
import /afs/crc.nd.edu/user/h/hnelson2/genproductions/bin/MadGraph5_aMCatNLO/ttJets_LO_SMEFT/ttJets_LO_SMEFT_gridpack/work/MG5_aMC_v2_9_13/mgconfigscript
The import format was not given, so we guess it as command
set auto_update 0
set automatic_html_opening False
This option will be the default in any output that you are going to create in this session.
In order to keep this changes permanent please run 'save options'
set auto_convert_model True
save options auto_convert_model
save configuration file to /afs/crc.nd.edu/user/h/hnelson2/genproductions/bin/MadGraph5_aMCatNLO/ttJets_LO_SMEFT/ttJets_LO_SMEFT_gridpack/work/MG5_aMC_v2_9_13/input/mg5_configuration.txt
set lhapdf_py3 /cvmfs/cms.cern.ch/slc7_amd64_gcc10/external/lhapdf/6.4.0-68defff11ffd434c73727d03802bfb85/share/LHAPDF/../../bin/lhapdf-config
set lhapdf to /cvmfs/cms.cern.ch/slc7_amd64_gcc10/external/lhapdf/6.4.0-68defff11ffd434c73727d03802bfb85/share/LHAPDF/../../bin/lhapdf-config
save options lhapdf_py3
save configuration file to /afs/crc.nd.edu/user/h/hnelson2/genproductions/bin/MadGraph5_aMCatNLO/ttJets_LO_SMEFT/ttJets_LO_SMEFT_gridpack/work/MG5_aMC_v2_9_13/input/mg5_configuration.txt
set run_mode 2
This option will be the default in any output that you are going to create in this session.
In order to keep this changes permanent please run 'save options'
save options
The option auto_update is modified [7] but will not be written in the configuration files.
If you want to make this value the default for future session, you can run 'save options --all'
save configuration file to /afs/crc.nd.edu/user/h/hnelson2/genproductions/bin/MadGraph5_aMCatNLO/ttJets_LO_SMEFT/ttJets_LO_SMEFT_gridpack/work/MG5_aMC_v2_9_13/input/mg5_configuration.txt
quit
/afs/crc.nd.edu/user/h/hnelson2/genproductions/bin/MadGraph5_aMCatNLO/ttJets_LO_SMEFT/ttJets_LO_SMEFT_gridpack/work
************************************************************
*                                                          *
*                     W E L C O M E to                     *
*              M A D G R A P H 5 _ a M C @ N L O           *
*                                                          *
*                                                          *
*                 *                       *                *
*                   *        * *        *                  *
*                     * * * * 5 * * * *                    *
*                   *        * *        *                  *
*                 *                       *                *
*                                                          *
*         VERSION 2.9.13                2022-12-15         *
*                                                          *
*    The MadGraph5_aMC@NLO Development Team - Find us at   *
*    https://server06.fynu.ucl.ac.be/projects/madgraph     *
*                            and                           *
*            http://amcatnlo.web.cern.ch/amcatnlo/         *
*                                                          *
*               Type 'help' for in-line help.              *
*           Type 'tutorial' to learn how MG5 works         *
*    Type 'tutorial aMCatNLO' to learn how aMC@NLO works   *
*    Type 'tutorial MadLoop' to learn how MadLoop works    *
*                                                          *
************************************************************
load MG5 configuration from MG5_aMC_v2_9_13/input/mg5_configuration.txt 
None does not seem to correspond to a valid fastjet-config executable (v3+). We will use fjcore instead.
 Please set the 'fastjet'variable to the full (absolute) /PATH/TO/fastjet-config (including fastjet-config).
 MG5_aMC> set fastjet /PATH/TO/fastjet-config

set lhapdf to /cvmfs/cms.cern.ch/slc7_amd64_gcc10/external/lhapdf/6.4.0-68defff11ffd434c73727d03802bfb85/share/LHAPDF/../../bin/lhapdf-config
set lhapdf to /cvmfs/cms.cern.ch/slc7_amd64_gcc10/external/lhapdf/6.4.0-68defff11ffd434c73727d03802bfb85/share/LHAPDF/../../bin/lhapdf-config
Using default text editor "vi". Set another one in ./input/mg5_configuration.txt
No valid eps viewer found. Please set in ./input/mg5_configuration.txt
Using default web browser "firefox". Set another one in ./input/mg5_configuration.txt
import /afs/crc.nd.edu/user/h/hnelson2/genproductions/bin/MadGraph5_aMCatNLO/ttJets_LO_SMEFT/ttJets_LO_SMEFT_gridpack/work/ttJets_LO_SMEFT_proc_card.dat
The import format was not given, so we guess it as command
import model SMEFTatNLO-LO
[1;60mINFO: download model from http://feynrules.irmp.ucl.ac.be/raw-attachment/wiki/SMEFTatNLO/SMEFTatNLO_v1.0.3.tar.gz to the following directory: /afs/crc.nd.edu/user/h/hnelson2/genproductions/bin/MadGraph5_aMCatNLO/ttJets_LO_SMEFT/ttJets_LO_SMEFT_gridpack/work/MG5_aMC_v2_9_13/models [0m
--2023-07-18 08:41:50--  http://feynrules.irmp.ucl.ac.be/raw-attachment/wiki/SMEFTatNLO/SMEFTatNLO_v1.0.3.tar.gz
Resolving feynrules.irmp.ucl.ac.be (feynrules.irmp.ucl.ac.be)... 130.104.48.109
Connecting to feynrules.irmp.ucl.ac.be (feynrules.irmp.ucl.ac.be)|130.104.48.109|:80... connected.
HTTP request sent, awaiting response... 200 Ok
Length: 172120 (168K) [application/x-tar]
Saving to: 'tmp.tgz'

     0K .......... .......... .......... .......... .......... 29%  194K 1s
    50K .......... .......... .......... .......... .......... 59%  368K 0s
   100K .......... .......... .......... .......... .......... 89% 70.0M 0s
   150K .......... ........                                   100% 84.4M=0.4s

2023-07-18 08:41:51 (426 KB/s) - 'tmp.tgz' saved [172120/172120]

SMEFTatNLO/
SMEFTatNLO/write_param_card.py
SMEFTatNLO/configuration.py
SMEFTatNLO/._couplings.py
SMEFTatNLO/couplings.py
SMEFTatNLO/propagators.py
SMEFTatNLO/._lorentz.py
SMEFTatNLO/lorentz.py
SMEFTatNLO/.___init__.py
SMEFTatNLO/__init__.py
SMEFTatNLO/._CT_couplings.py
SMEFTatNLO/CT_couplings.py
SMEFTatNLO/particles.py
SMEFTatNLO/object_library.py
SMEFTatNLO/restrict_default.dat
SMEFTatNLO/function_library.py
SMEFTatNLO/parameters.py
SMEFTatNLO/coupling_orders.py
SMEFTatNLO/restrict_NLO_no4q.dat
SMEFTatNLO/restrict_LO.dat
SMEFTatNLO/._CT_vertices.py
SMEFTatNLO/CT_vertices.py
SMEFTatNLO/vertices.py
SMEFTatNLO/restrict_NLO.dat
INFO: 
----------------------------------------------------------------------------------
----- SMEFT@NLO, v1.0.3 from 2021-05-13                                      -----
----- C. Degrande, G. Durieux, F. Maltoni, K. Mimasu, E. Vryonidou, C. Zhang -----
----- please refer to [arXiv:2008.11743]                                     -----
----- more information at https://feynrules.irmp.ucl.ac.be/wiki/SMEFTatNLO   -----
---------------------------------------------------------------------------------- 
INFO: load particles 
INFO: load vertices 
INFO: Restrict model SMEFTatNLO-LO with file MG5_aMC_v2_9_13/models/SMEFTatNLO/restrict_LO.dat . 
INFO: Run "set stdout_level DEBUG" before import for more information. 
INFO: Change particles name to pass to MG5 convention 
Defined multiparticle p = g u c d s u~ c~ d~ s~
Defined multiparticle j = g u c d s u~ c~ d~ s~
Defined multiparticle l+ = e+ mu+
Defined multiparticle l- = e- mu-
Defined multiparticle vl = ve vm vt
Defined multiparticle vl~ = ve~ vm~ vt~
[1;34mPass the definition of 'j' and 'p' to 5 flavour scheme.[0m
Defined multiparticle all = g ghg ghg~ u c d s b u~ c~ d~ s~ b~ a gha gha~ ve vm vt e- mu- ta- ve~ vm~ vt~ e+ mu+ ta+ t t~ z w+ ghz ghwp ghwm h w- ghz~ ghwp~ ghwm~
define p = g u c d s u~ c~ d~ s~ b b~
Defined multiparticle p = g u c d s b u~ c~ d~ s~ b~
define j = g u c d s u~ c~ d~ s~ b b~
Defined multiparticle j = g u c d s b u~ c~ d~ s~ b~
generate  p p > t  t~ NP=2 QCD=2 QED=0 @0
[1;34mInterpreting 'QCD=2' as 'QCD<=2'[0m
[1;34mInterpreting 'NP=2' as 'NP<=2'[0m
INFO: Trying process: g g > t t~ NP<=2 QCD<=2 QED=0  
INFO: Process has 9 diagrams 
INFO: Trying process: u u~ > t t~ NP<=2 QCD<=2 QED=0  
INFO: Process has 3 diagrams 
INFO: Trying process: u c~ > t t~ NP<=2 QCD<=2 QED=0  
INFO: Trying process: c u~ > t t~ NP<=2 QCD<=2 QED=0  
INFO: Trying process: c c~ > t t~ NP<=2 QCD<=2 QED=0  
INFO: Process has 3 diagrams 
INFO: Trying process: d d~ > t t~ NP<=2 QCD<=2 QED=0  
INFO: Process has 3 diagrams 
INFO: Trying process: d s~ > t t~ NP<=2 QCD<=2 QED=0  
INFO: Trying process: d b~ > t t~ NP<=2 QCD<=2 QED=0  
INFO: Trying process: s d~ > t t~ NP<=2 QCD<=2 QED=0  
INFO: Trying process: s s~ > t t~ NP<=2 QCD<=2 QED=0  
INFO: Process has 3 diagrams 
INFO: Trying process: s b~ > t t~ NP<=2 QCD<=2 QED=0  
INFO: Trying process: b d~ > t t~ NP<=2 QCD<=2 QED=0  
INFO: Trying process: b s~ > t t~ NP<=2 QCD<=2 QED=0  
INFO: Trying process: b b~ > t t~ NP<=2 QCD<=2 QED=0  
INFO: Process has 3 diagrams 
INFO: Process u~ u > t t~ added to mirror process u u~ > t t~ 
INFO: Process c~ c > t t~ added to mirror process c c~ > t t~ 
INFO: Process d~ d > t t~ added to mirror process d d~ > t t~ 
INFO: Process s~ s > t t~ added to mirror process s s~ > t t~ 
INFO: Process b~ b > t t~ added to mirror process b b~ > t t~ 
6 processes with 24 diagrams generated in 0.230 s
Total: 6 processes with 24 diagrams
add process  p p > t  t~ j NP=2 QCD=3 QED=0 @1
[1;34mInterpreting 'QCD=3' as 'QCD<=3'[0m
[1;34mInterpreting 'NP=2' as 'NP<=2'[0m
INFO: Trying process: g g > t t~ g NP<=2 QCD<=3 QED=0 @1  
INFO: Process has 59 diagrams 
INFO: Trying process: g u > t t~ u NP<=2 QCD<=3 QED=0 @1  
INFO: Process has 17 diagrams 
INFO: Trying process: g u > t t~ c NP<=2 QCD<=3 QED=0 @1  
INFO: Trying process: g c > t t~ u NP<=2 QCD<=3 QED=0 @1  
INFO: Trying process: g c > t t~ c NP<=2 QCD<=3 QED=0 @1  
INFO: Process has 17 diagrams 
INFO: Trying process: g d > t t~ d NP<=2 QCD<=3 QED=0 @1  
INFO: Process has 17 diagrams 
INFO: Trying process: g d > t t~ s NP<=2 QCD<=3 QED=0 @1  
INFO: Trying process: g d > t t~ b NP<=2 QCD<=3 QED=0 @1  
INFO: Trying process: g s > t t~ d NP<=2 QCD<=3 QED=0 @1  
INFO: Trying process: g s > t t~ s NP<=2 QCD<=3 QED=0 @1  
INFO: Process has 17 diagrams 
INFO: Trying process: g s > t t~ b NP<=2 QCD<=3 QED=0 @1  
INFO: Trying process: g b > t t~ d NP<=2 QCD<=3 QED=0 @1  
INFO: Trying process: g b > t t~ s NP<=2 QCD<=3 QED=0 @1  
INFO: Trying process: g b > t t~ b NP<=2 QCD<=3 QED=0 @1  
INFO: Process has 17 diagrams 
INFO: Crossed process found for g u~ > t t~ u~, reuse diagrams. 
INFO: Crossed process found for g c~ > t t~ c~, reuse diagrams. 
INFO: Crossed process found for g d~ > t t~ d~, reuse diagrams. 
INFO: Crossed process found for g s~ > t t~ s~, reuse diagrams. 
INFO: Crossed process found for g b~ > t t~ b~, reuse diagrams. 
INFO: Process u g > t t~ u added to mirror process g u > t t~ u 
INFO: Crossed process found for u u~ > t t~ g, reuse diagrams. 
INFO: Process c g > t t~ c added to mirror process g c > t t~ c 
INFO: Crossed process found for c c~ > t t~ g, reuse diagrams. 
INFO: Process d g > t t~ d added to mirror process g d > t t~ d 
INFO: Crossed process found for d d~ > t t~ g, reuse diagrams. 
INFO: Process s g > t t~ s added to mirror process g s > t t~ s 
INFO: Crossed process found for s s~ > t t~ g, reuse diagrams. 
INFO: Process b g > t t~ b added to mirror process g b > t t~ b 
INFO: Crossed process found for b b~ > t t~ g, reuse diagrams. 
INFO: Process u~ g > t t~ u~ added to mirror process g u~ > t t~ u~ 
INFO: Process u~ u > t t~ g added to mirror process u u~ > t t~ g 
INFO: Process c~ g > t t~ c~ added to mirror process g c~ > t t~ c~ 
INFO: Process c~ c > t t~ g added to mirror process c c~ > t t~ g 
INFO: Process d~ g > t t~ d~ added to mirror process g d~ > t t~ d~ 
INFO: Process d~ d > t t~ g added to mirror process d d~ > t t~ g 
INFO: Process s~ g > t t~ s~ added to mirror process g s~ > t t~ s~ 
INFO: Process s~ s > t t~ g added to mirror process s s~ > t t~ g 
INFO: Process b~ g > t t~ b~ added to mirror process g b~ > t t~ b~ 
INFO: Process b~ b > t t~ g added to mirror process b b~ > t t~ g 
16 processes with 314 diagrams generated in 0.853 s
Total: 22 processes with 338 diagrams
output ttJets_LO_SMEFT -f -nojpeg
[1;34mPlugin PLUGIN.CMS_CLUSTER has marked as NOT being validated with this version. 
It has been validated for the last time with version: 2.6.0[0m
INFO: initialize a new directory: ttJets_LO_SMEFT 
INFO: remove old information in ttJets_LO_SMEFT 
INFO: Organizing processes into subprocess groups 
INFO: Generating Helas calls for process: g g > t t~ g NP<=2 QCD<=3 QED=0 @1 
INFO: Processing color information for process: g g > t t~ g NP<=2 QCD<=3 QED=0 @1 
INFO: Generating Helas calls for process: g u > t t~ u NP<=2 QCD<=3 QED=0 @1 
INFO: Processing color information for process: g u > t t~ u NP<=2 QCD<=3 QED=0 @1 
INFO: Generating Helas calls for process: g c > t t~ c NP<=2 QCD<=3 QED=0 @1 
INFO: Reusing existing color information for process: g c > t t~ c NP<=2 QCD<=3 QED=0 @1 
INFO: Generating Helas calls for process: g d > t t~ d NP<=2 QCD<=3 QED=0 @1 
INFO: Reusing existing color information for process: g d > t t~ d NP<=2 QCD<=3 QED=0 @1 
INFO: Combined process g s > t t~ s NP<=2 QCD<=3 QED=0 @1 with process g d > t t~ d NP<=2 QCD<=3 QED=0 @1 
INFO: Generating Helas calls for process: g b > t t~ b NP<=2 QCD<=3 QED=0 @1 
INFO: Processing color information for process: g b > t t~ b NP<=2 QCD<=3 QED=0 @1 
INFO: Generating Helas calls for process: g u~ > t t~ u~ NP<=2 QCD<=3 QED=0 @1 
INFO: Processing color information for process: g u~ > t t~ u~ NP<=2 QCD<=3 QED=0 @1 
INFO: Generating Helas calls for process: g c~ > t t~ c~ NP<=2 QCD<=3 QED=0 @1 
INFO: Reusing existing color information for process: g c~ > t t~ c~ NP<=2 QCD<=3 QED=0 @1 
INFO: Generating Helas calls for process: g d~ > t t~ d~ NP<=2 QCD<=3 QED=0 @1 
INFO: Reusing existing color information for process: g d~ > t t~ d~ NP<=2 QCD<=3 QED=0 @1 
INFO: Combined process g s~ > t t~ s~ NP<=2 QCD<=3 QED=0 @1 with process g d~ > t t~ d~ NP<=2 QCD<=3 QED=0 @1 
INFO: Generating Helas calls for process: g b~ > t t~ b~ NP<=2 QCD<=3 QED=0 @1 
INFO: Processing color information for process: g b~ > t t~ b~ NP<=2 QCD<=3 QED=0 @1 
INFO: Generating Helas calls for process: u u~ > t t~ g NP<=2 QCD<=3 QED=0 @1 
INFO: Processing color information for process: u u~ > t t~ g NP<=2 QCD<=3 QED=0 @1 
INFO: Generating Helas calls for process: c c~ > t t~ g NP<=2 QCD<=3 QED=0 @1 
INFO: Reusing existing color information for process: c c~ > t t~ g NP<=2 QCD<=3 QED=0 @1 
INFO: Generating Helas calls for process: d d~ > t t~ g NP<=2 QCD<=3 QED=0 @1 
INFO: Reusing existing color information for process: d d~ > t t~ g NP<=2 QCD<=3 QED=0 @1 
INFO: Combined process s s~ > t t~ g NP<=2 QCD<=3 QED=0 @1 with process d d~ > t t~ g NP<=2 QCD<=3 QED=0 @1 
INFO: Generating Helas calls for process: b b~ > t t~ g NP<=2 QCD<=3 QED=0 @1 
INFO: Processing color information for process: b b~ > t t~ g NP<=2 QCD<=3 QED=0 @1 
INFO: Generating Helas calls for process: g g > t t~ NP<=2 QCD<=2 QED=0 
INFO: Processing color information for process: g g > t t~ NP<=2 QCD<=2 QED=0 
INFO: Generating Helas calls for process: u u~ > t t~ NP<=2 QCD<=2 QED=0 
INFO: Processing color information for process: u u~ > t t~ NP<=2 QCD<=2 QED=0 
INFO: Generating Helas calls for process: c c~ > t t~ NP<=2 QCD<=2 QED=0 
INFO: Reusing existing color information for process: c c~ > t t~ NP<=2 QCD<=2 QED=0 
INFO: Generating Helas calls for process: d d~ > t t~ NP<=2 QCD<=2 QED=0 
INFO: Reusing existing color information for process: d d~ > t t~ NP<=2 QCD<=2 QED=0 
INFO: Combined process s s~ > t t~ NP<=2 QCD<=2 QED=0 with process d d~ > t t~ NP<=2 QCD<=2 QED=0 
INFO: Generating Helas calls for process: b b~ > t t~ NP<=2 QCD<=2 QED=0 
INFO: Processing color information for process: b b~ > t t~ NP<=2 QCD<=2 QED=0 
INFO: Creating files in directory P1_gg_ttxg 
[1mINFO: Some T-channel width have been set to zero [new since 2.8.0]
 if you want to keep this width please set "zerowidth_tchannel" to False [0m
INFO: Generating Feynman diagrams for Process: g g > t t~ g NP<=2 QCD<=3 QED=0 @1 
INFO: Finding symmetric diagrams for subprocess group gg_ttxg 
INFO: Creating files in directory P1_gq_ttxq 
INFO: Generating Feynman diagrams for Process: g u > t t~ u NP<=2 QCD<=3 QED=0 @1 
INFO: Generating Feynman diagrams for Process: g c > t t~ c NP<=2 QCD<=3 QED=0 @1 
INFO: Generating Feynman diagrams for Process: g d > t t~ d NP<=2 QCD<=3 QED=0 @1 
INFO: Generating Feynman diagrams for Process: g b > t t~ b NP<=2 QCD<=3 QED=0 @1 
INFO: Generating Feynman diagrams for Process: g u~ > t t~ u~ NP<=2 QCD<=3 QED=0 @1 
INFO: Generating Feynman diagrams for Process: g c~ > t t~ c~ NP<=2 QCD<=3 QED=0 @1 
INFO: Generating Feynman diagrams for Process: g d~ > t t~ d~ NP<=2 QCD<=3 QED=0 @1 
INFO: Generating Feynman diagrams for Process: g b~ > t t~ b~ NP<=2 QCD<=3 QED=0 @1 
INFO: Finding symmetric diagrams for subprocess group gq_ttxq 
INFO: Creating files in directory P1_qq_ttxg 
INFO: Generating Feynman diagrams for Process: u u~ > t t~ g NP<=2 QCD<=3 QED=0 @1 
INFO: Generating Feynman diagrams for Process: c c~ > t t~ g NP<=2 QCD<=3 QED=0 @1 
INFO: Generating Feynman diagrams for Process: d d~ > t t~ g NP<=2 QCD<=3 QED=0 @1 
INFO: Generating Feynman diagrams for Process: b b~ > t t~ g NP<=2 QCD<=3 QED=0 @1 
INFO: Finding symmetric diagrams for subprocess group qq_ttxg 
INFO: Creating files in directory P0_gg_ttx 
INFO: Generating Feynman diagrams for Process: g g > t t~ NP<=2 QCD<=2 QED=0 
INFO: Finding symmetric diagrams for subprocess group gg_ttx 
INFO: Creating files in directory P0_qq_ttx 
INFO: Generating Feynman diagrams for Process: u u~ > t t~ NP<=2 QCD<=2 QED=0 
INFO: Generating Feynman diagrams for Process: c c~ > t t~ NP<=2 QCD<=2 QED=0 
INFO: Generating Feynman diagrams for Process: d d~ > t t~ NP<=2 QCD<=2 QED=0 
INFO: Generating Feynman diagrams for Process: b b~ > t t~ NP<=2 QCD<=2 QED=0 
INFO: Finding symmetric diagrams for subprocess group qq_ttx 
Generated helas calls for 18 subprocesses (284 diagrams) in 1.340 s
Wrote files for 592 helas calls in 3.147 s
ALOHA: aloha creates FFFF25 routines
ALOHA: aloha creates FFFF26 routines
ALOHA: aloha creates FFFF27 routines
ALOHA: aloha creates FFFF18 routines
ALOHA: aloha creates FFFF24 routines
ALOHA: aloha creates FFFF28 routines
ALOHA: aloha creates FFFF29 routines
ALOHA: aloha creates FFV57 routines
ALOHA: aloha creates FFV87 routines
ALOHA: aloha creates FFVV186 routines
ALOHA: aloha creates FFV110 routines
ALOHA: aloha creates VVVV19 set of routines with options: P0
ALOHA: aloha creates VVV8 routines
ALOHA: aloha creates VVVV20 set of routines with options: P0
ALOHA: aloha creates FFFF17 routines
save configuration file to /afs/crc.nd.edu/user/h/hnelson2/genproductions/bin/MadGraph5_aMCatNLO/ttJets_LO_SMEFT/ttJets_LO_SMEFT_gridpack/work/ttJets_LO_SMEFT/Cards/me5_configuration.txt
INFO: Use Fortran compiler gfortran 
INFO: Use c++ compiler g++ 
INFO: Generate web pages 
Output to directory /afs/crc.nd.edu/user/h/hnelson2/genproductions/bin/MadGraph5_aMCatNLO/ttJets_LO_SMEFT/ttJets_LO_SMEFT_gridpack/work/ttJets_LO_SMEFT done.
Type "launch" to generate events from this process, or see
/afs/crc.nd.edu/user/h/hnelson2/genproductions/bin/MadGraph5_aMCatNLO/ttJets_LO_SMEFT/ttJets_LO_SMEFT_gridpack/work/ttJets_LO_SMEFT/README
Run "open index.html" to see more information about this process.
display multiparticles
Multiparticle labels:
p = g u c d s b u~ c~ d~ s~ b~
j = g u c d s b u~ c~ d~ s~ b~
l+ = e+ mu+
l- = e- mu-
vl = ve vm vt
vl~ = ve~ vm~ vt~
all = g ghg ghg~ u c d s b u~ c~ d~ s~ b~ a gha gha~ ve vm vt e- mu- ta- ve~ vm~ vt~ e+ mu+ ta+ t t~ z w+ ghz ghwp ghwm h w- ghz~ ghwp~ ghwm~
quit
Checking if MG5 is up-to-date... (takes up to 5s)
New Version of MG5 available! Do you want to update your current version? [[4mn[0m, y][60s to answer] 
>[1;31mCommand "quit" interrupted with error:
OSError : [Errno 9] Bad file descriptor
Please report this bug on https://bugs.launchpad.net/mg5amcnlo
More information is found in 'MG5_debug'.
Please attach this file to your report.[0m
Checking if MG5 is up-to-date... (takes up to 5s)
New Version of MG5 available! Do you want to update your current version? [[4mn[0m, y][60s to answer] 
>Traceback (most recent call last):
  File "/afs/crc.nd.edu/user/h/hnelson2/genproductions/bin/MadGraph5_aMCatNLO/ttJets_LO_SMEFT/ttJets_LO_SMEFT_gridpack/work/MG5_aMC_v2_9_13/madgraph/interface/extended_cmd.py", line 1541, in onecmd
    return self.onecmd_orig(line, **opt)
  File "/afs/crc.nd.edu/user/h/hnelson2/genproductions/bin/MadGraph5_aMCatNLO/ttJets_LO_SMEFT/ttJets_LO_SMEFT_gridpack/work/MG5_aMC_v2_9_13/madgraph/interface/extended_cmd.py", line 1490, in onecmd_orig
    return func(arg, **opt)
  File "/afs/crc.nd.edu/user/h/hnelson2/genproductions/bin/MadGraph5_aMCatNLO/ttJets_LO_SMEFT/ttJets_LO_SMEFT_gridpack/work/MG5_aMC_v2_9_13/madgraph/interface/master_interface.py", line 523, in do_quit
    return self.cmd.do_quit(self, *args, **opts)
  File "/afs/crc.nd.edu/user/h/hnelson2/genproductions/bin/MadGraph5_aMCatNLO/ttJets_LO_SMEFT/ttJets_LO_SMEFT_gridpack/work/MG5_aMC_v2_9_13/madgraph/interface/madgraph_interface.py", line 3081, in do_quit
    self.do_install('update --mode=mg5_end')
  File "/afs/crc.nd.edu/user/h/hnelson2/genproductions/bin/MadGraph5_aMCatNLO/ttJets_LO_SMEFT/ttJets_LO_SMEFT_gridpack/work/MG5_aMC_v2_9_13/madgraph/interface/master_interface.py", line 490, in do_install
    self.cmd.do_install(self, *args, **opts)
  File "/afs/crc.nd.edu/user/h/hnelson2/genproductions/bin/MadGraph5_aMCatNLO/ttJets_LO_SMEFT/ttJets_LO_SMEFT_gridpack/work/MG5_aMC_v2_9_13/madgraph/interface/madgraph_interface.py", line 6195, in do_install
    self.install_update(['update']+install_options['update_options'],wget=program)
  File "/afs/crc.nd.edu/user/h/hnelson2/genproductions/bin/MadGraph5_aMCatNLO/ttJets_LO_SMEFT/ttJets_LO_SMEFT_gridpack/work/MG5_aMC_v2_9_13/madgraph/interface/madgraph_interface.py", line 6945, in install_update
    answer = self.ask('New Version of MG5 available! Do you want to update your current version?',
  File "/afs/crc.nd.edu/user/h/hnelson2/genproductions/bin/MadGraph5_aMCatNLO/ttJets_LO_SMEFT/ttJets_LO_SMEFT_gridpack/work/MG5_aMC_v2_9_13/madgraph/interface/extended_cmd.py", line 1149, in ask
    value =   Cmd.timed_input(question, default, timeout=timeout,
  File "/afs/crc.nd.edu/user/h/hnelson2/genproductions/bin/MadGraph5_aMCatNLO/ttJets_LO_SMEFT/ttJets_LO_SMEFT_gridpack/work/MG5_aMC_v2_9_13/madgraph/interface/extended_cmd.py", line 1757, in timed_input
    result = fct(question)
  File "/afs/crc.nd.edu/user/h/hnelson2/genproductions/bin/MadGraph5_aMCatNLO/ttJets_LO_SMEFT/ttJets_LO_SMEFT_gridpack/work/MG5_aMC_v2_9_13/madgraph/interface/extended_cmd.py", line 2120, in __call__
    return self.cmdloop()
  File "/afs/crc.nd.edu/user/h/hnelson2/genproductions/bin/MadGraph5_aMCatNLO/ttJets_LO_SMEFT/ttJets_LO_SMEFT_gridpack/work/MG5_aMC_v2_9_13/madgraph/interface/extended_cmd.py", line 2288, in cmdloop
    super(SmartQuestion,self).cmdloop(intro)
  File "/afs/crc.nd.edu/user/h/hnelson2/genproductions/bin/MadGraph5_aMCatNLO/ttJets_LO_SMEFT/ttJets_LO_SMEFT_gridpack/work/MG5_aMC_v2_9_13/madgraph/interface/extended_cmd.py", line 166, in cmdloop
    line = input(self.prompt)
OSError: [Errno 9] Bad file descriptor

During handling of the above exception, another exception occurred:

Traceback (most recent call last):
  File "/afs/crc.nd.edu/user/h/hnelson2/genproductions/bin/MadGraph5_aMCatNLO/ttJets_LO_SMEFT/ttJets_LO_SMEFT_gridpack/work/./MG5_aMC_v2_9_13/bin/mg5_aMC", line 202, in <module>
    cmd_line.run_cmd('quit')
  File "/afs/crc.nd.edu/user/h/hnelson2/genproductions/bin/MadGraph5_aMCatNLO/ttJets_LO_SMEFT/ttJets_LO_SMEFT_gridpack/work/MG5_aMC_v2_9_13/madgraph/interface/extended_cmd.py", line 1579, in run_cmd
    return self.exec_cmd(line, errorhandling=True, precmd=True)
  File "/afs/crc.nd.edu/user/h/hnelson2/genproductions/bin/MadGraph5_aMCatNLO/ttJets_LO_SMEFT/ttJets_LO_SMEFT_gridpack/work/MG5_aMC_v2_9_13/madgraph/interface/extended_cmd.py", line 1568, in exec_cmd
    stop = current_interface.onecmd(line, **opt)
  File "/afs/crc.nd.edu/user/h/hnelson2/genproductions/bin/MadGraph5_aMCatNLO/ttJets_LO_SMEFT/ttJets_LO_SMEFT_gridpack/work/MG5_aMC_v2_9_13/madgraph/interface/extended_cmd.py", line 1543, in onecmd
    return self.error_handling(error, line)
  File "/afs/crc.nd.edu/user/h/hnelson2/genproductions/bin/MadGraph5_aMCatNLO/ttJets_LO_SMEFT/ttJets_LO_SMEFT_gridpack/work/MG5_aMC_v2_9_13/madgraph/interface/extended_cmd.py", line 1532, in error_handling
    self.do_quit('all')
  File "/afs/crc.nd.edu/user/h/hnelson2/genproductions/bin/MadGraph5_aMCatNLO/ttJets_LO_SMEFT/ttJets_LO_SMEFT_gridpack/work/MG5_aMC_v2_9_13/madgraph/interface/master_interface.py", line 523, in do_quit
    return self.cmd.do_quit(self, *args, **opts)
  File "/afs/crc.nd.edu/user/h/hnelson2/genproductions/bin/MadGraph5_aMCatNLO/ttJets_LO_SMEFT/ttJets_LO_SMEFT_gridpack/work/MG5_aMC_v2_9_13/madgraph/interface/madgraph_interface.py", line 3081, in do_quit
    self.do_install('update --mode=mg5_end')
  File "/afs/crc.nd.edu/user/h/hnelson2/genproductions/bin/MadGraph5_aMCatNLO/ttJets_LO_SMEFT/ttJets_LO_SMEFT_gridpack/work/MG5_aMC_v2_9_13/madgraph/interface/master_interface.py", line 490, in do_install
    self.cmd.do_install(self, *args, **opts)
  File "/afs/crc.nd.edu/user/h/hnelson2/genproductions/bin/MadGraph5_aMCatNLO/ttJets_LO_SMEFT/ttJets_LO_SMEFT_gridpack/work/MG5_aMC_v2_9_13/madgraph/interface/madgraph_interface.py", line 6195, in do_install
    self.install_update(['update']+install_options['update_options'],wget=program)
  File "/afs/crc.nd.edu/user/h/hnelson2/genproductions/bin/MadGraph5_aMCatNLO/ttJets_LO_SMEFT/ttJets_LO_SMEFT_gridpack/work/MG5_aMC_v2_9_13/madgraph/interface/madgraph_interface.py", line 6945, in install_update
    answer = self.ask('New Version of MG5 available! Do you want to update your current version?',
  File "/afs/crc.nd.edu/user/h/hnelson2/genproductions/bin/MadGraph5_aMCatNLO/ttJets_LO_SMEFT/ttJets_LO_SMEFT_gridpack/work/MG5_aMC_v2_9_13/madgraph/interface/extended_cmd.py", line 1149, in ask
    value =   Cmd.timed_input(question, default, timeout=timeout,
  File "/afs/crc.nd.edu/user/h/hnelson2/genproductions/bin/MadGraph5_aMCatNLO/ttJets_LO_SMEFT/ttJets_LO_SMEFT_gridpack/work/MG5_aMC_v2_9_13/madgraph/interface/extended_cmd.py", line 1757, in timed_input
    result = fct(question)
  File "/afs/crc.nd.edu/user/h/hnelson2/genproductions/bin/MadGraph5_aMCatNLO/ttJets_LO_SMEFT/ttJets_LO_SMEFT_gridpack/work/MG5_aMC_v2_9_13/madgraph/interface/extended_cmd.py", line 2120, in __call__
    return self.cmdloop()
  File "/afs/crc.nd.edu/user/h/hnelson2/genproductions/bin/MadGraph5_aMCatNLO/ttJets_LO_SMEFT/ttJets_LO_SMEFT_gridpack/work/MG5_aMC_v2_9_13/madgraph/interface/extended_cmd.py", line 2288, in cmdloop
    super(SmartQuestion,self).cmdloop(intro)
  File "/afs/crc.nd.edu/user/h/hnelson2/genproductions/bin/MadGraph5_aMCatNLO/ttJets_LO_SMEFT/ttJets_LO_SMEFT_gridpack/work/MG5_aMC_v2_9_13/madgraph/interface/extended_cmd.py", line 166, in cmdloop
    line = input(self.prompt)
OSError: [Errno 9] Bad file descriptor
copying generated process to working directory
INFO: Using default PDF sets for run3 production
copying custom reweight file
starting LO mode
************************************************************
*                                                          *
*                      W E L C O M E to                    *
*             M A D G R A P H 5 _ a M C @ N L O            *
*                      M A D E V E N T                     *
*                                                          *
*                 *                       *                *
*                   *        * *        *                  *
*                     * * * * 5 * * * *                    *
*                   *        * *        *                  *
*                 *                       *                *
*                                                          *
*         VERSION 2.9.13                20xx-xx-xx         *
*                                                          *
*    The MadGraph5_aMC@NLO Development Team - Find us at   *
*    https://server06.fynu.ucl.ac.be/projects/madgraph     *
*                                                          *
*               Type 'help' for in-line help.              *
*                                                          *
************************************************************
INFO: load configuration from /afs/crc.nd.edu/user/h/hnelson2/genproductions/bin/MadGraph5_aMCatNLO/ttJets_LO_SMEFT/ttJets_LO_SMEFT_gridpack/work/processtmp/Cards/me5_configuration.txt  
INFO: load configuration from /afs/crc.nd.edu/user/h/hnelson2/genproductions/bin/MadGraph5_aMCatNLO/ttJets_LO_SMEFT/ttJets_LO_SMEFT_gridpack/work/MG5_aMC_v2_9_13/input/mg5_configuration.txt  
INFO: load configuration from /afs/crc.nd.edu/user/h/hnelson2/genproductions/bin/MadGraph5_aMCatNLO/ttJets_LO_SMEFT/ttJets_LO_SMEFT_gridpack/work/processtmp/Cards/me5_configuration.txt  
Using default text editor "vi". Set another one in ./input/mg5_configuration.txt
No valid eps viewer found. Please set in ./input/mg5_configuration.txt
Using default web browser "firefox". Set another one in ./input/mg5_configuration.txt
generate_events pilotrun
stty: standard input: Inappropriate ioctl for device
The following switches determine which programs are run:
/===========================================================================\
| 1. Choose the shower/hadronization program   [1m  shower[0m = [01mNot Avail.[0m        |
| 2. Choose the detector simulation program    [1mdetector[0m = [01mNot Avail.[0m        |
| 3. Choose an analysis package (plot/convert) [1manalysis[0m = [01mNot Avail.[0m        |
| 4. Decay onshell particles                   [1m madspin[0m = [31mOFF[0m               |
| 5. Add weights to events for new hypp.       [1mreweight[0m = [01mNot Avail.[0m        |
\===========================================================================/
Either type the switch number (1 to 5) to change its setting,
Set any switch explicitly (e.g. type 'madspin=ON' at the prompt)
Type 'help' for the list of all valid option
Type '0', 'auto', 'done' or just press enter when you are done.[60s to answer] 
>stty: standard input: Inappropriate ioctl for device
[1;34mrun_card missed argument pt_min_pdg. Takes default: {}[0m
[1;34mrun_card missed argument pt_max_pdg. Takes default: {}[0m
[1;34mrun_card missed argument eta_min_pdg. Takes default: {}[0m
[1;34mrun_card missed argument eta_max_pdg. Takes default: {}[0m
[1;34mrun_card missed argument mxx_min_pdg. Takes default: {}[0m
[1;34mrun_card missed argument mxx_only_part_antipart. Takes default: {'default': False}[0m
Do you want to edit a card (press enter to bypass editing)?
/------------------------------------------------------------\
|  [31m1[0m. param : [32mparam_card.dat[0m                                 |
|  [31m2[0m. run   : [32mrun_card.dat[0m                                   |
\------------------------------------------------------------/
 you can also
   - enter the path to a valid card or banner.
   - use the 'set' command to modify a parameter directly.
     The set option works only for param_card and run_card.
     Type 'help set' for more information on this command.
   - call an external program (ASperGE/MadWidth/...).
     Type 'help' for the list of available command
 [[4m0[0m, done, 1, param, 2, run, enter path][90s to answer] 
>[1mINFO: modify parameter gridpack of the run_card.dat to True [0m
Do you want to edit a card (press enter to bypass editing)?
/------------------------------------------------------------\
|  [31m1[0m. param : [32mparam_card.dat[0m                                 |
|  [31m2[0m. run   : [32mrun_card.dat[0m                                   |
\------------------------------------------------------------/
 you can also
   - enter the path to a valid card or banner.
   - use the 'set' command to modify a parameter directly.
     The set option works only for param_card and run_card.
     Type 'help set' for more information on this command.
   - call an external program (ASperGE/MadWidth/...).
     Type 'help' for the list of available command
 [[4m0[0m, done, 1, param, 2, run, enter path] 
>[1mINFO: modify param_card information BLOCK mass with id (6,) set to 172.5 [0m
Do you want to edit a card (press enter to bypass editing)?
/------------------------------------------------------------\
|  [31m1[0m. param : [32mparam_card.dat[0m                                 |
|  [31m2[0m. run   : [32mrun_card.dat[0m                                   |
\------------------------------------------------------------/
 you can also
   - enter the path to a valid card or banner.
   - use the 'set' command to modify a parameter directly.
     The set option works only for param_card and run_card.
     Type 'help set' for more information on this command.
   - call an external program (ASperGE/MadWidth/...).
     Type 'help' for the list of available command
 [[4m0[0m, done, 1, param, 2, run, enter path] 
>[1mINFO: modify param_card information BLOCK yukawa with id (6,) set to 172.5 [0m
Do you want to edit a card (press enter to bypass editing)?
/------------------------------------------------------------\
|  [31m1[0m. param : [32mparam_card.dat[0m                                 |
|  [31m2[0m. run   : [32mrun_card.dat[0m                                   |
\------------------------------------------------------------/
 you can also
   - enter the path to a valid card or banner.
   - use the 'set' command to modify a parameter directly.
     The set option works only for param_card and run_card.
     Type 'help set' for more information on this command.
   - call an external program (ASperGE/MadWidth/...).
     Type 'help' for the list of available command
 [[4m0[0m, done, 1, param, 2, run, enter path] 
>[1;34mWARNING: Note that this parameter seems to be ignore by MG.
MG will use instead the expression: : 0.0
You need to match this expression for external program (such pythia). [0m
[1mINFO: modify param_card information BLOCK mass with id (5,) set to 0.0 [0m
Do you want to edit a card (press enter to bypass editing)?
/------------------------------------------------------------\
|  [31m1[0m. param : [32mparam_card.dat[0m                                 |
|  [31m2[0m. run   : [32mrun_card.dat[0m                                   |
\------------------------------------------------------------/
 you can also
   - enter the path to a valid card or banner.
   - use the 'set' command to modify a parameter directly.
     The set option works only for param_card and run_card.
     Type 'help set' for more information on this command.
   - call an external program (ASperGE/MadWidth/...).
     Type 'help' for the list of available command
 [[4m0[0m, done, 1, param, 2, run, enter path] 
>[1;34mWARNING: invalid set command param_card yukawa 5  0.0 [0m
Do you want to edit a card (press enter to bypass editing)?
/------------------------------------------------------------\
|  [31m1[0m. param : [32mparam_card.dat[0m                                 |
|  [31m2[0m. run   : [32mrun_card.dat[0m                                   |
\------------------------------------------------------------/
 you can also
   - enter the path to a valid card or banner.
   - use the 'set' command to modify a parameter directly.
     The set option works only for param_card and run_card.
     Type 'help set' for more information on this command.
   - call an external program (ASperGE/MadWidth/...).
     Type 'help' for the list of available command
 [[4m0[0m, done, 1, param, 2, run, enter path] 
>[1mINFO: modify param_card information BLOCK mass with id (25,) set to 125.0 [0m
Do you want to edit a card (press enter to bypass editing)?
/------------------------------------------------------------\
|  [31m1[0m. param : [32mparam_card.dat[0m                                 |
|  [31m2[0m. run   : [32mrun_card.dat[0m                                   |
\------------------------------------------------------------/
 you can also
   - enter the path to a valid card or banner.
   - use the 'set' command to modify a parameter directly.
     The set option works only for param_card and run_card.
     Type 'help set' for more information on this command.
   - call an external program (ASperGE/MadWidth/...).
     Type 'help' for the list of available command
 [[4m0[0m, done, 1, param, 2, run, enter path] 
>[1mINFO: modify param_card information BLOCK dim62f with id (24,) set to 0.7 [0m
Do you want to edit a card (press enter to bypass editing)?
/------------------------------------------------------------\
|  [31m1[0m. param : [32mparam_card.dat[0m                                 |
|  [31m2[0m. run   : [32mrun_card.dat[0m                                   |
\------------------------------------------------------------/
 you can also
   - enter the path to a valid card or banner.
   - use the 'set' command to modify a parameter directly.
     The set option works only for param_card and run_card.
     Type 'help set' for more information on this command.
   - call an external program (ASperGE/MadWidth/...).
     Type 'help' for the list of available command
 [[4m0[0m, done, 1, param, 2, run, enter path] 
>[1mINFO: modify param_card information BLOCK dim64f with id (1,) set to 9.0 [0m
Do you want to edit a card (press enter to bypass editing)?
/------------------------------------------------------------\
|  [31m1[0m. param : [32mparam_card.dat[0m                                 |
|  [31m2[0m. run   : [32mrun_card.dat[0m                                   |
\------------------------------------------------------------/
 you can also
   - enter the path to a valid card or banner.
   - use the 'set' command to modify a parameter directly.
     The set option works only for param_card and run_card.
     Type 'help set' for more information on this command.
   - call an external program (ASperGE/MadWidth/...).
     Type 'help' for the list of available command
 [[4m0[0m, done, 1, param, 2, run, enter path] 
>[1mINFO: modify param_card information BLOCK dim64f with id (2,) set to 7.0 [0m
Do you want to edit a card (press enter to bypass editing)?
/------------------------------------------------------------\
|  [31m1[0m. param : [32mparam_card.dat[0m                                 |
|  [31m2[0m. run   : [32mrun_card.dat[0m                                   |
\------------------------------------------------------------/
 you can also
   - enter the path to a valid card or banner.
   - use the 'set' command to modify a parameter directly.
     The set option works only for param_card and run_card.
     Type 'help set' for more information on this command.
   - call an external program (ASperGE/MadWidth/...).
     Type 'help' for the list of available command
 [[4m0[0m, done, 1, param, 2, run, enter path] 
>[1mINFO: modify param_card information BLOCK dim64f with id (3,) set to 9.5 [0m
Do you want to edit a card (press enter to bypass editing)?
/------------------------------------------------------------\
|  [31m1[0m. param : [32mparam_card.dat[0m                                 |
|  [31m2[0m. run   : [32mrun_card.dat[0m                                   |
\------------------------------------------------------------/
 you can also
   - enter the path to a valid card or banner.
   - use the 'set' command to modify a parameter directly.
     The set option works only for param_card and run_card.
     Type 'help set' for more information on this command.
   - call an external program (ASperGE/MadWidth/...).
     Type 'help' for the list of available command
 [[4m0[0m, done, 1, param, 2, run, enter path] 
>[1mINFO: modify param_card information BLOCK dim64f with id (6,) set to 12.0 [0m
Do you want to edit a card (press enter to bypass editing)?
/------------------------------------------------------------\
|  [31m1[0m. param : [32mparam_card.dat[0m                                 |
|  [31m2[0m. run   : [32mrun_card.dat[0m                                   |
\------------------------------------------------------------/
 you can also
   - enter the path to a valid card or banner.
   - use the 'set' command to modify a parameter directly.
     The set option works only for param_card and run_card.
     Type 'help set' for more information on this command.
   - call an external program (ASperGE/MadWidth/...).
     Type 'help' for the list of available command
 [[4m0[0m, done, 1, param, 2, run, enter path] 
>[1mINFO: modify param_card information BLOCK dim64f with id (4,) set to 7.0 [0m
Do you want to edit a card (press enter to bypass editing)?
/------------------------------------------------------------\
|  [31m1[0m. param : [32mparam_card.dat[0m                                 |
|  [31m2[0m. run   : [32mrun_card.dat[0m                                   |
\------------------------------------------------------------/
 you can also
   - enter the path to a valid card or banner.
   - use the 'set' command to modify a parameter directly.
     The set option works only for param_card and run_card.
     Type 'help set' for more information on this command.
   - call an external program (ASperGE/MadWidth/...).
     Type 'help' for the list of available command
 [[4m0[0m, done, 1, param, 2, run, enter path] 
>[1mINFO: modify param_card information BLOCK dim64f with id (7,) set to 9.0 [0m
Do you want to edit a card (press enter to bypass editing)?
/------------------------------------------------------------\
|  [31m1[0m. param : [32mparam_card.dat[0m                                 |
|  [31m2[0m. run   : [32mrun_card.dat[0m                                   |
\------------------------------------------------------------/
 you can also
   - enter the path to a valid card or banner.
   - use the 'set' command to modify a parameter directly.
     The set option works only for param_card and run_card.
     Type 'help set' for more information on this command.
   - call an external program (ASperGE/MadWidth/...).
     Type 'help' for the list of available command
 [[4m0[0m, done, 1, param, 2, run, enter path] 
>[1mINFO: modify param_card information BLOCK dim64f with id (8,) set to 12.4 [0m
Do you want to edit a card (press enter to bypass editing)?
/------------------------------------------------------------\
|  [31m1[0m. param : [32mparam_card.dat[0m                                 |
|  [31m2[0m. run   : [32mrun_card.dat[0m                                   |
\------------------------------------------------------------/
 you can also
   - enter the path to a valid card or banner.
   - use the 'set' command to modify a parameter directly.
     The set option works only for param_card and run_card.
     Type 'help set' for more information on this command.
   - call an external program (ASperGE/MadWidth/...).
     Type 'help' for the list of available command
 [[4m0[0m, done, 1, param, 2, run, enter path] 
>[1mINFO: modify param_card information BLOCK dim64f with id (10,) set to 4.1 [0m
Do you want to edit a card (press enter to bypass editing)?
/------------------------------------------------------------\
|  [31m1[0m. param : [32mparam_card.dat[0m                                 |
|  [31m2[0m. run   : [32mrun_card.dat[0m                                   |
\------------------------------------------------------------/
 you can also
   - enter the path to a valid card or banner.
   - use the 'set' command to modify a parameter directly.
     The set option works only for param_card and run_card.
     Type 'help set' for more information on this command.
   - call an external program (ASperGE/MadWidth/...).
     Type 'help' for the list of available command
 [[4m0[0m, done, 1, param, 2, run, enter path] 
>[1mINFO: modify param_card information BLOCK dim64f with id (11,) set to 4.2 [0m
Do you want to edit a card (press enter to bypass editing)?
/------------------------------------------------------------\
|  [31m1[0m. param : [32mparam_card.dat[0m                                 |
|  [31m2[0m. run   : [32mrun_card.dat[0m                                   |
\------------------------------------------------------------/
 you can also
   - enter the path to a valid card or banner.
   - use the 'set' command to modify a parameter directly.
     The set option works only for param_card and run_card.
     Type 'help set' for more information on this command.
   - call an external program (ASperGE/MadWidth/...).
     Type 'help' for the list of available command
 [[4m0[0m, done, 1, param, 2, run, enter path] 
>[1mINFO: modify param_card information BLOCK dim64f with id (12,) set to 5.5 [0m
Do you want to edit a card (press enter to bypass editing)?
/------------------------------------------------------------\
|  [31m1[0m. param : [32mparam_card.dat[0m                                 |
|  [31m2[0m. run   : [32mrun_card.dat[0m                                   |
\------------------------------------------------------------/
 you can also
   - enter the path to a valid card or banner.
   - use the 'set' command to modify a parameter directly.
     The set option works only for param_card and run_card.
     Type 'help set' for more information on this command.
   - call an external program (ASperGE/MadWidth/...).
     Type 'help' for the list of available command
 [[4m0[0m, done, 1, param, 2, run, enter path] 
>[1mINFO: modify param_card information BLOCK dim64f with id (14,) set to 7.0 [0m
Do you want to edit a card (press enter to bypass editing)?
/------------------------------------------------------------\
|  [31m1[0m. param : [32mparam_card.dat[0m                                 |
|  [31m2[0m. run   : [32mrun_card.dat[0m                                   |
\------------------------------------------------------------/
 you can also
   - enter the path to a valid card or banner.
   - use the 'set' command to modify a parameter directly.
     The set option works only for param_card and run_card.
     Type 'help set' for more information on this command.
   - call an external program (ASperGE/MadWidth/...).
     Type 'help' for the list of available command
 [[4m0[0m, done, 1, param, 2, run, enter path] 
>[1mINFO: modify param_card information BLOCK dim64f with id (13,) set to 4.4 [0m
Do you want to edit a card (press enter to bypass editing)?
/------------------------------------------------------------\
|  [31m1[0m. param : [32mparam_card.dat[0m                                 |
|  [31m2[0m. run   : [32mrun_card.dat[0m                                   |
\------------------------------------------------------------/
 you can also
   - enter the path to a valid card or banner.
   - use the 'set' command to modify a parameter directly.
     The set option works only for param_card and run_card.
     Type 'help set' for more information on this command.
   - call an external program (ASperGE/MadWidth/...).
     Type 'help' for the list of available command
 [[4m0[0m, done, 1, param, 2, run, enter path] 
>[1mINFO: modify param_card information BLOCK dim64f with id (16,) set to 5.4 [0m
Do you want to edit a card (press enter to bypass editing)?
/------------------------------------------------------------\
|  [31m1[0m. param : [32mparam_card.dat[0m                                 |
|  [31m2[0m. run   : [32mrun_card.dat[0m                                   |
\------------------------------------------------------------/
 you can also
   - enter the path to a valid card or banner.
   - use the 'set' command to modify a parameter directly.
     The set option works only for param_card and run_card.
     Type 'help set' for more information on this command.
   - call an external program (ASperGE/MadWidth/...).
     Type 'help' for the list of available command
 [[4m0[0m, done, 1, param, 2, run, enter path] 
>[1mINFO: modify param_card information BLOCK dim64f with id (17,) set to 7.0 [0m
Do you want to edit a card (press enter to bypass editing)?
/------------------------------------------------------------\
|  [31m1[0m. param : [32mparam_card.dat[0m                                 |
|  [31m2[0m. run   : [32mrun_card.dat[0m                                   |
\------------------------------------------------------------/
 you can also
   - enter the path to a valid card or banner.
   - use the 'set' command to modify a parameter directly.
     The set option works only for param_card and run_card.
     Type 'help set' for more information on this command.
   - call an external program (ASperGE/MadWidth/...).
     Type 'help' for the list of available command
 [[4m0[0m, done, 1, param, 2, run, enter path] 
>INFO: Update the dependent parameter of the param_card.dat 
Generating gridpack with run name pilotrun
survey  pilotrun --accuracy=0.01 --points=2000 --iterations=8 --gridpack=.true.
INFO: compile directory 
INFO: Using LHAPDF v6.4.0 interface for PDFs 
compile Source Directory
Using random number seed offset = 21
INFO: Running Survey 
Creating Jobs
Working on SubProcesses
INFO: Compiling for process 1/5. 
INFO:     P1_gg_ttxg  
  0%|          | 0/1000 [00:00<?, ?it/s] 48%|████▊     | 481/1000 [00:00<00:00, 4749.83it/s] 96%|█████████▌| 956/1000 [00:00<00:00, 1580.87it/s]100%|██████████| 1000/1000 [00:00<00:00, 1835.68it/s]
INFO: Compiling for process 2/5. 
INFO:     P1_gq_ttxq  
[1;31mCommand "generate_events pilotrun" interrupted with error:
Exception : /afs/crc.nd.edu/user/h/hnelson2/genproductions/bin/MadGraph5_aMCatNLO/ttJets_LO_SMEFT/ttJets_LO_SMEFT_gridpack/work/processtmp/error
Please report this bug on https://bugs.launchpad.net/mg5amcnlo
More information is found in '/afs/crc.nd.edu/user/h/hnelson2/genproductions/bin/MadGraph5_aMCatNLO/ttJets_LO_SMEFT/ttJets_LO_SMEFT_gridpack/work/processtmp/pilotrun_tag_1_debug.log'.
Please attach this file to your report.[0m
quit
INFO:  
finished pilot run
cleaning temporary output
mv: cannot stat '/afs/crc.nd.edu/user/h/hnelson2/genproductions/bin/MadGraph5_aMCatNLO/ttJets_LO_SMEFT/ttJets_LO_SMEFT_gridpack/work/processtmp/pilotrun_gridpack.tar.gz': No such file or directory
unpacking temporary gridpack
tar (child): /afs/crc.nd.edu/user/h/hnelson2/genproductions/bin/MadGraph5_aMCatNLO/ttJets_LO_SMEFT/ttJets_LO_SMEFT_gridpack/work/pilotrun_gridpack.tar.gz: Cannot open: No such file or directory
tar (child): Error is not recoverable: exiting now
tar: Child returned status 2
tar: Error is not recoverable: exiting now
cleaning temporary gridpack
rm: cannot remove '/afs/crc.nd.edu/user/h/hnelson2/genproductions/bin/MadGraph5_aMCatNLO/ttJets_LO_SMEFT/ttJets_LO_SMEFT_gridpack/work/pilotrun_gridpack.tar.gz': No such file or directory
./gridpack_generation.sh: line 612: ./run.sh: No such file or directory
mv: cannot stat 'events.lhe.gz': No such file or directory
preparing reweighting step
preparing reweighting step
cp: cannot stat '/afs/crc.nd.edu/user/h/hnelson2/genproductions/bin/MadGraph5_aMCatNLO/ttJets_LO_SMEFT/ttJets_LO_SMEFT_gridpack/work/unweighted_events.lhe.gz': No such file or directory
/afs/crc.nd.edu/user/h/hnelson2/genproductions/bin/MadGraph5_aMCatNLO/Utilities/gridpack_helpers.sh: line 99: /afs/crc.nd.edu/user/h/hnelson2/genproductions/bin/MadGraph5_aMCatNLO/ttJets_LO_SMEFT/ttJets_LO_SMEFT_gridpack/work/process/madevent/Cards/me5_configuration.txt: No such file or directory
/afs/crc.nd.edu/user/h/hnelson2/genproductions/bin/MadGraph5_aMCatNLO/Utilities/gridpack_helpers.sh: line 110: ./bin/madevent: No such file or directory
using input+file /afs/crc.nd.edu/user/h/hnelson2/genproductions/bin/MadGraph5_aMCatNLO/ttJets_LO_SMEFT/ttJets_LO_SMEFT_gridpack/work/process/madspinrun.dat
************************************************************
*                                                          *
*           W E L C O M E  to  M A D S P I N               *
*                                                          *
************************************************************
import /afs/crc.nd.edu/user/h/hnelson2/genproductions/bin/MadGraph5_aMCatNLO/ttJets_LO_SMEFT/ttJets_LO_SMEFT_gridpack/work/unweighted_events.lhe.gz
Traceback (most recent call last):
  File "/afs/crc.nd.edu/user/h/hnelson2/genproductions/bin/MadGraph5_aMCatNLO/ttJets_LO_SMEFT/ttJets_LO_SMEFT_gridpack/work/MG5_aMC_v2_9_13/MadSpin/madspin", line 139, in <module>
    cmd_line.import_command_file(input_file)
  File "/afs/crc.nd.edu/user/h/hnelson2/genproductions/bin/MadGraph5_aMCatNLO/ttJets_LO_SMEFT/ttJets_LO_SMEFT_gridpack/work/MG5_aMC_v2_9_13/madgraph/interface/extended_cmd.py", line 1689, in import_command_file
    self.exec_cmd(line, precmd=True)
  File "/afs/crc.nd.edu/user/h/hnelson2/genproductions/bin/MadGraph5_aMCatNLO/ttJets_LO_SMEFT/ttJets_LO_SMEFT_gridpack/work/MG5_aMC_v2_9_13/madgraph/interface/extended_cmd.py", line 1570, in exec_cmd
    stop = Cmd.onecmd_orig(current_interface, line, **opt)
  File "/afs/crc.nd.edu/user/h/hnelson2/genproductions/bin/MadGraph5_aMCatNLO/ttJets_LO_SMEFT/ttJets_LO_SMEFT_gridpack/work/MG5_aMC_v2_9_13/madgraph/interface/extended_cmd.py", line 1490, in onecmd_orig
    return func(arg, **opt)
  File "/afs/crc.nd.edu/user/h/hnelson2/genproductions/bin/MadGraph5_aMCatNLO/ttJets_LO_SMEFT/ttJets_LO_SMEFT_gridpack/work/MG5_aMC_v2_9_13/MadSpin/interface_madspin.py", line 206, in do_import
    raise self.InvalidCmd('No such file or directory : %s' % inputfile)
madgraph.interface.extended_cmd.InvalidCmd: No such file or directory : /afs/crc.nd.edu/user/h/hnelson2/genproductions/bin/MadGraph5_aMCatNLO/ttJets_LO_SMEFT/ttJets_LO_SMEFT_gridpack/work/unweighted_events.lhe.gz
preparing final gridpack
./gridpack_generation.sh: line 634: ./madevent/Cards/me5_configuration.txt: No such file or directory
./gridpack_generation.sh: line 635: ./madevent/Cards/me5_configuration.txt: No such file or directory
./gridpack_generation.sh: line 636: ./madevent/Cards/me5_configuration.txt: No such file or directory
cleaning unneeded files from gridpack
ls: cannot access ./process/madevent/SubProcesses/P*/*.inc: No such file or directory
rm: missing operand
Try 'rm --help' for more information.
