# mur		muf		alpsfact	dynamical_scale	pdf		cross-section
1.0		1.0		1.0		-1		325300		1157.9678
1.0		1.0		1.0		1		325300		939.338439867
1.0		1.0		1.0		2		325300		939.338439866
1.0		1.0		1.0		3		325300		1151.01910461
1.0		1.0		1.0		4		325300		871.528420253
2.0		1.0		1.0		-1		325300		980.484525237
2.0		1.0		1.0		1		325300		806.355463962
2.0		1.0		1.0		2		325300		806.355463962
2.0		1.0		1.0		3		325300		975.230196357
2.0		1.0		1.0		4		325300		751.167434183
0.5		1.0		1.0		-1		325300		1389.62535564
0.5		1.0		1.0		1		325300		1108.86132924
0.5		1.0		1.0		2		325300		1108.86132924
0.5		1.0		1.0		3		325300		1380.19114368
0.5		1.0		1.0		4		325300		1023.97007473
1.0		2.0		1.0		-1		325300		1117.46494495
1.0		2.0		1.0		1		325300		904.986660359
1.0		2.0		1.0		2		325300		904.986660358
1.0		2.0		1.0		3		325300		1108.86132924
1.0		2.0		1.0		4		325300		840.614541797
2.0		2.0		1.0		-1		325300		946.039253626
2.0		2.0		1.0		1		325300		776.758363675
2.0		2.0		1.0		2		325300		776.758363675
2.0		2.0		1.0		3		325300		939.338439866
2.0		2.0		1.0		4		325300		724.402717069
0.5		2.0		1.0		-1		325300		1341.26990883
0.5		2.0		1.0		1		325300		1068.48419712
0.5		2.0		1.0		2		325300		1068.48419712
0.5		2.0		1.0		3		325300		1329.92903522
0.5		2.0		1.0		4		325300		987.839758183
1.0		0.5		1.0		-1		325300		1200.15003902
1.0		0.5		1.0		1		325300		975.230196358
1.0		0.5		1.0		2		325300		975.230196357
1.0		0.5		1.0		3		325300		1194.87692539
1.0		0.5		1.0		4		325300		903.743573689
2.0		0.5		1.0		-1		325300		1016.3759006
2.0		0.5		1.0		1		325300		837.297687454
2.0		0.5		1.0		2		325300		837.297687453
2.0		0.5		1.0		3		325300		1012.60328525
2.0		0.5		1.0		4		325300		779.078750464
0.5		0.5		1.0		-1		325300		1439.95654498
0.5		0.5		1.0		1		325300		1151.01910461
0.5		0.5		1.0		2		325300		1151.01910461
0.5		0.5		1.0		3		325300		1432.42285693
0.5		0.5		1.0		4		325300		1061.58947075
1.0		1.0		0.5		-1		325300		1314.18767243
1.0		1.0		2.0		-1		325300		1042.38923249
1.0		1.0		1.0		-1		325300		1157.9678
1.0		1.0		1.0		-1		325301		1158.19439668
1.0		1.0		1.0		-1		325302		1170.14111982
1.0		1.0		1.0		-1		325303		1157.13240751
1.0		1.0		1.0		-1		325304		1151.68683724
1.0		1.0		1.0		-1		325305		1147.71446036
1.0		1.0		1.0		-1		325306		1172.56018599
1.0		1.0		1.0		-1		325307		1144.87141663
1.0		1.0		1.0		-1		325308		1178.10057378
1.0		1.0		1.0		-1		325309		1175.3505136
1.0		1.0		1.0		-1		325310		1182.64123618
1.0		1.0		1.0		-1		325311		1138.98406125
1.0		1.0		1.0		-1		325312		1176.95962245
1.0		1.0		1.0		-1		325313		1160.01087857
1.0		1.0		1.0		-1		325314		1154.39094865
1.0		1.0		1.0		-1		325315		1165.94451024
1.0		1.0		1.0		-1		325316		1133.88077449
1.0		1.0		1.0		-1		325317		1162.78812722
1.0		1.0		1.0		-1		325318		1138.68247533
1.0		1.0		1.0		-1		325319		1190.72370477
1.0		1.0		1.0		-1		325320		1169.06123278
1.0		1.0		1.0		-1		325321		1140.80970053
1.0		1.0		1.0		-1		325322		1189.71200883
1.0		1.0		1.0		-1		325323		1172.78015378
1.0		1.0		1.0		-1		325324		1173.99972971
1.0		1.0		1.0		-1		325325		1160.20732201
1.0		1.0		1.0		-1		325326		1117.42157009
1.0		1.0		1.0		-1		325327		1190.09640938
1.0		1.0		1.0		-1		325328		1174.68684245
1.0		1.0		1.0		-1		325329		1218.98803787
1.0		1.0		1.0		-1		325330		1100.92039481
1.0		1.0		1.0		-1		325331		1157.81496746
1.0		1.0		1.0		-1		325332		1139.05241328
1.0		1.0		1.0		-1		325333		1124.5408069
1.0		1.0		1.0		-1		325334		1194.22975289
1.0		1.0		1.0		-1		325335		1081.93955411
1.0		1.0		1.0		-1		325336		1148.31185642
1.0		1.0		1.0		-1		325337		1146.47375022
1.0		1.0		1.0		-1		325338		1125.2030692
1.0		1.0		1.0		-1		325339		1161.18381152
1.0		1.0		1.0		-1		325340		1172.88685043
1.0		1.0		1.0		-1		325341		1224.46361577
1.0		1.0		1.0		-1		325342		1147.19556419
1.0		1.0		1.0		-1		325343		1116.68661189
1.0		1.0		1.0		-1		325344		1165.24873658
1.0		1.0		1.0		-1		325345		1162.2342585
1.0		1.0		1.0		-1		325346		1130.86899457
1.0		1.0		1.0		-1		325347		1151.54281314
1.0		1.0		1.0		-1		325348		1146.25488105
1.0		1.0		1.0		-1		325349		1119.13571698
1.0		1.0		1.0		-1		325350		1172.82510753
1.0		1.0		1.0		-1		325351		1139.8210696
1.0		1.0		1.0		-1		325352		1169.43095724
1.0		1.0		1.0		-1		325353		1151.24975603
1.0		1.0		1.0		-1		325354		1163.3966102
1.0		1.0		1.0		-1		325355		1135.51921479
1.0		1.0		1.0		-1		325356		1140.69518258
1.0		1.0		1.0		-1		325357		1146.47429545
1.0		1.0		1.0		-1		325358		1153.05434675
1.0		1.0		1.0		-1		325359		1159.84606385
1.0		1.0		1.0		-1		325360		1147.78828179
1.0		1.0		1.0		-1		325361		1140.19760503
1.0		1.0		1.0		-1		325362		1135.1602022
1.0		1.0		1.0		-1		325363		1152.86660149
1.0		1.0		1.0		-1		325364		1170.7501524
1.0		1.0		1.0		-1		325365		1163.08540561
1.0		1.0		1.0		-1		325366		1159.40442469
1.0		1.0		1.0		-1		325367		1149.97666769
1.0		1.0		1.0		-1		325368		1161.51235137
1.0		1.0		1.0		-1		325369		1150.82077254
1.0		1.0		1.0		-1		325370		1153.17366734
1.0		1.0		1.0		-1		325371		1159.96368356
1.0		1.0		1.0		-1		325372		1148.60870759
1.0		1.0		1.0		-1		325373		1164.16982327
1.0		1.0		1.0		-1		325374		1162.77908721
1.0		1.0		1.0		-1		325375		1161.64065237
1.0		1.0		1.0		-1		325376		1156.22393926
1.0		1.0		1.0		-1		325377		1155.85886234
1.0		1.0		1.0		-1		325378		1170.83880979
1.0		1.0		1.0		-1		325379		1144.41270916
1.0		1.0		1.0		-1		325380		1153.04417082
1.0		1.0		1.0		-1		325381		1169.94807334
1.0		1.0		1.0		-1		325382		1157.68626574
1.0		1.0		1.0		-1		325383		1154.81721802
1.0		1.0		1.0		-1		325384		1155.46228845
1.0		1.0		1.0		-1		325385		1160.36642096
1.0		1.0		1.0		-1		325386		1157.77823826
1.0		1.0		1.0		-1		325387		1156.37487136
1.0		1.0		1.0		-1		325388		1155.89525599
1.0		1.0		1.0		-1		325389		1153.92152626
1.0		1.0		1.0		-1		325390		1166.62394128
1.0		1.0		1.0		-1		325391		1162.12534483
1.0		1.0		1.0		-1		325392		1155.01881024
1.0		1.0		1.0		-1		325393		1160.7399528
1.0		1.0		1.0		-1		325394		1151.20089535
1.0		1.0		1.0		-1		325395		1154.05741557
1.0		1.0		1.0		-1		325396		1152.8206962
1.0		1.0		1.0		-1		325397		1153.54473489
1.0		1.0		1.0		-1		325398		1157.42118395
1.0		1.0		1.0		-1		325399		1159.65970332
1.0		1.0		1.0		-1		325400		1157.9678
1.0		1.0		1.0		-1		325401		1116.89979077
1.0		1.0		1.0		-1		325402		1208.28439659
1.0		1.0		1.0		-1		316200		1157.9678
1.0		1.0		1.0		-1		316201		1370.73269169
1.0		1.0		1.0		-1		316202		1186.81046695
1.0		1.0		1.0		-1		316203		1078.6347365
1.0		1.0		1.0		-1		316204		2433.00628954
1.0		1.0		1.0		-1		316205		1349.77628087
1.0		1.0		1.0		-1		316206		1194.18362059
1.0		1.0		1.0		-1		316207		1155.81507686
1.0		1.0		1.0		-1		316208		1033.47682616
1.0		1.0		1.0		-1		316209		1151.63496249
1.0		1.0		1.0		-1		316210		906.36837932
1.0		1.0		1.0		-1		316211		748.629730992
1.0		1.0		1.0		-1		316212		1023.93515508
1.0		1.0		1.0		-1		316213		906.588335015
1.0		1.0		1.0		-1		316214		1412.10293084
1.0		1.0		1.0		-1		316215		915.966422824
1.0		1.0		1.0		-1		316216		915.13928716
1.0		1.0		1.0		-1		316217		1427.20190037
1.0		1.0		1.0		-1		316218		991.361250595
1.0		1.0		1.0		-1		316219		1195.27726336
1.0		1.0		1.0		-1		316220		997.812286391
1.0		1.0		1.0		-1		316221		981.383658835
1.0		1.0		1.0		-1		316222		1058.43592091
1.0		1.0		1.0		-1		316223		1293.4566057
1.0		1.0		1.0		-1		316224		1043.70329784
1.0		1.0		1.0		-1		316225		1192.73362272
1.0		1.0		1.0		-1		316226		1090.40480373
1.0		1.0		1.0		-1		316227		1058.21586925
1.0		1.0		1.0		-1		316228		1148.16025438
1.0		1.0		1.0		-1		316229		1750.72048001
1.0		1.0		1.0		-1		316230		1381.55239834
1.0		1.0		1.0		-1		316231		649.857020982
1.0		1.0		1.0		-1		316232		1012.76786971
1.0		1.0		1.0		-1		316233		1135.42282322
1.0		1.0		1.0		-1		316234		1226.47439267
1.0		1.0		1.0		-1		316235		1002.30441356
1.0		1.0		1.0		-1		316236		985.23752868
1.0		1.0		1.0		-1		316237		1358.36095096
1.0		1.0		1.0		-1		316238		1220.09630105
1.0		1.0		1.0		-1		316239		945.053308675
1.0		1.0		1.0		-1		316240		1223.5516528
1.0		1.0		1.0		-1		316241		2214.97918036
1.0		1.0		1.0		-1		316242		1193.87482953
1.0		1.0		1.0		-1		316243		1113.65343539
1.0		1.0		1.0		-1		316244		1226.63503835
1.0		1.0		1.0		-1		316245		1055.8516286
1.0		1.0		1.0		-1		316246		1381.11931033
1.0		1.0		1.0		-1		316247		1330.19046938
1.0		1.0		1.0		-1		316248		819.85050883
1.0		1.0		1.0		-1		316249		1668.25493716
1.0		1.0		1.0		-1		316250		748.403854451
1.0		1.0		1.0		-1		316251		1220.54750309
1.0		1.0		1.0		-1		316252		1093.4777701
1.0		1.0		1.0		-1		316253		1102.55507606
1.0		1.0		1.0		-1		316254		754.800390053
1.0		1.0		1.0		-1		316255		1068.53137856
1.0		1.0		1.0		-1		316256		1266.52440161
1.0		1.0		1.0		-1		316257		1098.06777876
1.0		1.0		1.0		-1		316258		1097.0979886
1.0		1.0		1.0		-1		316259		1060.65453462
1.0		1.0		1.0		-1		316260		1103.48841551
1.0		1.0		1.0		-1		316261		1251.27181115
1.0		1.0		1.0		-1		316262		-1557.7863973
1.0		1.0		1.0		-1		316263		1333.37496264
1.0		1.0		1.0		-1		316264		962.98315089
1.0		1.0		1.0		-1		316265		939.920583678
1.0		1.0		1.0		-1		316266		1021.71451377
1.0		1.0		1.0		-1		316267		1154.22974317
1.0		1.0		1.0		-1		316268		1220.05238471
1.0		1.0		1.0		-1		316269		1237.69686442
1.0		1.0		1.0		-1		316270		1016.92193008
1.0		1.0		1.0		-1		316271		976.576581373
1.0		1.0		1.0		-1		316272		1732.52228489
1.0		1.0		1.0		-1		316273		983.528461963
1.0		1.0		1.0		-1		316274		1207.46462552
1.0		1.0		1.0		-1		316275		1064.60791212
1.0		1.0		1.0		-1		316276		1110.61255375
1.0		1.0		1.0		-1		316277		1213.88577049
1.0		1.0		1.0		-1		316278		1475.58841755
1.0		1.0		1.0		-1		316279		887.407129912
1.0		1.0		1.0		-1		316280		983.304231489
1.0		1.0		1.0		-1		316281		1069.67446735
1.0		1.0		1.0		-1		316282		915.13928716
1.0		1.0		1.0		-1		316283		1050.61766837
1.0		1.0		1.0		-1		316284		1275.00362731
1.0		1.0		1.0		-1		316285		1065.31695019
1.0		1.0		1.0		-1		316286		1024.13939219
1.0		1.0		1.0		-1		316287		1501.50462269
1.0		1.0		1.0		-1		316288		1000.67373445
1.0		1.0		1.0		-1		316289		757.140345655
1.0		1.0		1.0		-1		316290		999.451439174
1.0		1.0		1.0		-1		316291		1087.0811373
1.0		1.0		1.0		-1		316292		1080.896569
1.0		1.0		1.0		-1		316293		1011.57839346
1.0		1.0		1.0		-1		316294		1306.60770755
1.0		1.0		1.0		-1		316295		1334.36026077
1.0		1.0		1.0		-1		316296		1209.72274472
1.0		1.0		1.0		-1		316297		1074.28490853
1.0		1.0		1.0		-1		316298		1097.56921632
1.0		1.0		1.0		-1		316299		1128.36608467
1.0		1.0		1.0		-1		316300		1348.1031316
1.0		1.0		1.0		-1		306000		1153.5677911
1.0		1.0		1.0		-1		306001		1158.53661077
1.0		1.0		1.0		-1		306002		1153.93891828
1.0		1.0		1.0		-1		306003		1148.99237222
1.0		1.0		1.0		-1		306004		1149.60782532
1.0		1.0		1.0		-1		306005		1157.03411483
1.0		1.0		1.0		-1		306006		1141.24351577
1.0		1.0		1.0		-1		306007		1153.02623334
1.0		1.0		1.0		-1		306008		1149.77206291
1.0		1.0		1.0		-1		306009		1158.79051032
1.0		1.0		1.0		-1		306010		1153.03096703
1.0		1.0		1.0		-1		306011		1148.68461002
1.0		1.0		1.0		-1		306012		1151.59702293
1.0		1.0		1.0		-1		306013		1150.38382599
1.0		1.0		1.0		-1		306014		1152.82908125
1.0		1.0		1.0		-1		306015		1162.08367207
1.0		1.0		1.0		-1		306016		1149.91951162
1.0		1.0		1.0		-1		306017		1143.5325163
1.0		1.0		1.0		-1		306018		1156.9105753
1.0		1.0		1.0		-1		306019		1150.85987468
1.0		1.0		1.0		-1		306020		1148.47674513
1.0		1.0		1.0		-1		306021		1154.75188341
1.0		1.0		1.0		-1		306022		1153.76147618
1.0		1.0		1.0		-1		306023		1138.66321175
1.0		1.0		1.0		-1		306024		1157.93483204
1.0		1.0		1.0		-1		306025		1158.04090132
1.0		1.0		1.0		-1		306026		1153.24268898
1.0		1.0		1.0		-1		306027		1154.24252651
1.0		1.0		1.0		-1		306028		1143.57257413
1.0		1.0		1.0		-1		306029		1165.07304632
1.0		1.0		1.0		-1		306030		1167.61965428
1.0		1.0		1.0		-1		306031		1145.0438549
1.0		1.0		1.0		-1		306032		1136.83091098
1.0		1.0		1.0		-1		306033		1212.53407127
1.0		1.0		1.0		-1		306034		1122.97462992
1.0		1.0		1.0		-1		306035		1212.10965611
1.0		1.0		1.0		-1		306036		1184.34878997
1.0		1.0		1.0		-1		306037		1126.75503887
1.0		1.0		1.0		-1		306038		1032.28125757
1.0		1.0		1.0		-1		306039		1146.05829692
1.0		1.0		1.0		-1		306040		1144.80667847
1.0		1.0		1.0		-1		306041		1155.91620467
1.0		1.0		1.0		-1		306042		1132.19869266
1.0		1.0		1.0		-1		306043		1167.55163001
1.0		1.0		1.0		-1		306044		1154.17356387
1.0		1.0		1.0		-1		306045		1142.85956757
1.0		1.0		1.0		-1		306046		1172.82350928
1.0		1.0		1.0		-1		306047		1173.77796351
1.0		1.0		1.0		-1		306048		1193.39302098
1.0		1.0		1.0		-1		306049		1184.49623931
1.0		1.0		1.0		-1		306050		1146.50831368
1.0		1.0		1.0		-1		306051		1146.01636144
1.0		1.0		1.0		-1		306052		1173.4062915
1.0		1.0		1.0		-1		306053		1147.44048943
1.0		1.0		1.0		-1		306054		1138.66295598
1.0		1.0		1.0		-1		306055		1130.17763709
1.0		1.0		1.0		-1		306056		1088.1354552
1.0		1.0		1.0		-1		306057		1149.69239524
1.0		1.0		1.0		-1		306058		1147.93042965
1.0		1.0		1.0		-1		306059		1122.41429411
1.0		1.0		1.0		-1		306060		1130.94879436
1.0		1.0		1.0		-1		306061		1169.64800171
1.0		1.0		1.0		-1		306062		1157.98038313
1.0		1.0		1.0		-1		306063		1132.18538709
1.0		1.0		1.0		-1		306064		1157.2243885
1.0		1.0		1.0		-1		306065		1171.02154123
1.0		1.0		1.0		-1		306066		1109.94260354
1.0		1.0		1.0		-1		306067		1153.02000995
1.0		1.0		1.0		-1		306068		1128.05486913
1.0		1.0		1.0		-1		306069		1162.11834953
1.0		1.0		1.0		-1		306070		1135.52621411
1.0		1.0		1.0		-1		306071		1153.18704195
1.0		1.0		1.0		-1		306072		1141.95052639
1.0		1.0		1.0		-1		306073		1146.78209433
1.0		1.0		1.0		-1		306074		1154.85638991
1.0		1.0		1.0		-1		306075		1129.65142145
1.0		1.0		1.0		-1		306076		1151.27883925
1.0		1.0		1.0		-1		306077		1161.55696105
1.0		1.0		1.0		-1		306078		1164.13952716
1.0		1.0		1.0		-1		306079		1157.53726107
1.0		1.0		1.0		-1		306080		1157.27781615
1.0		1.0		1.0		-1		306081		1154.71083844
1.0		1.0		1.0		-1		306082		1157.56090195
1.0		1.0		1.0		-1		306083		1152.87588132
1.0		1.0		1.0		-1		306084		1150.59676276
1.0		1.0		1.0		-1		306085		1157.40481086
1.0		1.0		1.0		-1		306086		1157.66638707
1.0		1.0		1.0		-1		306087		1153.9207229
1.0		1.0		1.0		-1		306088		1149.05711118
1.0		1.0		1.0		-1		306089		1152.70413277
1.0		1.0		1.0		-1		306090		1145.42736873
1.0		1.0		1.0		-1		306091		1157.44889341
1.0		1.0		1.0		-1		306092		1155.38461666
1.0		1.0		1.0		-1		306093		1150.57878939
1.0		1.0		1.0		-1		306094		1151.27831928
1.0		1.0		1.0		-1		306095		1152.22396032
1.0		1.0		1.0		-1		306096		1150.31379948
1.0		1.0		1.0		-1		306097		1147.25596269
1.0		1.0		1.0		-1		306098		1153.51906377
1.0		1.0		1.0		-1		306099		1157.97158496
1.0		1.0		1.0		-1		306100		1155.16070641
1.0		1.0		1.0		-1		306101		1116.89979077
1.0		1.0		1.0		-1		306102		1208.28439659
1.0		1.0		1.0		-1		322500		956.281925931
1.0		1.0		1.0		-1		322700		1022.44354883
1.0		1.0		1.0		-1		322900		1027.44171884
1.0		1.0		1.0		-1		323100		1064.32391193
1.0		1.0		1.0		-1		323300		1138.36972819
1.0		1.0		1.0		-1		323500		1160.26624521
1.0		1.0		1.0		-1		323700		1236.96945347
1.0		1.0		1.0		-1		323900		1271.73166087
1.0		1.0		1.0		-1		305800		1123.55795339
1.0		1.0		1.0		-1		305801		1122.0347465
1.0		1.0		1.0		-1		305802		1128.72352189
1.0		1.0		1.0		-1		305803		1116.43708009
1.0		1.0		1.0		-1		305804		1122.42466593
1.0		1.0		1.0		-1		305805		1128.3982297
1.0		1.0		1.0		-1		305806		1114.085205
1.0		1.0		1.0		-1		305807		1121.57683599
1.0		1.0		1.0		-1		305808		1122.61038139
1.0		1.0		1.0		-1		305809		1125.10863098
1.0		1.0		1.0		-1		305810		1110.57953326
1.0		1.0		1.0		-1		305811		1111.13315947
1.0		1.0		1.0		-1		305812		1125.26619
1.0		1.0		1.0		-1		305813		1126.98236932
1.0		1.0		1.0		-1		305814		1129.95585307
1.0		1.0		1.0		-1		305815		1117.09460626
1.0		1.0		1.0		-1		305816		1134.86063906
1.0		1.0		1.0		-1		305817		1114.42972693
1.0		1.0		1.0		-1		305818		1123.8255575
1.0		1.0		1.0		-1		305819		1117.74088669
1.0		1.0		1.0		-1		305820		1118.49329077
1.0		1.0		1.0		-1		305821		1141.67470353
1.0		1.0		1.0		-1		305822		1130.61046967
1.0		1.0		1.0		-1		305823		1127.0285933
1.0		1.0		1.0		-1		305824		1129.78178526
1.0		1.0		1.0		-1		305825		1112.62554058
1.0		1.0		1.0		-1		305826		1122.21175478
1.0		1.0		1.0		-1		305827		1127.47110539
1.0		1.0		1.0		-1		305828		1122.94353389
1.0		1.0		1.0		-1		305829		1131.95257701
1.0		1.0		1.0		-1		305830		1111.71991116
1.0		1.0		1.0		-1		305831		1099.25890981
1.0		1.0		1.0		-1		305832		1124.9898098
1.0		1.0		1.0		-1		305833		1132.18098696
1.0		1.0		1.0		-1		305834		1112.07471669
1.0		1.0		1.0		-1		305835		1119.35125289
1.0		1.0		1.0		-1		305836		1068.50910008
1.0		1.0		1.0		-1		305837		1172.43803522
1.0		1.0		1.0		-1		305838		1058.40331803
1.0		1.0		1.0		-1		305839		1096.65866336
1.0		1.0		1.0		-1		305840		1082.13118048
1.0		1.0		1.0		-1		305841		1132.30302887
1.0		1.0		1.0		-1		305842		1135.3136774
1.0		1.0		1.0		-1		305843		1108.73508669
1.0		1.0		1.0		-1		305844		1171.04798898
1.0		1.0		1.0		-1		305845		1138.21911581
1.0		1.0		1.0		-1		305846		1152.91893269
1.0		1.0		1.0		-1		305847		1137.9565496
1.0		1.0		1.0		-1		305848		1122.48168351
1.0		1.0		1.0		-1		305849		1146.66516591
1.0		1.0		1.0		-1		305850		1135.98662238
1.0		1.0		1.0		-1		305851		1114.6844016
1.0		1.0		1.0		-1		305852		1175.47522037
1.0		1.0		1.0		-1		305853		1071.22813754
1.0		1.0		1.0		-1		305854		1115.62391501
1.0		1.0		1.0		-1		305855		1098.48672917
1.0		1.0		1.0		-1		305856		1126.66400018
1.0		1.0		1.0		-1		305857		1136.65402238
1.0		1.0		1.0		-1		305858		1150.39384384
1.0		1.0		1.0		-1		305859		1127.53504152
1.0		1.0		1.0		-1		305860		1127.79650415
1.0		1.0		1.0		-1		305861		1134.73650007
1.0		1.0		1.0		-1		305862		1129.59191573
1.0		1.0		1.0		-1		305863		1111.84960289
1.0		1.0		1.0		-1		305864		1128.42941143
1.0		1.0		1.0		-1		305865		1114.13627854
1.0		1.0		1.0		-1		305866		1131.5637141
1.0		1.0		1.0		-1		305867		1129.76767732
1.0		1.0		1.0		-1		305868		1121.05230904
1.0		1.0		1.0		-1		305869		1110.5224025
1.0		1.0		1.0		-1		305870		1137.98293367
1.0		1.0		1.0		-1		305871		1133.67956936
1.0		1.0		1.0		-1		305872		1120.63031607
1.0		1.0		1.0		-1		305873		1131.04392597
1.0		1.0		1.0		-1		305874		1128.32951429
1.0		1.0		1.0		-1		305875		1106.79065746
1.0		1.0		1.0		-1		305876		1110.42416502
1.0		1.0		1.0		-1		305877		1108.13928235
1.0		1.0		1.0		-1		305878		1153.02008082
1.0		1.0		1.0		-1		305879		1140.05345767
1.0		1.0		1.0		-1		305880		1107.72731829
1.0		1.0		1.0		-1		305881		1112.94280663
1.0		1.0		1.0		-1		305882		1120.45911595
1.0		1.0		1.0		-1		305883		1120.16051029
1.0		1.0		1.0		-1		305884		1113.48423873
1.0		1.0		1.0		-1		305885		1124.00406903
1.0		1.0		1.0		-1		305886		1120.26580692
1.0		1.0		1.0		-1		305887		1120.33855867
1.0		1.0		1.0		-1		305888		1132.34055152
1.0		1.0		1.0		-1		305889		1117.02169178
1.0		1.0		1.0		-1		305890		1125.36604078
1.0		1.0		1.0		-1		305891		1125.60421421
1.0		1.0		1.0		-1		305892		1119.90827651
1.0		1.0		1.0		-1		305893		1128.67164231
1.0		1.0		1.0		-1		305894		1119.7405074
1.0		1.0		1.0		-1		305895		1133.45015746
1.0		1.0		1.0		-1		305896		1117.19385411
1.0		1.0		1.0		-1		305897		1127.65576528
1.0		1.0		1.0		-1		305898		1126.4623198
1.0		1.0		1.0		-1		305899		1128.23661427
1.0		1.0		1.0		-1		305900		1124.30093306
1.0		1.0		1.0		-1		305901		1114.40935323
1.0		1.0		1.0		-1		305902		1177.08229234
1.0		1.0		1.0		-1		13000		1003.39341479
1.0		1.0		1.0		-1		13001		999.647175842
1.0		1.0		1.0		-1		13002		999.872785653
1.0		1.0		1.0		-1		13003		996.14462916
1.0		1.0		1.0		-1		13004		1002.79096698
1.0		1.0		1.0		-1		13005		1000.0508369
1.0		1.0		1.0		-1		13006		995.744247922
1.0		1.0		1.0		-1		13007		993.602440768
1.0		1.0		1.0		-1		13008		1008.51793059
1.0		1.0		1.0		-1		13009		1005.61031035
1.0		1.0		1.0		-1		13010		999.948278104
1.0		1.0		1.0		-1		13011		1012.39906999
1.0		1.0		1.0		-1		13012		985.152172886
1.0		1.0		1.0		-1		13013		1004.87132059
1.0		1.0		1.0		-1		13014		1005.46045789
1.0		1.0		1.0		-1		13015		1005.82593827
1.0		1.0		1.0		-1		13016		994.043716832
1.0		1.0		1.0		-1		13017		1013.76576986
1.0		1.0		1.0		-1		13018		992.59289392
1.0		1.0		1.0		-1		13019		1012.47123489
1.0		1.0		1.0		-1		13020		994.705991672
1.0		1.0		1.0		-1		13021		1000.833833
1.0		1.0		1.0		-1		13022		1004.84360385
1.0		1.0		1.0		-1		13023		1010.37814253
1.0		1.0		1.0		-1		13024		995.69126624
1.0		1.0		1.0		-1		13025		1000.84555999
1.0		1.0		1.0		-1		13026		1005.44313702
1.0		1.0		1.0		-1		13027		1000.12949309
1.0		1.0		1.0		-1		13028		1008.87308306
1.0		1.0		1.0		-1		13029		1001.04596851
1.0		1.0		1.0		-1		13030		1004.84830172
1.0		1.0		1.0		-1		13031		1009.04965127
1.0		1.0		1.0		-1		13032		994.583457564
1.0		1.0		1.0		-1		13033		1012.69526191
1.0		1.0		1.0		-1		13034		995.01701474
1.0		1.0		1.0		-1		13035		1016.64655251
1.0		1.0		1.0		-1		13036		992.039136284
1.0		1.0		1.0		-1		13037		1021.68914448
1.0		1.0		1.0		-1		13038		983.019060539
1.0		1.0		1.0		-1		13039		1025.98429683
1.0		1.0		1.0		-1		13040		977.567471148
1.0		1.0		1.0		-1		13041		1001.5787321
1.0		1.0		1.0		-1		13042		1005.31007148
1.0		1.0		1.0		-1		13043		1008.06709083
1.0		1.0		1.0		-1		13044		998.619662576
1.0		1.0		1.0		-1		13045		992.010463749
1.0		1.0		1.0		-1		13046		1006.51822373
1.0		1.0		1.0		-1		13047		1008.71679924
1.0		1.0		1.0		-1		13048		997.947852556
1.0		1.0		1.0		-1		13049		1006.14391707
1.0		1.0		1.0		-1		13050		1001.29796197
1.0		1.0		1.0		-1		13051		1002.94539899
1.0		1.0		1.0		-1		13052		1006.04523084
1.0		1.0		1.0		-1		13053		998.096492731
1.0		1.0		1.0		-1		13054		993.736938553
1.0		1.0		1.0		-1		13055		994.378828328
1.0		1.0		1.0		-1		13056		1028.8274811
1.0		1.0		1.0		-1		13065		963.529357517
1.0		1.0		1.0		-1		13069		1044.39663363
1.0		1.0		1.0		-1		13100		1005.71804269
1.0		1.0		1.0		-1		13101		1006.14263484
1.0		1.0		1.0		-1		13102		1007.19804518
1.0		1.0		1.0		-1		13103		997.175934025
1.0		1.0		1.0		-1		13104		1005.09240122
1.0		1.0		1.0		-1		13105		1006.78706408
1.0		1.0		1.0		-1		13106		1006.25539874
1.0		1.0		1.0		-1		13107		1008.6444064
1.0		1.0		1.0		-1		13108		1001.80150667
1.0		1.0		1.0		-1		13109		1002.27044012
1.0		1.0		1.0		-1		13110		1008.67995435
1.0		1.0		1.0		-1		13111		994.432657751
1.0		1.0		1.0		-1		13112		1013.72966088
1.0		1.0		1.0		-1		13113		1002.25655453
1.0		1.0		1.0		-1		13114		1004.80733576
1.0		1.0		1.0		-1		13115		1024.43201481
1.0		1.0		1.0		-1		13116		979.001548481
1.0		1.0		1.0		-1		13117		1029.48922002
1.0		1.0		1.0		-1		13118		978.566186501
1.0		1.0		1.0		-1		13119		1013.28980168
1.0		1.0		1.0		-1		13120		997.644481807
1.0		1.0		1.0		-1		13121		1008.79436414
1.0		1.0		1.0		-1		13122		999.081324357
1.0		1.0		1.0		-1		13123		998.667873858
1.0		1.0		1.0		-1		13124		1012.30609331
1.0		1.0		1.0		-1		13125		1003.60536364
1.0		1.0		1.0		-1		13126		1006.78381903
1.0		1.0		1.0		-1		13127		1007.83545203
1.0		1.0		1.0		-1		13128		1002.62805275
1.0		1.0		1.0		-1		13129		997.581021835
1.0		1.0		1.0		-1		13130		1008.55273646
1.0		1.0		1.0		-1		13131		1005.34745041
1.0		1.0		1.0		-1		13132		1006.09455976
1.0		1.0		1.0		-1		13133		1007.30600443
1.0		1.0		1.0		-1		13134		1002.05497885
1.0		1.0		1.0		-1		13135		1004.6719882
1.0		1.0		1.0		-1		13136		1007.32924965
1.0		1.0		1.0		-1		13137		1003.81831663
1.0		1.0		1.0		-1		13138		1005.38391594
1.0		1.0		1.0		-1		13139		988.388150204
1.0		1.0		1.0		-1		13140		1013.69122831
1.0		1.0		1.0		-1		13141		998.595738929
1.0		1.0		1.0		-1		13142		1014.17375623
1.0		1.0		1.0		-1		13143		1007.37082959
1.0		1.0		1.0		-1		13144		1004.18721007
1.0		1.0		1.0		-1		13145		1006.7476074
1.0		1.0		1.0		-1		13146		997.341887108
1.0		1.0		1.0		-1		13147		994.382828646
1.0		1.0		1.0		-1		13148		1003.88538664
1.0		1.0		1.0		-1		13149		993.642859778
1.0		1.0		1.0		-1		13150		1008.95275072
1.0		1.0		1.0		-1		13151		1004.32870175
1.0		1.0		1.0		-1		13152		1000.14875995
1.0		1.0		1.0		-1		13153		998.731811213
1.0		1.0		1.0		-1		13154		1003.32922265
1.0		1.0		1.0		-1		13155		1005.67200623
1.0		1.0		1.0		-1		13156		1022.98339812
1.0		1.0		1.0		-1		13163		965.317471246
1.0		1.0		1.0		-1		13167		1045.90891509
1.0		1.0		1.0		-1		13200		944.487527669
1.0		1.0		1.0		-1		25200		1007.17640995
1.0		1.0		1.0		-1		25201		1003.78616882
1.0		1.0		1.0		-1		25202		1010.83712048
1.0		1.0		1.0		-1		25203		1006.0935746
1.0		1.0		1.0		-1		25204		1007.89942743
1.0		1.0		1.0		-1		25205		1005.53853311
1.0		1.0		1.0		-1		25206		1008.71644093
1.0		1.0		1.0		-1		25207		1008.6064657
1.0		1.0		1.0		-1		25208		1005.5607754
1.0		1.0		1.0		-1		25209		1000.86643328
1.0		1.0		1.0		-1		25210		1013.38356418
1.0		1.0		1.0		-1		25211		1004.51246819
1.0		1.0		1.0		-1		25212		1012.98737111
1.0		1.0		1.0		-1		25213		1006.43034346
1.0		1.0		1.0		-1		25214		1008.53967716
1.0		1.0		1.0		-1		25215		1009.36109468
1.0		1.0		1.0		-1		25216		1005.92179592
1.0		1.0		1.0		-1		25217		1009.43656102
1.0		1.0		1.0		-1		25218		1004.44386071
1.0		1.0		1.0		-1		25219		1000.20565069
1.0		1.0		1.0		-1		25220		1013.20773987
1.0		1.0		1.0		-1		25221		1011.55740294
1.0		1.0		1.0		-1		25222		1001.42708906
1.0		1.0		1.0		-1		25223		1011.83182504
1.0		1.0		1.0		-1		25224		1003.86304904
1.0		1.0		1.0		-1		25225		1008.01665438
1.0		1.0		1.0		-1		25226		1006.13427403
1.0		1.0		1.0		-1		25227		1006.14466754
1.0		1.0		1.0		-1		25228		1006.32790813
1.0		1.0		1.0		-1		25229		1008.79663134
1.0		1.0		1.0		-1		25230		1005.27449162
1.0		1.0		1.0		-1		25231		1019.22976829
1.0		1.0		1.0		-1		25232		994.113917035
1.0		1.0		1.0		-1		25233		1002.54163036
1.0		1.0		1.0		-1		25234		1012.14575869
1.0		1.0		1.0		-1		25235		1006.61192952
1.0		1.0		1.0		-1		25236		1005.88125935
1.0		1.0		1.0		-1		25237		1004.69458366
1.0		1.0		1.0		-1		25238		1009.19829183
1.0		1.0		1.0		-1		25239		1005.06637687
1.0		1.0		1.0		-1		25240		1008.81630515
1.0		1.0		1.0		-1		25241		992.699011545
1.0		1.0		1.0		-1		25242		1025.60043831
1.0		1.0		1.0		-1		25243		1008.37695538
1.0		1.0		1.0		-1		25244		1004.20067175
1.0		1.0		1.0		-1		25245		1001.60953221
1.0		1.0		1.0		-1		25246		1021.53918705
1.0		1.0		1.0		-1		25247		1010.03023718
1.0		1.0		1.0		-1		25248		1001.39861583
1.0		1.0		1.0		-1		25249		1010.2082129
1.0		1.0		1.0		-1		25250		1006.43083927
1.0		1.0		1.0		-1		25300		1027.67375932
1.0		1.0		1.0		-1		25301		1024.26110982
1.0		1.0		1.0		-1		25302		1032.0434154
1.0		1.0		1.0		-1		25303		1026.01439293
1.0		1.0		1.0		-1		25304		1029.33595177
1.0		1.0		1.0		-1		25305		1026.2539724
1.0		1.0		1.0		-1		25306		1028.23898703
1.0		1.0		1.0		-1		25307		1028.2151068
1.0		1.0		1.0		-1		25308		1027.10837713
1.0		1.0		1.0		-1		25309		1024.45019631
1.0		1.0		1.0		-1		25310		1030.78330893
1.0		1.0		1.0		-1		25311		1039.63243353
1.0		1.0		1.0		-1		25312		1022.54591868
1.0		1.0		1.0		-1		25313		1027.30590913
1.0		1.0		1.0		-1		25314		1028.11955854
1.0		1.0		1.0		-1		25315		1027.85308403
1.0		1.0		1.0		-1		25316		1027.47070543
1.0		1.0		1.0		-1		25317		1025.72873029
1.0		1.0		1.0		-1		25318		1028.71767738
1.0		1.0		1.0		-1		25319		1032.72852777
1.0		1.0		1.0		-1		25320		1020.84252404
1.0		1.0		1.0		-1		25321		1020.55066638
1.0		1.0		1.0		-1		25322		1032.63642119
1.0		1.0		1.0		-1		25323		1018.08783906
1.0		1.0		1.0		-1		25324		1037.02357625
1.0		1.0		1.0		-1		25325		1025.68138961
1.0		1.0		1.0		-1		25326		1032.33239221
1.0		1.0		1.0		-1		25327		1026.12663092
1.0		1.0		1.0		-1		25328		1026.59419233
1.0		1.0		1.0		-1		25329		1024.06062536
1.0		1.0		1.0		-1		25330		1037.92414949
1.0		1.0		1.0		-1		25331		1034.77739928
1.0		1.0		1.0		-1		25332		1012.40083891
1.0		1.0		1.0		-1		25333		1026.34108322
1.0		1.0		1.0		-1		25334		1029.37030241
1.0		1.0		1.0		-1		25335		1029.10719392
1.0		1.0		1.0		-1		25336		1025.81314021
1.0		1.0		1.0		-1		25337		1026.63451932
1.0		1.0		1.0		-1		25338		1027.93995172
1.0		1.0		1.0		-1		25339		1025.43359712
1.0		1.0		1.0		-1		25340		1028.53122179
1.0		1.0		1.0		-1		25341		1040.42484517
1.0		1.0		1.0		-1		25342		1004.47001476
1.0		1.0		1.0		-1		25343		1028.15125302
1.0		1.0		1.0		-1		25344		1026.8174314
1.0		1.0		1.0		-1		25345		1021.39628912
1.0		1.0		1.0		-1		25346		1032.31615362
1.0		1.0		1.0		-1		25347		1040.25160862
1.0		1.0		1.0		-1		25348		1021.87876376
1.0		1.0		1.0		-1		25349		1024.88333046
1.0		1.0		1.0		-1		25350		1027.2469179
1.0		1.0		1.0		-1		25000		1269.9828917
1.0		1.0		1.0		-1		42780		1024.5700292
1.0		1.0		1.0		-1		42781		1024.37515952
1.0		1.0		1.0		-1		42782		1023.82896441
1.0		1.0		1.0		-1		42783		1025.97982269
1.0		1.0		1.0		-1		42784		1024.59166686
1.0		1.0		1.0		-1		42785		1026.14559612
1.0		1.0		1.0		-1		42786		1022.45287021
1.0		1.0		1.0		-1		42787		1027.28717214
1.0		1.0		1.0		-1		42788		1020.55570211
1.0		1.0		1.0		-1		42789		1021.20364412
1.0		1.0		1.0		-1		42790		1025.57704568
1.0		1.0		1.0		-1		42791		1023.4219551
1.0		1.0		1.0		-1		42792		1027.31863292
1.0		1.0		1.0		-1		42793		1024.96152037
1.0		1.0		1.0		-1		42794		1022.76193062
1.0		1.0		1.0		-1		42795		1025.6433677
1.0		1.0		1.0		-1		42796		1023.08329875
1.0		1.0		1.0		-1		42797		1022.40655404
1.0		1.0		1.0		-1		42798		1022.74208482
1.0		1.0		1.0		-1		42799		1025.15972418
1.0		1.0		1.0		-1		42800		1024.19119321
1.0		1.0		1.0		-1		42801		1022.36478009
1.0		1.0		1.0		-1		42802		1023.41625804
1.0		1.0		1.0		-1		42803		1023.09445308
1.0		1.0		1.0		-1		42804		1026.02299776
1.0		1.0		1.0		-1		42805		1024.60663376
1.0		1.0		1.0		-1		42806		1025.62673689
1.0		1.0		1.0		-1		42807		1021.78420208
1.0		1.0		1.0		-1		42808		1028.33290724
1.0		1.0		1.0		-1		42809		1018.74982559
1.0		1.0		1.0		-1		90200		1010.91823043
1.0		1.0		1.0		-1		90201		1010.16174291
1.0		1.0		1.0		-1		90202		1007.88331932
1.0		1.0		1.0		-1		90203		1016.25382389
1.0		1.0		1.0		-1		90204		1006.31637925
1.0		1.0		1.0		-1		90205		1009.37547445
1.0		1.0		1.0		-1		90206		1008.17046215
1.0		1.0		1.0		-1		90207		1009.6980061
1.0		1.0		1.0		-1		90208		1011.82002164
1.0		1.0		1.0		-1		90209		1011.41177345
1.0		1.0		1.0		-1		90210		1014.42388619
1.0		1.0		1.0		-1		90211		1004.82830496
1.0		1.0		1.0		-1		90212		1001.93770259
1.0		1.0		1.0		-1		90213		1008.9897863
1.0		1.0		1.0		-1		90214		1012.01442636
1.0		1.0		1.0		-1		90215		1009.10421944
1.0		1.0		1.0		-1		90216		998.393237853
1.0		1.0		1.0		-1		90217		1014.14383684
1.0		1.0		1.0		-1		90218		1018.06845859
1.0		1.0		1.0		-1		90219		1005.31210024
1.0		1.0		1.0		-1		90220		1034.89355338
1.0		1.0		1.0		-1		90221		1013.09244062
1.0		1.0		1.0		-1		90222		1008.42344473
1.0		1.0		1.0		-1		90223		1023.19365845
1.0		1.0		1.0		-1		90224		1004.25265214
1.0		1.0		1.0		-1		90225		1007.36942012
1.0		1.0		1.0		-1		90226		1008.44892736
1.0		1.0		1.0		-1		90227		1013.5148053
1.0		1.0		1.0		-1		90228		1011.69302357
1.0		1.0		1.0		-1		90229		1007.31876131
1.0		1.0		1.0		-1		90230		1015.66256805
1.0		1.0		1.0		-1		90231		1006.4611974
1.0		1.0		1.0		-1		90232		1010.22978858
1.0		1.0		1.0		-1		90233		1011.39009738
1.0		1.0		1.0		-1		90234		1003.50186031
1.0		1.0		1.0		-1		90235		922.88466181
1.0		1.0		1.0		-1		90236		1008.69072411
1.0		1.0		1.0		-1		90237		1041.51412258
1.0		1.0		1.0		-1		90238		1025.41133382
1.0		1.0		1.0		-1		90239		1040.34912028
1.0		1.0		1.0		-1		90240		1011.91005647
1.0		1.0		1.0		-1		90241		1013.64959322
1.0		1.0		1.0		-1		90242		1007.73451045
1.0		1.0		1.0		-1		90243		1021.52560056
1.0		1.0		1.0		-1		90244		1056.98152997
1.0		1.0		1.0		-1		90245		1007.77432119
1.0		1.0		1.0		-1		90246		999.337002724
1.0		1.0		1.0		-1		90247		1039.1341309
1.0		1.0		1.0		-1		90248		1001.40362424
1.0		1.0		1.0		-1		90249		1010.07320999
1.0		1.0		1.0		-1		90250		1010.73383668
1.0		1.0		1.0		-1		90251		1000.54320255
1.0		1.0		1.0		-1		90252		1011.56438912
1.0		1.0		1.0		-1		90253		1007.57485097
1.0		1.0		1.0		-1		90254		1007.37738069
1.0		1.0		1.0		-1		90255		1011.38075376
1.0		1.0		1.0		-1		90256		1009.83615103
1.0		1.0		1.0		-1		90257		1009.20484067
1.0		1.0		1.0		-1		90258		1006.08345852
1.0		1.0		1.0		-1		90259		1007.18331559
1.0		1.0		1.0		-1		90260		1033.04656328
1.0		1.0		1.0		-1		90261		1130.06554718
1.0		1.0		1.0		-1		90262		975.340689324
1.0		1.0		1.0		-1		90263		1006.11446468
1.0		1.0		1.0		-1		90264		1013.13416493
1.0		1.0		1.0		-1		90265		1012.00994903
1.0		1.0		1.0		-1		90266		1009.27106014
1.0		1.0		1.0		-1		90267		1011.72290411
1.0		1.0		1.0		-1		90268		1009.64992563
1.0		1.0		1.0		-1		90269		1009.43191155
1.0		1.0		1.0		-1		90270		1002.36364901
1.0		1.0		1.0		-1		90271		1009.37586917
1.0		1.0		1.0		-1		90272		995.123499225
1.0		1.0		1.0		-1		90273		1006.50410334
1.0		1.0		1.0		-1		90274		1011.06723255
1.0		1.0		1.0		-1		90275		1006.81302736
1.0		1.0		1.0		-1		90276		1011.36865273
1.0		1.0		1.0		-1		90277		1009.5613338
1.0		1.0		1.0		-1		90278		1008.93357544
1.0		1.0		1.0		-1		90279		1010.40304165
1.0		1.0		1.0		-1		90280		1010.04089825
1.0		1.0		1.0		-1		90281		1011.09067475
1.0		1.0		1.0		-1		90282		993.643364649
1.0		1.0		1.0		-1		90283		1006.45713738
1.0		1.0		1.0		-1		90284		1006.90397448
1.0		1.0		1.0		-1		90285		1010.67247925
1.0		1.0		1.0		-1		90286		1113.5133739
1.0		1.0		1.0		-1		90287		1008.20939516
1.0		1.0		1.0		-1		90288		1010.04916508
1.0		1.0		1.0		-1		90289		1010.78793894
1.0		1.0		1.0		-1		90290		1088.26955559
1.0		1.0		1.0		-1		90291		1008.64849466
1.0		1.0		1.0		-1		90292		1010.38691132
1.0		1.0		1.0		-1		90293		1008.38436256
1.0		1.0		1.0		-1		90294		1005.00483433
1.0		1.0		1.0		-1		90295		1010.06803906
1.0		1.0		1.0		-1		90296		1010.58268243
1.0		1.0		1.0		-1		90297		1009.5614773
1.0		1.0		1.0		-1		90298		1011.847871
1.0		1.0		1.0		-1		90299		1011.26820506
1.0		1.0		1.0		-1		90300		1010.99438679
1.0		1.0		1.0		-1		90301		965.269111742
1.0		1.0		1.0		-1		90302		1041.00793856
1.0		1.0		1.0		-1		91200		1012.21271515
1.0		1.0		1.0		-1		91201		1013.1027389
1.0		1.0		1.0		-1		91202		1012.16485715
1.0		1.0		1.0		-1		91203		1012.02980889
1.0		1.0		1.0		-1		91204		1018.38902374
1.0		1.0		1.0		-1		91205		1016.15169592
1.0		1.0		1.0		-1		91206		1013.16888949
1.0		1.0		1.0		-1		91207		1009.02828387
1.0		1.0		1.0		-1		91208		1016.10560914
1.0		1.0		1.0		-1		91209		1013.81058746
1.0		1.0		1.0		-1		91210		1007.07984153
1.0		1.0		1.0		-1		91211		1013.93682945
1.0		1.0		1.0		-1		91212		1013.27277847
1.0		1.0		1.0		-1		91213		1015.43102927
1.0		1.0		1.0		-1		91214		1010.80920597
1.0		1.0		1.0		-1		91215		1022.9830509
1.0		1.0		1.0		-1		91216		1011.23101808
1.0		1.0		1.0		-1		91217		1009.4840735
1.0		1.0		1.0		-1		91218		1018.65291017
1.0		1.0		1.0		-1		91219		1000.36370466
1.0		1.0		1.0		-1		91220		1008.55016141
1.0		1.0		1.0		-1		91221		1015.8549866
1.0		1.0		1.0		-1		91222		1003.54233032
1.0		1.0		1.0		-1		91223		1015.13274832
1.0		1.0		1.0		-1		91224		1021.81965614
1.0		1.0		1.0		-1		91225		1016.48383065
1.0		1.0		1.0		-1		91226		1010.89709302
1.0		1.0		1.0		-1		91227		1012.18599171
1.0		1.0		1.0		-1		91228		1004.52061858
1.0		1.0		1.0		-1		91229		1012.51624729
1.0		1.0		1.0		-1		91230		1013.3911164
1.0		1.0		1.0		-1		91231		1009.9949306
1.0		1.0		1.0		-1		91232		1018.29037199
1.0		1.0		1.0		-1		91233		1005.15814657
1.0		1.0		1.0		-1		91234		1006.84932273
1.0		1.0		1.0		-1		91235		1014.59484793
1.0		1.0		1.0		-1		91236		1018.97163223
1.0		1.0		1.0		-1		91237		1030.27469714
1.0		1.0		1.0		-1		91238		1014.18119517
1.0		1.0		1.0		-1		91239		1018.63163321
1.0		1.0		1.0		-1		91240		1007.1679635
1.0		1.0		1.0		-1		91241		1030.59024219
1.0		1.0		1.0		-1		91242		1007.69199048
1.0		1.0		1.0		-1		91243		1014.12820179
1.0		1.0		1.0		-1		91244		1010.02945401
1.0		1.0		1.0		-1		91245		996.571830956
1.0		1.0		1.0		-1		91246		1013.04825021
1.0		1.0		1.0		-1		91247		1003.47666339
1.0		1.0		1.0		-1		91248		1017.37745716
1.0		1.0		1.0		-1		91249		1012.30051208
1.0		1.0		1.0		-1		91250		1016.85693007
1.0		1.0		1.0		-1		91251		1016.72958387
1.0		1.0		1.0		-1		91252		1018.85619372
1.0		1.0		1.0		-1		91253		1004.62103294
1.0		1.0		1.0		-1		91254		1016.03369299
1.0		1.0		1.0		-1		91255		1013.39336234
1.0		1.0		1.0		-1		91256		1008.94067734
1.0		1.0		1.0		-1		91257		1013.30570947
1.0		1.0		1.0		-1		91258		1013.27398729
1.0		1.0		1.0		-1		91259		997.340649091
1.0		1.0		1.0		-1		91260		1013.20090083
1.0		1.0		1.0		-1		91261		1010.57414256
1.0		1.0		1.0		-1		91262		1016.50151454
1.0		1.0		1.0		-1		91263		1000.7383747
1.0		1.0		1.0		-1		91264		1001.86710963
1.0		1.0		1.0		-1		91265		1006.52388416
1.0		1.0		1.0		-1		91266		1007.15155758
1.0		1.0		1.0		-1		91267		1013.65666454
1.0		1.0		1.0		-1		91268		1015.91455891
1.0		1.0		1.0		-1		91269		1014.14601014
1.0		1.0		1.0		-1		91270		1009.74703381
1.0		1.0		1.0		-1		91271		1011.64357649
1.0		1.0		1.0		-1		91272		1011.87780725
1.0		1.0		1.0		-1		91273		1014.74518251
1.0		1.0		1.0		-1		91274		1009.38961411
1.0		1.0		1.0		-1		91275		1008.57571981
1.0		1.0		1.0		-1		91276		1017.86161529
1.0		1.0		1.0		-1		91277		1006.97178612
1.0		1.0		1.0		-1		91278		1012.40563829
1.0		1.0		1.0		-1		91279		1008.44015137
1.0		1.0		1.0		-1		91280		1017.20999471
1.0		1.0		1.0		-1		91281		1011.73540889
1.0		1.0		1.0		-1		91282		1015.2581088
1.0		1.0		1.0		-1		91283		1014.32972041
1.0		1.0		1.0		-1		91284		1015.79203868
1.0		1.0		1.0		-1		91285		1009.40128025
1.0		1.0		1.0		-1		91286		1011.38019085
1.0		1.0		1.0		-1		91287		1015.99801371
1.0		1.0		1.0		-1		91288		1014.03244279
1.0		1.0		1.0		-1		91289		1010.07902685
1.0		1.0		1.0		-1		91290		1016.82323637
1.0		1.0		1.0		-1		91291		1010.94647778
1.0		1.0		1.0		-1		91292		1010.38223047
1.0		1.0		1.0		-1		91293		1014.56903888
1.0		1.0		1.0		-1		91294		1006.4084184
1.0		1.0		1.0		-1		91295		1005.62432113
1.0		1.0		1.0		-1		91296		1007.42222892
1.0		1.0		1.0		-1		91297		1010.12468923
1.0		1.0		1.0		-1		91298		1008.58597691
1.0		1.0		1.0		-1		91299		1010.86152467
1.0		1.0		1.0		-1		91300		1013.85039918
1.0		1.0		1.0		-1		91301		986.022544834
1.0		1.0		1.0		-1		91302		1045.26060928
1.0		1.0		1.0		-1		90400		1011.36128054
1.0		1.0		1.0		-1		90401		1018.16461254
1.0		1.0		1.0		-1		90402		995.376150369
1.0		1.0		1.0		-1		90403		987.686017475
1.0		1.0		1.0		-1		90404		1014.70749411
1.0		1.0		1.0		-1		90405		1010.15144129
1.0		1.0		1.0		-1		90406		1021.22622571
1.0		1.0		1.0		-1		90407		1008.46658731
1.0		1.0		1.0		-1		90408		1013.11419257
1.0		1.0		1.0		-1		90409		1011.4870169
1.0		1.0		1.0		-1		90410		1012.48082859
1.0		1.0		1.0		-1		90411		1008.8385173
1.0		1.0		1.0		-1		90412		1014.39191464
1.0		1.0		1.0		-1		90413		1011.53908364
1.0		1.0		1.0		-1		90414		1006.48439877
1.0		1.0		1.0		-1		90415		1009.59808954
1.0		1.0		1.0		-1		90416		1012.76364045
1.0		1.0		1.0		-1		90417		1011.03418582
1.0		1.0		1.0		-1		90418		1007.66311638
1.0		1.0		1.0		-1		90419		1013.45427235
1.0		1.0		1.0		-1		90420		1022.29369513
1.0		1.0		1.0		-1		90421		1009.38422602
1.0		1.0		1.0		-1		90422		1010.79114021
1.0		1.0		1.0		-1		90423		1014.16291539
1.0		1.0		1.0		-1		90424		1010.02290316
1.0		1.0		1.0		-1		90425		1006.43742024
1.0		1.0		1.0		-1		90426		1010.83176408
1.0		1.0		1.0		-1		90427		1005.5215931
1.0		1.0		1.0		-1		90428		1013.63626625
1.0		1.0		1.0		-1		90429		1011.63543008
1.0		1.0		1.0		-1		90430		1012.17778701
1.0		1.0		1.0		-1		90431		965.269111742
1.0		1.0		1.0		-1		90432		1041.00793856
1.0		1.0		1.0		-1		91400		1012.26053347
1.0		1.0		1.0		-1		91401		1018.14901418
1.0		1.0		1.0		-1		91402		1021.62963932
1.0		1.0		1.0		-1		91403		1013.86065009
1.0		1.0		1.0		-1		91404		1002.87669857
1.0		1.0		1.0		-1		91405		1008.89875004
1.0		1.0		1.0		-1		91406		1011.32465124
1.0		1.0		1.0		-1		91407		1011.3087157
1.0		1.0		1.0		-1		91408		1016.3813171
1.0		1.0		1.0		-1		91409		1000.69603714
1.0		1.0		1.0		-1		91410		1007.77120664
1.0		1.0		1.0		-1		91411		1021.67394131
1.0		1.0		1.0		-1		91412		1015.97744535
1.0		1.0		1.0		-1		91413		1014.10055533
1.0		1.0		1.0		-1		91414		1014.2913447
1.0		1.0		1.0		-1		91415		1016.85622873
1.0		1.0		1.0		-1		91416		1014.44474569
1.0		1.0		1.0		-1		91417		1006.59169847
1.0		1.0		1.0		-1		91418		1011.97695778
1.0		1.0		1.0		-1		91419		1016.64386285
1.0		1.0		1.0		-1		91420		1005.697197
1.0		1.0		1.0		-1		91421		1006.40127491
1.0		1.0		1.0		-1		91422		1012.85548686
1.0		1.0		1.0		-1		91423		1010.28797325
1.0		1.0		1.0		-1		91424		1008.58307398
1.0		1.0		1.0		-1		91425		1013.96400553
1.0		1.0		1.0		-1		91426		1002.72584979
1.0		1.0		1.0		-1		91427		1014.03582772
1.0		1.0		1.0		-1		91428		1006.16446289
1.0		1.0		1.0		-1		91429		1013.76672079
1.0		1.0		1.0		-1		91430		1017.18436674
1.0		1.0		1.0		-1		91431		986.022544834
1.0		1.0		1.0		-1		91432		1045.26060928
1.0		1.0		1.0		-1		61100		1103.27671098
1.0		1.0		1.0		-1		61101		1105.11313048
1.0		1.0		1.0		-1		61102		1101.44861258
1.0		1.0		1.0		-1		61103		1100.13008552
1.0		1.0		1.0		-1		61104		1106.42542263
1.0		1.0		1.0		-1		61105		1102.93430305
1.0		1.0		1.0		-1		61106		1103.61368431
1.0		1.0		1.0		-1		61107		1099.73638018
1.0		1.0		1.0		-1		61108		1106.72554564
1.0		1.0		1.0		-1		61109		1106.34020502
1.0		1.0		1.0		-1		61110		1100.18032925
1.0		1.0		1.0		-1		61111		1107.51654537
1.0		1.0		1.0		-1		61112		1099.27393454
1.0		1.0		1.0		-1		61113		1103.77528871
1.0		1.0		1.0		-1		61114		1102.74726041
1.0		1.0		1.0		-1		61115		1100.59657206
1.0		1.0		1.0		-1		61116		1105.09296097
1.0		1.0		1.0		-1		61117		1102.07422223
1.0		1.0		1.0		-1		61118		1104.94822763
1.0		1.0		1.0		-1		61119		1099.28113254
1.0		1.0		1.0		-1		61120		1106.82523808
1.0		1.0		1.0		-1		61121		1109.07735917
1.0		1.0		1.0		-1		61122		1098.08522292
1.0		1.0		1.0		-1		61123		1098.2684531
1.0		1.0		1.0		-1		61124		1108.79247934
1.0		1.0		1.0		-1		61125		1100.62070185
1.0		1.0		1.0		-1		61126		1105.32468857
1.0		1.0		1.0		-1		61127		1092.60207735
1.0		1.0		1.0		-1		61128		1109.88810704
1.0		1.0		1.0		-1		61130		1103.27671098
1.0		1.0		1.0		-1		61131		1122.3162977
1.0		1.0		1.0		-1		61132		1084.50239818
1.0		1.0		1.0		-1		61133		1155.11550978
1.0		1.0		1.0		-1		61134		1132.32714525
1.0		1.0		1.0		-1		61135		1105.27384936
1.0		1.0		1.0		-1		61136		1099.13509388
1.0		1.0		1.0		-1		61137		1102.18778833
1.0		1.0		1.0		-1		61138		1104.45036515
1.0		1.0		1.0		-1		61139		1096.84627413
1.0		1.0		1.0		-1		61140		1109.6390736
1.0		1.0		1.0		-1		61141		1103.12218671
1.0		1.0		1.0		-1		61142		1109.73642649
1.0		1.0		1.0		-1		61143		1140.66003275
1.0		1.0		1.0		-1		61200		1083.47660404
1.0		1.0		1.0		-1		61201		1084.53076861
1.0		1.0		1.0		-1		61202		1082.08303414
1.0		1.0		1.0		-1		61203		1080.81605966
1.0		1.0		1.0		-1		61204		1085.7969537
1.0		1.0		1.0		-1		61205		1081.69922243
1.0		1.0		1.0		-1		61206		1084.90524991
1.0		1.0		1.0		-1		61207		1077.52797805
1.0		1.0		1.0		-1		61208		1089.00252047
1.0		1.0		1.0		-1		61209		1087.20521414
1.0		1.0		1.0		-1		61210		1079.42182805
1.0		1.0		1.0		-1		61211		1082.04102777
1.0		1.0		1.0		-1		61212		1084.55860873
1.0		1.0		1.0		-1		61213		1082.41637504
1.0		1.0		1.0		-1		61214		1084.142211
1.0		1.0		1.0		-1		61215		1081.56494091
1.0		1.0		1.0		-1		61216		1083.93595251
1.0		1.0		1.0		-1		61217		1082.99817916
1.0		1.0		1.0		-1		61218		1083.62832567
1.0		1.0		1.0		-1		61219		1083.16754242
1.0		1.0		1.0		-1		61220		1083.39731925
1.0		1.0		1.0		-1		61221		1074.00815196
1.0		1.0		1.0		-1		61222		1093.05546815
1.0		1.0		1.0		-1		61223		1080.38954837
1.0		1.0		1.0		-1		61224		1086.25362234
1.0		1.0		1.0		-1		61225		1084.9079488
1.0		1.0		1.0		-1		61226		1080.36724665
1.0		1.0		1.0		-1		61227		1078.28206997
1.0		1.0		1.0		-1		61228		1083.29395929
1.0		1.0		1.0		-1		61230		1082.4207348
1.0		1.0		1.0		-1		61231		1100.18967548
1.0		1.0		1.0		-1		61232		1065.86044132
1.0		1.0		1.0		-1		61233		1124.23150224
1.0		1.0		1.0		-1		61234		1099.59399149
1.0		1.0		1.0		-1		61235		1079.75536462
1.0		1.0		1.0		-1		61236		1079.65291625
1.0		1.0		1.0		-1		61237		1081.00191855
1.0		1.0		1.0		-1		61238		1084.11439778
1.0		1.0		1.0		-1		61239		1069.26863782
1.0		1.0		1.0		-1		61240		1088.61530656
1.0		1.0		1.0		-1		61241		1073.2219523
1.0		1.0		1.0		-1		61242		1094.39860773
1.0		1.0		1.0		-1		61243		1091.74153401
1.0		1.0		1.0		-1		13400		991.792635114
1.0		1.0		1.0		-1		13401		991.47417819
1.0		1.0		1.0		-1		13402		991.154563988
1.0		1.0		1.0		-1		13403		990.836124826
1.0		1.0		1.0		-1		13404		990.5152168
1.0		1.0		1.0		-1		13405		990.197449781
1.0		1.0		1.0		-1		13406		989.8773637
1.0		1.0		1.0		-1		13407		989.559269366
1.0		1.0		1.0		-1		13408		989.240092942
1.0		1.0		1.0		-1		13409		988.921981797
1.0		1.0		1.0		-1		13410		988.602606323
1.0		1.0		1.0		-1		13411		988.28239775
1.0		1.0		1.0		-1		13412		987.962721558
1.0		1.0		1.0		-1		13413		987.644543409
1.0		1.0		1.0		-1		13414		987.324643846
1.0		1.0		1.0		-1		13415		987.005920545
1.0		1.0		1.0		-1		13416		986.687879727
1.0		1.0		1.0		-1		13417		986.369883563
1.0		1.0		1.0		-1		13418		986.049785871
1.0		1.0		1.0		-1		13419		985.73053529
1.0		1.0		1.0		-1		13420		985.412033029
1.0		1.0		1.0		-1		13421		985.094467182
1.0		1.0		1.0		-1		13422		984.774874977
1.0		1.0		1.0		-1		13423		984.457122617
1.0		1.0		1.0		-1		13424		984.138772236
1.0		1.0		1.0		-1		13425		983.817319707
1.0		1.0		1.0		-1		13426		983.499361785
1.0		1.0		1.0		-1		13427		983.18175983
1.0		1.0		1.0		-1		13428		982.86248899
1.0		1.0		1.0		-1		13429		982.544744497
1.0		1.0		1.0		-1		13430		982.225779994
1.0		1.0		1.0		-1		82200		1003.98834177
1.0		1.0		1.0		-1		82201		1004.74143209
1.0		1.0		1.0		-1		82202		1003.88473177
1.0		1.0		1.0		-1		82203		1003.86236946
1.0		1.0		1.0		-1		82204		1010.09979106
1.0		1.0		1.0		-1		82205		1007.88911841
1.0		1.0		1.0		-1		82206		1005.04268005
1.0		1.0		1.0		-1		82207		1000.92456467
1.0		1.0		1.0		-1		82208		1007.87589474
1.0		1.0		1.0		-1		82209		1005.58599966
1.0		1.0		1.0		-1		82210		998.884758351
1.0		1.0		1.0		-1		82211		1005.80665246
1.0		1.0		1.0		-1		82212		1005.10533066
1.0		1.0		1.0		-1		82213		1007.26007247
1.0		1.0		1.0		-1		82214		1002.57413421
1.0		1.0		1.0		-1		82215		1014.46984998
1.0		1.0		1.0		-1		82216		1003.12862145
1.0		1.0		1.0		-1		82217		1001.22188671
1.0		1.0		1.0		-1		82218		1010.35620083
1.0		1.0		1.0		-1		82219		992.312882511
1.0		1.0		1.0		-1		82220		1000.45907808
1.0		1.0		1.0		-1		82221		1007.55603264
1.0		1.0		1.0		-1		82222		995.339341403
1.0		1.0		1.0		-1		82223		1006.92850732
1.0		1.0		1.0		-1		82224		1013.46808086
1.0		1.0		1.0		-1		82225		1008.10657333
1.0		1.0		1.0		-1		82226		1002.57798974
1.0		1.0		1.0		-1		82227		1004.08855422
1.0		1.0		1.0		-1		82228		996.396328294
1.0		1.0		1.0		-1		82229		1004.21816985
1.0		1.0		1.0		-1		82230		1005.11329495
1.0		1.0		1.0		-1		82231		1001.89092101
1.0		1.0		1.0		-1		82232		1009.97245831
1.0		1.0		1.0		-1		82233		996.918892359
1.0		1.0		1.0		-1		82234		998.63013385
1.0		1.0		1.0		-1		82235		1006.33649386
1.0		1.0		1.0		-1		82236		1010.7079585
1.0		1.0		1.0		-1		82237		1021.94722219
1.0		1.0		1.0		-1		82238		1005.92043469
1.0		1.0		1.0		-1		82239		1010.31852925
1.0		1.0		1.0		-1		82240		998.983779016
1.0		1.0		1.0		-1		82241		1022.20932138
1.0		1.0		1.0		-1		82242		999.477971305
1.0		1.0		1.0		-1		82243		1005.9590919
1.0		1.0		1.0		-1		82244		1001.8046908
1.0		1.0		1.0		-1		82245		988.432462119
1.0		1.0		1.0		-1		82246		1004.81555306
1.0		1.0		1.0		-1		82247		995.27738085
1.0		1.0		1.0		-1		82248		1009.1359232
1.0		1.0		1.0		-1		82249		1004.06535847
1.0		1.0		1.0		-1		82250		1008.61361291
1.0		1.0		1.0		-1		82251		1008.46297456
1.0		1.0		1.0		-1		82252		1010.57238522
1.0		1.0		1.0		-1		82253		996.458043188
1.0		1.0		1.0		-1		82254		1007.79789039
1.0		1.0		1.0		-1		82255		1005.17465859
1.0		1.0		1.0		-1		82256		1000.69555261
1.0		1.0		1.0		-1		82257		1005.06713093
1.0		1.0		1.0		-1		82258		1005.08402996
1.0		1.0		1.0		-1		82259		989.23528267
1.0		1.0		1.0		-1		82260		1004.98860762
1.0		1.0		1.0		-1		82261		1002.3650709
1.0		1.0		1.0		-1		82262		1008.23343856
1.0		1.0		1.0		-1		82263		992.582876023
1.0		1.0		1.0		-1		82264		993.71710776
1.0		1.0		1.0		-1		82265		998.331103953
1.0		1.0		1.0		-1		82266		998.958822963
1.0		1.0		1.0		-1		82267		1005.40571819
1.0		1.0		1.0		-1		82268		1007.66909308
1.0		1.0		1.0		-1		82269		1005.88835952
1.0		1.0		1.0		-1		82270		1001.51978615
1.0		1.0		1.0		-1		82271		1003.43095479
1.0		1.0		1.0		-1		82272		1003.64409371
1.0		1.0		1.0		-1		82273		1006.48665106
1.0		1.0		1.0		-1		82274		1001.17891255
1.0		1.0		1.0		-1		82275		1000.37409412
1.0		1.0		1.0		-1		82276		1009.62316154
1.0		1.0		1.0		-1		82277		998.79220754
1.0		1.0		1.0		-1		82278		1004.19770772
1.0		1.0		1.0		-1		82279		1000.23295347
1.0		1.0		1.0		-1		82280		1008.91674001
1.0		1.0		1.0		-1		82281		1003.52276058
1.0		1.0		1.0		-1		82282		1007.02669119
1.0		1.0		1.0		-1		82283		1006.08479756
1.0		1.0		1.0		-1		82284		1007.53753305
1.0		1.0		1.0		-1		82285		1001.20434925
1.0		1.0		1.0		-1		82286		1003.19451622
1.0		1.0		1.0		-1		82287		1007.72604871
1.0		1.0		1.0		-1		82288		1005.78097337
1.0		1.0		1.0		-1		82289		1001.85996102
1.0		1.0		1.0		-1		82290		1008.54989716
1.0		1.0		1.0		-1		82291		1002.71461378
1.0		1.0		1.0		-1		82292		1002.15276208
1.0		1.0		1.0		-1		82293		1006.32834693
1.0		1.0		1.0		-1		82294		998.203035865
1.0		1.0		1.0		-1		82295		997.448952001
1.0		1.0		1.0		-1		82296		999.234523692
1.0		1.0		1.0		-1		82297		1001.9235441
1.0		1.0		1.0		-1		82298		1000.38401614
1.0		1.0		1.0		-1		82299		1002.65655208
1.0		1.0		1.0		-1		82300		1005.61836491
1.0		1.0		1.0		-1		82301		1003.98552022
1.0		1.0		1.0		-1		82302		1003.97070868
1.0		1.0		1.0		-1		82303		1003.9911063
1.0		1.0		1.0		-1		82304		1003.99165048
1.0		1.0		1.0		-1		82305		1003.99650357
1.0		1.0		1.0		-1		82306		1003.98953129
1.0		1.0		1.0		-1		82307		1003.97657582
1.0		1.0		1.0		-1		292200		1020.30316393
1.0		1.0		1.0		-1		292201		929.049552503
1.0		1.0		1.0		-1		292202		1049.0753086
1.0		1.0		1.0		-1		292203		966.828177344
1.0		1.0		1.0		-1		292204		2000.49923034
1.0		1.0		1.0		-1		292205		1125.92710549
1.0		1.0		1.0		-1		292206		942.372791904
1.0		1.0		1.0		-1		292207		1215.44851152
1.0		1.0		1.0		-1		292208		873.952682943
1.0		1.0		1.0		-1		292209		1216.72021396
1.0		1.0		1.0		-1		292210		949.317037593
1.0		1.0		1.0		-1		292211		895.83943812
1.0		1.0		1.0		-1		292212		789.84856086
1.0		1.0		1.0		-1		292213		1031.4777633
1.0		1.0		1.0		-1		292214		1016.47454878
1.0		1.0		1.0		-1		292215		995.618109656
1.0		1.0		1.0		-1		292216		1198.18789157
1.0		1.0		1.0		-1		292217		1008.27389342
1.0		1.0		1.0		-1		292218		1069.66218443
1.0		1.0		1.0		-1		292219		1123.95420598
1.0		1.0		1.0		-1		292220		1119.62547518
1.0		1.0		1.0		-1		292221		1048.98638653
1.0		1.0		1.0		-1		292222		1221.20647018
1.0		1.0		1.0		-1		292223		1049.24781832
1.0		1.0		1.0		-1		292224		1183.89918632
1.0		1.0		1.0		-1		292225		1223.678879
1.0		1.0		1.0		-1		292226		1030.54572289
1.0		1.0		1.0		-1		292227		1076.56637743
1.0		1.0		1.0		-1		292228		1019.4884945
1.0		1.0		1.0		-1		292229		856.084520051
1.0		1.0		1.0		-1		292230		1000.21321738
1.0		1.0		1.0		-1		292231		1048.63502072
1.0		1.0		1.0		-1		292232		1017.47693095
1.0		1.0		1.0		-1		292233		1077.45908511
1.0		1.0		1.0		-1		292234		997.925853573
1.0		1.0		1.0		-1		292235		1118.12341651
1.0		1.0		1.0		-1		292236		838.595810113
1.0		1.0		1.0		-1		292237		973.013967639
1.0		1.0		1.0		-1		292238		930.192641883
1.0		1.0		1.0		-1		292239		1114.00846867
1.0		1.0		1.0		-1		292240		878.787882857
1.0		1.0		1.0		-1		292241		1197.13205114
1.0		1.0		1.0		-1		292242		977.513659426
1.0		1.0		1.0		-1		292243		1016.5175116
1.0		1.0		1.0		-1		292244		996.455835986
1.0		1.0		1.0		-1		292245		1202.79313776
1.0		1.0		1.0		-1		292246		1112.1517493
1.0		1.0		1.0		-1		292247		957.583565465
1.0		1.0		1.0		-1		292248		1192.49938176
1.0		1.0		1.0		-1		292249		1010.31053613
1.0		1.0		1.0		-1		292250		872.213765311
1.0		1.0		1.0		-1		292251		903.187439638
1.0		1.0		1.0		-1		292252		1059.21402749
1.0		1.0		1.0		-1		292253		1038.08650208
1.0		1.0		1.0		-1		292254		940.430925327
1.0		1.0		1.0		-1		292255		937.877290329
1.0		1.0		1.0		-1		292256		941.800847031
1.0		1.0		1.0		-1		292257		1082.291927
1.0		1.0		1.0		-1		292258		938.507304912
1.0		1.0		1.0		-1		292259		1207.88207311
1.0		1.0		1.0		-1		292260		1252.53693491
1.0		1.0		1.0		-1		292261		944.070676505
1.0		1.0		1.0		-1		292262		1006.39455915
1.0		1.0		1.0		-1		292263		1074.33974984
1.0		1.0		1.0		-1		292264		953.518221908
1.0		1.0		1.0		-1		292265		961.347222679
1.0		1.0		1.0		-1		292266		1038.63192342
1.0		1.0		1.0		-1		292267		1102.43157665
1.0		1.0		1.0		-1		292268		896.648748792
1.0		1.0		1.0		-1		292269		1054.95249356
1.0		1.0		1.0		-1		292270		852.905877723
1.0		1.0		1.0		-1		292271		960.611808878
1.0		1.0		1.0		-1		292272		952.410128401
1.0		1.0		1.0		-1		292273		997.651270627
1.0		1.0		1.0		-1		292274		1036.17114728
1.0		1.0		1.0		-1		292275		1448.96225157
1.0		1.0		1.0		-1		292276		930.147905769
1.0		1.0		1.0		-1		292277		1012.78968743
1.0		1.0		1.0		-1		292278		1102.05435298
1.0		1.0		1.0		-1		292279		918.948937609
1.0		1.0		1.0		-1		292280		1026.57302219
1.0		1.0		1.0		-1		292281		962.065787273
1.0		1.0		1.0		-1		292282		1145.66973565
1.0		1.0		1.0		-1		292283		647.619053813
1.0		1.0		1.0		-1		292284		1471.40097309
1.0		1.0		1.0		-1		292285		1009.24696203
1.0		1.0		1.0		-1		292286		1048.99242946
1.0		1.0		1.0		-1		292287		1303.36895438
1.0		1.0		1.0		-1		292288		1087.54428102
1.0		1.0		1.0		-1		292289		973.867496967
1.0		1.0		1.0		-1		292290		1013.99536981
1.0		1.0		1.0		-1		292291		939.725010277
1.0		1.0		1.0		-1		292292		940.569817666
1.0		1.0		1.0		-1		292293		1148.68531563
1.0		1.0		1.0		-1		292294		934.027442635
1.0		1.0		1.0		-1		292295		1084.91690665
1.0		1.0		1.0		-1		292296		1060.68901661
1.0		1.0		1.0		-1		292297		1024.54956528
1.0		1.0		1.0		-1		292298		1037.56113116
1.0		1.0		1.0		-1		292299		848.374978826
1.0		1.0		1.0		-1		292300		1006.23962632
1.0		1.0		1.0		-1		292301		996.027238645
1.0		1.0		1.0		-1		292302		1035.55105211
1.0		1.0		1.0		-1		292600		1006.98937123
1.0		1.0		1.0		-1		315000		1168.03791819
1.0		1.0		1.0		-1		315200		1439.56070617
1.0		1.0		1.0		-1		262000		1062.33342203
1.0		1.0		1.0		-1		263000		1388.57601892

#***************************************************************************
#
# original cross-section: 1157.9678
#     scale variation: +24.4% -18.3%
#     emission scale variation: +13.5% -31.8%
#     central scheme variation: + 0% -24.7%
# PDF variation: +17.6% -17.6%
#
#PDF PDF4LHC15_nnlo_100_pdfas: 1012.21 +5.43% -5.43%
#PDF MMHT2014nlo68clas118: 1007.18 +2.63% -2.22%
#PDF HERAPDF20_NLO_EIG: 1103.28 +1.17% -1.36%
#PDF LUXqed17_plus_PDF4LHC15_nnlo_100: 1003.99 +4.75% -4.75%
#PDF NNPDF31_nnlo_as_0118_mc: 1123.24 +32.3% -32.3%
#PDF CT14nlo: 1005.72 +2.08% -2.74%
#PDF CT14nnlo: 1003.39 +2.5% -2.71%
#PDF PDF4LHC15_nlo_30_pdfas: 1011.36 +4.5% -4.5%
#PDF NNPDF31_nnlo_hessian_pdfas: 1153.57 +18.2% -18.2%
#PDF NNPDF31_nlo_hessian_pdfas: 1123.56 +15.2% -15.2%
#PDF HERAPDF20_NNLO_EIG: 1083.48 +1.08% -1.24%
#PDF NNPDF30_nlo_nf_5_pdfas: 1040.2 +13.8% -13.8%
#PDF PDF4LHC15_nlo_100_pdfas: 1010.92 +19.2% -19.2%
#PDF MMHT2014nnlo68cl: 1027.67 +2.5% -2.9%
#PDF ABMP16als118_5_nnlo: 1024.57 +1.01% -1.01%
#PDF PDF4LHC15_nnlo_30_pdfas: 1012.26 +3.6% -3.6%
# dynamical scheme # 1 : 939.338 +22.5% -17.3% # \sum ET
# dynamical scheme # 2 : 939.338 +22.5% -17.3% # \sum\sqrt{m^2+pt^2}
# dynamical scheme # 3 : 1151.02 +24.4% -18.4% # 0.5 \sum\sqrt{m^2+pt^2}
# dynamical scheme # 4 : 871.528 +21.8% -16.9% # \sqrt{\hat s}
# PDF 263000 : 1388.57601892
#***************************************************************************
