 Parameter mdl_lambda           has been read with value 1.000000e+03        
 Parameter mdl_cpdc             has been read with value 7.573950e-01        
 Parameter mdl_cpwb             has been read with value 6.461460e-01        
 Parameter mdl_cdp              has been read with value 2.509460e-01        
 Parameter mdl_cp               has been read with value 1.351650e-01        
 Parameter mdl_cwww             has been read with value 4.571050e-01        
 Parameter mdl_cg               has been read with value 3.734650e-01        
 Parameter mdl_cpg              has been read with value 5.888800e-02        
 Parameter mdl_cpw              has been read with value 1.511300e-01        
 Parameter mdl_cpbb             has been read with value 4.594190e-01        
 Parameter mdl_cpl1             has been read with value 5.717830e-01        
 Parameter mdl_cpl2             has been read with value 7.403700e-01        
 Parameter mdl_cpl3             has been read with value 3.627500e-01        
 Parameter mdl_c3pl1            has been read with value 7.167140e-01        
 Parameter mdl_c3pl2            has been read with value 4.828770e-01        
 Parameter mdl_c3pl3            has been read with value 6.702700e-02        
 Parameter mdl_cpe              has been read with value 5.026510e-01        
 Parameter mdl_cpmu             has been read with value 2.890170e-01        
 Parameter mdl_cpta             has been read with value 2.272290e-01        
 Parameter mdl_cpqmi            has been read with value 5.611200e-01        
 Parameter mdl_cpq3i            has been read with value 9.550030e-01        
 Parameter mdl_cpq3             has been read with value 8.601340e-01        
 Parameter mdl_cpqm             has been read with value 8.129800e-02        
 Parameter mdl_cpu              has been read with value 9.439940e-01        
 Parameter mdl_cpt              has been read with value 5.493600e-02        
 Parameter mdl_cpd              has been read with value 3.830320e-01        
 Parameter mdl_ctp              has been read with value 9.856160e-01        
 Parameter mdl_ctz              has been read with value 1.601190e-01        
 Parameter mdl_ctw              has been read with value 4.395630e-01        
 Parameter mdl_ctg              has been read with value 7.000000e-01        
 Parameter mdl_cqq83            has been read with value 9.000000e+00        
 Parameter mdl_cqq81            has been read with value 7.000000e+00        
 Parameter mdl_cqu8             has been read with value 9.500000e+00        
 Parameter mdl_ctq8             has been read with value 7.000000e+00        
 Parameter mdl_cqd8             has been read with value 1.200000e+01        
 Parameter mdl_ctu8             has been read with value 9.000000e+00        
 Parameter mdl_ctd8             has been read with value 1.240000e+01        
 Parameter mdl_cqq13            has been read with value 4.100000e+00        
 Parameter mdl_cqq11            has been read with value 4.200000e+00        
 Parameter mdl_cqu1             has been read with value 5.500000e+00        
 Parameter mdl_ctq1             has been read with value 4.400000e+00        
 Parameter mdl_cqd1             has been read with value 7.000000e+00        
 Parameter mdl_ctu1             has been read with value 5.400000e+00        
 Parameter mdl_ctd1             has been read with value 7.000000e+00        
 Parameter mdl_cqq8             has been read with value 9.016670e-01        
 Parameter mdl_cqq1             has been read with value 7.213620e-01        
 Parameter mdl_cqt1             has been read with value 5.412590e-01        
 Parameter mdl_ctt1             has been read with value 9.557010e-01        
 Parameter mdl_cqt8             has been read with value 5.513810e-01        
 Parameter mdl_cqlm1            has been read with value 5.561560e-01        
 Parameter mdl_cqlm2            has been read with value 7.427670e-01        
 Parameter mdl_cql31            has been read with value 1.768400e-01        
 Parameter mdl_cql32            has been read with value 4.711390e-01        
 Parameter mdl_cqe1             has been read with value 2.848720e-01        
 Parameter mdl_cqe2             has been read with value 1.651090e-01        
 Parameter mdl_ctl1             has been read with value 4.442370e-01        
 Parameter mdl_ctl2             has been read with value 9.030600e-02        
 Parameter mdl_cte1             has been read with value 3.331180e-01        
 Parameter mdl_cte2             has been read with value 2.955370e-01        
 Parameter mdl_cqlm3            has been read with value 5.830660e-01        
 Parameter mdl_cql33            has been read with value 1.026250e-01        
 Parameter mdl_cqe3             has been read with value 2.236710e-01        
 Parameter mdl_ctl3             has been read with value 2.333750e-01        
 Parameter mdl_cte3             has been read with value 5.983780e-01        
 Parameter mdl_ctls3            has been read with value 9.608160e-01        
 Parameter mdl_ctlt3            has been read with value 6.126880e-01        
 Parameter mdl_cbls3            has been read with value 7.003320e-01        
 Parameter mdl_cll1111          has been read with value 5.600930e-01        
 Parameter mdl_cll2222          has been read with value 2.672160e-01        
 Parameter mdl_cll3333          has been read with value 5.098470e-01        
 Parameter mdl_cll1122          has been read with value 1.704900e-02        
 Parameter mdl_cll1133          has been read with value 3.745970e-01        
 Parameter mdl_cll2233          has been read with value 5.648600e-01        
 Parameter mdl_cll1221          has been read with value 9.354350e-01        
 Parameter mdl_cll1331          has been read with value 9.492320e-01        
 Parameter mdl_cll2332          has been read with value 1.990830e-01        
 Parameter mu_r                 has been read with value 9.118800e+01        
 Parameter mdl_mt               has been read with value 1.725000e+02        
 Parameter mdl_mz               has been read with value 9.118760e+01        
 Parameter mdl_mw               has been read with value 7.982440e+01        
 Parameter mdl_mh               has been read with value 1.250000e+02        
 Parameter mdl_mueft            has been read with value 9.118000e+01        
 Parameter mdl_gf               has been read with value 1.166370e-05        
 Parameter as                   has been read with value 1.184000e-01        
 Parameter mdl_ymt              has been read with value 1.725000e+02        
 Parameter mdl_wt               has been read with value 1.736800e+00        
 Parameter mdl_wz               has been read with value 2.416023e+00        
 Parameter mdl_ww               has been read with value 2.163410e+00        
 Parameter mdl_wh               has been read with value 4.088000e-03        
