==== LHAPDF6 USING DEFAULT-TYPE LHAGLUE INTERFACE ====
LHAPDF 6.2.1 loading /cvmfs/cms.cern.ch/slc7_amd64_gcc700/external/lhapdf/6.2.1-pafccj3/share/LHAPDF/NNPDF31_nnlo_as_0118_mc_hessian_pdfas/NNPDF31_nnlo_as_0118_mc_hessian_pdfas_0000.dat
NNPDF31_nnlo_as_0118_mc_hessian_pdfas PDF set, member #0, version 1; LHAPDF ID = 325300
 Process in group number            1
 A PDF is used, so alpha_s(MZ) is going to be modified
 Old value of alpha_s from param_card:   0.11839999999999999     
 New value of alpha_s from PDF lhapdf :  0.11800208008122040     
 using LHAPDF
 Warning! ptj set to xqcut=   10.000000000000000       to improve integration efficiency
 Note that this might affect non-radiated jets,
 e.g. from decays. Use cut_decays=F in run_card.
 Warning! mmjj set to xqcut=   10.000000000000000       to improve integration efficiency
 Note that this might affect non-radiated jets,
 e.g. from decays. Use cut_decays=F in run_card.
 Define smin to   100.00000000000000     
 Define smin to   100.00000000000000     
 Define smin to   100.00000000000000     
 Define smin to   100.00000000000000     
 *****************************************************
 *               MadGraph/MadEvent                   *
 *        --------------------------------           *
 *          http://madgraph.hep.uiuc.edu             *
 *          http://madgraph.phys.ucl.ac.be           *
 *          http://madgraph.roma2.infn.it            *
 *        --------------------------------           *
 *                                                   *
 *          PARAMETER AND COUPLING VALUES            *
 *                                                   *
 *****************************************************

  External Params
  ---------------------------------
  
 MU_R =    91.188000000000002     
 mdl_Lambda =    1000.0000000000000     
 mdl_cpDC =   0.75739500000000004     
 mdl_cpWB =   0.64614600000000000     
 mdl_cdp =   0.25094600000000000     
 mdl_cp =   0.13516500000000001     
 mdl_cWWW =   0.45710499999999998     
 mdl_cG =   0.37346499999999999     
 mdl_cpG =    5.8888000000000003E-002
 mdl_cpW =   0.15112999999999999     
 mdl_cpBB =   0.45941900000000002     
 mdl_cpl1 =   0.57178300000000004     
 mdl_cpl2 =   0.74036999999999997     
 mdl_cpl3 =   0.36275000000000002     
 mdl_c3pl1 =   0.71671399999999996     
 mdl_c3pl2 =   0.48287700000000000     
 mdl_c3pl3 =    6.7027000000000003E-002
 mdl_cpe =   0.50265099999999996     
 mdl_cpmu =   0.28901700000000002     
 mdl_cpta =   0.22722899999999999     
 mdl_cpqMi =   0.56111999999999995     
 mdl_cpq3i =   0.95500300000000005     
 mdl_cpQ3 =   0.86013399999999995     
 mdl_cpQM =    8.1297999999999995E-002
 mdl_cpu =   0.94399400000000000     
 mdl_cpt =    5.4935999999999999E-002
 mdl_cpd =   0.38303199999999998     
 mdl_ctp =   0.98561600000000005     
 mdl_ctZ =   0.16011900000000001     
 mdl_ctW =   0.43956299999999998     
 mdl_ctG =   0.69999999999999996     
 mdl_cQq83 =    9.0000000000000000     
 mdl_cQq81 =    7.0000000000000000     
 mdl_cQu8 =    9.5000000000000000     
 mdl_ctq8 =    7.0000000000000000     
 mdl_cQd8 =    12.000000000000000     
 mdl_ctu8 =    9.0000000000000000     
 mdl_ctd8 =    12.400000000000000     
 mdl_cQq13 =    4.0999999999999996     
 mdl_cQq11 =    4.2000000000000002     
 mdl_cQu1 =    5.5000000000000000     
 mdl_ctq1 =    4.4000000000000004     
 mdl_cQd1 =    7.0000000000000000     
 mdl_ctu1 =    5.4000000000000004     
 mdl_ctd1 =    7.0000000000000000     
 mdl_cQQ8 =   0.90166700000000000     
 mdl_cQQ1 =   0.72136199999999995     
 mdl_cQt1 =   0.54125900000000005     
 mdl_ctt1 =   0.95570100000000002     
 mdl_cQt8 =   0.55138100000000001     
 mdl_cQlM1 =   0.55615599999999998     
 mdl_cQlM2 =   0.74276699999999996     
 mdl_cQl31 =   0.17684000000000000     
 mdl_cQl32 =   0.47113899999999997     
 mdl_cQe1 =   0.28487200000000001     
 mdl_cQe2 =   0.16510900000000001     
 mdl_ctl1 =   0.44423699999999999     
 mdl_ctl2 =    9.0305999999999997E-002
 mdl_cte1 =   0.33311800000000003     
 mdl_cte2 =   0.29553699999999999     
 mdl_cQlM3 =   0.58306599999999997     
 mdl_cQl33 =   0.10262499999999999     
 mdl_cQe3 =   0.22367100000000001     
 mdl_ctl3 =   0.23337500000000000     
 mdl_cte3 =   0.59837799999999997     
 mdl_ctlS3 =   0.96081600000000000     
 mdl_ctlT3 =   0.61268800000000001     
 mdl_cblS3 =   0.70033199999999995     
 mdl_cll1111 =   0.56009299999999995     
 mdl_cll2222 =   0.26721600000000001     
 mdl_cll3333 =   0.50984700000000005     
 mdl_cll1122 =    1.7049000000000002E-002
 mdl_cll1133 =   0.37459700000000001     
 mdl_cll2233 =   0.56486000000000003     
 mdl_cll1221 =   0.93543500000000002     
 mdl_cll1331 =   0.94923199999999996     
 mdl_cll2332 =   0.19908300000000001     
 mdl_mueft =    91.180000000000007     
 mdl_Gf =    1.1663700000000000E-005
 aS =   0.11839999999999999     
 mdl_ymt =    172.50000000000000     
 mdl_MZ =    91.187600000000003     
 mdl_MW =    79.824399999999997     
 mdl_MT =    172.50000000000000     
 mdl_MH =    125.00000000000000     
 mdl_WZ =    2.4160230000000000     
 mdl_WW =    2.0029499999999998     
 mdl_WT =    1.4708000000000001     
 mdl_WH =    4.0879999999999996E-003
  Internal Params
  ---------------------------------
  
 mdl_cw0 =   0.87538656571726847     
 mdl_sqrt__2 =    1.4142135623730951     
 mdl_muH0 =    88.388347648318430     
 mdl_MW__exp__2 =    6371.9348353599999     
 mdl_MZ__exp__2 =    8315.1783937600012     
 mdl_sw0 =   0.48342358295983689     
 mdl_cF3pl1 =   0.71671399999999996     
 mdl_cF3pl2 =   0.48287700000000000     
 mdl_cFll =    1.8708700000000000     
 mdl_nb__2__exp__0_25 =    1.1892071150027210     
 mdl_Lambda__exp__2 =    1000000.0000000000     
 mdl_ctB =   0.46474469369245741     
 mdl_cw0__exp__2 =   0.76630163943827356     
 mdl_sw0__exp__2 =   0.23369836056172630     
 mdl_MH__exp__2 =    15625.000000000000     
 mdl_complexi =                (0.0000000000000000,1.0000000000000000)
 mdl_sw0__exp__3 =   0.11297529879458956     
 mdl_cw0__exp__3 =   0.67081016045138286     
 mdl_MT__exp__2 =    29756.250000000000     
 mdl_MT__exp__3 =    5132953.1250000000     
 mdl_mueft__exp__2 =    8313.7924000000021     
 mdl_vev0 =    246.22056907348588     
 mdl_vev0__exp__2 =    60624.568634871226     
 mdl_dT =    2.2958372580604146E-002
 mdl_dv =    1.6014343552313032E-002
 mdl_dWB =    3.9172322525147504E-002
 mdl_dlam =    7.4686134206886426E-003
 mdl_ee0 =   0.31345063981313520     
 mdl_cw =   0.88543529118116482     
 mdl_muH =    88.058278448579060     
 mdl_sw =   0.46522728558473209     
 mdl_g1 =   0.31221640327021516     
 mdl_gw =   0.64320566405350232     
 mdl_lam =   0.12584072052696149     
 mdl_vev =    248.19209946488030     
 mdl_ee =   0.27783957953770644     
 mdl_ee__exp__2 =    7.7194831957689503E-002
 mdl_aEW =    6.1429695436072485E-003
 aEWM1 =    162.78771901785862     
 mdl_ee0__exp__2 =    9.8251303599263817E-002
 mdl_ee0__exp__3 =    3.0796933975663836E-002
 mdl_vev0__exp__3 =    14927015.789112596     
  Internal Params evaluated point by point
  ----------------------------------------
  
 mdl_sqrt__aS =   0.34409301068170506     
 mdl_G__exp__2 =    1.4878582807401259     
 mdl_G__exp__3 =    1.8148567439626970     
 mdl_G__exp__4 =    2.2137222635669636     
 mdl_MU_R__exp__2 =    8315.2513440000002     
  Couplings of SMEFTatNLO-LO
  ---------------------------------
  
       GC_358 =   0.00000E+00   0.14866E-03
       GC_360 =  -0.18133E-03   0.00000E+00
        GC_10 =  -0.12198E+01   0.00000E+00
        GC_11 =   0.00000E+00   0.12198E+01
        GC_12 =   0.00000E+00   0.14879E+01
       GC_109 =   0.00000E+00   0.44000E-05
       GC_110 =   0.00000E+00   0.70000E-05
       GC_112 =   0.00000E+00   0.54000E-05
       GC_113 =   0.00000E+00   0.90000E-05
        GC_30 =   0.00000E+00   0.10000E-06
        GC_31 =   0.00000E+00   0.83000E-05
        GC_32 =   0.00000E+00   0.57108E-06
        GC_34 =   0.00000E+00  -0.20000E-05
        GC_35 =   0.00000E+00   0.16000E-04
        GC_71 =   0.00000E+00   0.70000E-05
        GC_72 =   0.00000E+00   0.12000E-04
        GC_83 =   0.00000E+00   0.45083E-06
        GC_85 =   0.00000E+00   0.54126E-06
        GC_86 =   0.00000E+00   0.55138E-06
        GC_87 =   0.00000E+00   0.55000E-05
        GC_88 =   0.00000E+00   0.95000E-05
        GC_89 =   0.00000E+00   0.70000E-05
        GC_90 =   0.00000E+00   0.12400E-04

 Collider parameters:
 --------------------

 Running at P P   machine @    13000.000000000000       GeV
 PDF set = lhapdf 
 alpha_s(Mz)= 0.1180 running at 3 loops.
 alpha_s(Mz)= 0.1180 running at 3 loops.
 Renormalization scale set on event-by-event basis
 Factorization   scale set on event-by-event basis


 getting user params
Enter number of events and max and min iterations: 
 Number of events and iterations         2000           8           3
Enter desired fractional accuracy: 
 Desired fractional accuracy:    1.0000000000000000E-002
Enter 0 for fixed, 2 for adjustable grid: 
Suppress amplitude (0 no, 1 yes)? 
 Using suppressed amplitude.
Exact helicity sum (0 yes, n = number/event)? 
 Explicitly summing over helicities
Enter Configuration Number: 
Running Configuration Number:    1
 Not subdividing B.W.
 Attempting mappinvarients           1           5
 Completed mapping           5
 about to integrate            7        2000           8           3           7           1
 Using non-zero grid deformation.
  7 dimensions   2000 events  7 invarients  8 iterations  1 config(s),  (0.99)
 Using h-tuple random number sequence.
 Error opening grid
 Using Uniform Grid!          20
 Using uniform alpha   1.0000000000000000     
 Grid defined OK
 Set CM energy to      13000.00
 Mapping Graph           1  to config           1
Setting grid   1    0.70429E-03   1
Setting grid   2    0.59172E-06   1
 Transforming s_hat 1/s            6   7.4571005917159776E-004   100.00000000000000        168999999.99999997     
   1   1   2   3   4   5   6   7
 Masses: 0.000E+00 0.000E+00 0.172E+03 0.172E+03 0.000E+00
Using random seed offsets     1 :      3
  with seed                   24
 Ranmar initialization seeds       31059        9400
 
 ********************************************
 * You are using the DiscreteSampler module *
 *      part of the MG5_aMC framework       *
 *         Author: Valentin Hirschi         *
 ********************************************
 
  Particle       3       4       5
      Et >     0.0     0.0    10.0
       E >     0.0     0.0     0.0
     Eta <    -1.0    -1.0    -1.0
   xqcut:      0.0     0.0    10.0
d R # 3  >    -0.0     0.0     0.0
d R # 4  >    -0.0    -0.0     0.0
s min # 3>     0.0     0.0     0.0
s min # 4>     0.0     0.0     0.0
xqcutij # 3>     0.0     0.0     0.0
xqcutij # 4>     0.0     0.0     0.0
 alpha_s for scale    173.66310031859217       is   0.10755623179964842     
 Added good helicity            1   3.0327552244463618       in event            1 local:           1
 Added good helicity            2   9.0145762293436693       in event            1 local:           1
 Added good helicity            3  0.76347770826907346       in event            1 local:           1
 Added good helicity            4   2.6088923053807842       in event            1 local:           1
 Added good helicity            5   5.2078159961170913E-002  in event            1 local:           1
 Added good helicity            6   6.2442097074345553E-002  in event            1 local:           1
 Added good helicity            7   1.4475072405391840E-002  in event            1 local:           1
 Added good helicity            8   2.3482309251945350E-002  in event            1 local:           1
 Added good helicity           25   4.1854557436149131E-002  in event            1 local:           1
 Added good helicity           26   1.8417510719008746E-002  in event            1 local:           1
 Added good helicity           27  0.10082325842008574       in event            1 local:           1
 Added good helicity           28   6.3610222816862988E-002  in event            1 local:           1
 Added good helicity           29   2.9324700038165172       in event            1 local:           1
 Added good helicity           30  0.82482155243102917       in event            1 local:           1
 Added good helicity           31   9.2891905117338833       in event            1 local:           1
 Added good helicity           32   3.1566332764937197       in event            1 local:           1
 Added good helicity            1   3.0327552244463614       in event            1 local:           1
 Added good helicity            2   9.0145762293436693       in event            1 local:           1
 Added good helicity            3  0.76347770826907324       in event            1 local:           1
 Added good helicity            4   2.6088923053807838       in event            1 local:           1
 Added good helicity            5   5.2078159961170815E-002  in event            1 local:           1
 Added good helicity            6   6.2442097074345469E-002  in event            1 local:           1
 Added good helicity            7   1.4475072405391802E-002  in event            1 local:           1
 Added good helicity            8   2.3482309251945291E-002  in event            1 local:           1
 Added good helicity           25   4.1854557436149083E-002  in event            1 local:           1
 Added good helicity           26   1.8417510719008691E-002  in event            1 local:           1
 Added good helicity           27  0.10082325842008563       in event            1 local:           1
 Added good helicity           28   6.3610222816862835E-002  in event            1 local:           1
 Added good helicity           29   2.9324700038165163       in event            1 local:           1
 Added good helicity           30  0.82482155243102850       in event            1 local:           1
 Added good helicity           31   9.2891905117338851       in event            1 local:           1
 Added good helicity           32   3.1566332764937179       in event            1 local:           1
 RESET CUMULATIVE VARIABLE
 RESET CUMULATIVE VARIABLE
 RESET CUMULATIVE VARIABLE
 Iteration  1   Mean: 0.1276E+04 Abs mean: 0.1276E+04   Fluctuation:  0.381E+03   0.715E+06    60.6%
  1    0.1276E+04 0.1276E+04 +- 0.3805E+03     13.33
 Writing out events  0.13162268262964322        13.332315206198063     
 Relative summed weights:
  0.1801E+00  0.4252E+00  0.4559E-02  0.5520E-02  0.1826E+00  0.2008E+00  0.2649E-03  0.1015E-02
 Relative number of events:
  0.2066E+00  0.2165E+00  0.1842E-01  0.1344E-01  0.2748E+00  0.2623E+00  0.3982E-02  0.3982E-02
 Events:
         415         435          37          27         552         527           8           8
 Iteration  2   Mean: 0.1186E+04 Abs mean: 0.1186E+04   Fluctuation:  0.148E+03   0.464E+06    78.0%
  2    0.1186E+04 0.1186E+04 +- 0.1478E+03      7.88
 Relative summed weights:
  0.3377E+00  0.2427E+00  0.7433E-02  0.4010E-02  0.1844E+00  0.2218E+00  0.1791E-02  0.1035E-03
 Relative number of events:
  0.2457E+00  0.2400E+00  0.1300E-01  0.9000E-02  0.2542E+00  0.2335E+00  0.3500E-02  0.1000E-02
 Events:
         983         960          52          36        1017         934          14           4
 Iteration  3   Mean: 0.1147E+04 Abs mean: 0.1147E+04   Fluctuation:  0.477E+02   0.171E+06    84.0%
  3    0.1147E+04 0.1147E+04 +- 0.4774E+02      3.72
 Relative summed weights:
  0.3434E+00  0.3307E+00  0.9908E-02  0.7959E-02  0.1492E+00  0.1578E+00  0.6129E-03  0.3982E-03
 Relative number of events:
  0.2649E+00  0.2507E+00  0.8625E-02  0.9750E-02  0.2319E+00  0.2315E+00  0.1375E-02  0.1250E-02
 Events:
        2119        2006          69          78        1855        1852          11          10
 Accuracy:    0.012   0.010   0.039   0.101
 Found          739  events.
 Wrote           50  events.
 Actual xsec    1152.7121476516256     
 Correct abs xsec    1152.7121476516256     
 Event xsec    1152.7121476516256     
 Events wgts > 1:            2
 % Cross section > 1:    2.7613506601032647       0.23955249068285206     
 Iteration  4   Mean: 0.1159E+04 Abs mean: 0.1159E+04   Fluctuation:  0.278E+02   0.245E+06    85.7%
  4    0.1159E+04 0.1159E+04 +- 0.2778E+02      3.03
 Relative summed weights:
  0.3445E+00  0.3015E+00  0.7981E-02  0.6513E-02  0.1641E+00  0.1712E+00  0.2454E-02  0.1656E-02
 Relative number of events:
  0.2679E+00  0.2684E+00  0.7188E-02  0.7687E-02  0.2198E+00  0.2255E+00  0.1937E-02  0.1625E-02
 Events:
        4286        4294         115         123        3517        3608          31          26
 Accuracy:    0.005   0.010   0.020   0.071
 Finished due to accuracy    5.4504838308647658E-003   1.0000000000000000E-002

 -------------------------------------------------------------------------------
Thanks for using LHAPDF 6.2.1. Please make sure to cite the paper:
  Eur.Phys.J. C75 (2015) 3, 132  (http://arxiv.org/abs/1412.7420)
 Accumulated results:   Integral =  0.1157E+04
                        Std dev  =  0.2366E+02
                       Cross sec =  0.1157E+04
             Chi**2 per DoF.     =      0.0711
 -------------------------------------------------------------------------------
 Found         1638  events.
 Wrote          266  events.
 Actual xsec    1156.6110872429085     
 Correct abs xsec    1156.6110872429085     
 Event xsec    1156.6110872428949     
 Events wgts > 1:            2
 % Cross section > 1:    9.9605814450571977       0.86118675109720955     
-------------------------------------------------
---------------------------
 Results Last   3 iters: Integral =   0.1157E+04
                     Abs integral =   0.1157E+04
                          Std dev =   0.2370E+02
                  Chi**2 per DoF. =      0.0460
-------------------------------------------------
---------------------------
 Status   1.0000000000000000E-002           5           8

ls status:
events.lhe
ftn26
input_app.txt
results.dat
run1_app.log
