INFO: new cross-section is : 15.4609 pb (indicative error: 0.0521754 pb)
INFO: Original cross-section: 3.3765 +- 0.02274924 pb (cross-section from sum of weights: 6.741199869)
INFO: Computed cross-section:
INFO: sm_point : 5.99258524613 +- 0.0202229221257 pb
INFO: EFTrwgt0_cHQ3_m10p0_ctGIm_m1p0 : 1.02474572678 +- 0.0539780414803 pb
INFO: EFTrwgt10_cHQ3_m7p0_ctWRe_m2p0 : 1.86402905804 +- 0.138341576675 pb                                 
INFO: EFTrwgt11_cHQ3_m7p0_cleQt3Re_5p0 : 1.98565143144 +- 0.0067008932902 pb
INFO: EFTrwgt12_cHQ3_m7p0_cleQt1Re_10p0 : 1.98565143144 +- 0.0067008932902 pb
INFO: EFTrwgt13_cHQ3_m7p0_cQl3_5p0 : 2.12790469222 +- 0.192407369173 pb                                   
INFO: EFTrwgt14_cHQ3_m7p0_cbWRe_m3p0 : 1.98565143144 +- 0.0067008932902 pb
INFO: EFTrwgt15_cHQ3_m7p0_cHtbRe_3p0 : 1.98565143144 +- 0.0067008932902 pb
INFO: EFTrwgt16_cHQ3_m4p0_ctGIm_m1p0 : 3.53670460037 +- 0.082346528518 pb
INFO: EFTrwgt17_cHQ3_m4p0_ctGRe_m1p0 : 3.85862368843 +- 0.0761976411533 pb
INFO: EFTrwgt18_cHQ3_m4p0_ctWRe_m2p0 : 3.11908663876 +- 0.15132588083 pb
INFO: EFTrwgt19_cHQ3_m4p0_cleQt3Re_5p0 : 3.43861552086 +- 0.0116041617198 pb
INFO: EFTrwgt1_cHQ3_m10p0_ctGRe_m1p0 : 1.1920829329 +- 0.0491686649308 pb
INFO: EFTrwgt20_cHQ3_m4p0_cleQt1Re_10p0 : 3.43861552086 +- 0.0116041617198 pb
INFO: EFTrwgt21_cHQ3_m4p0_cQl3_5p0 : 3.59819779095 +- 0.21342444902 pb
INFO: EFTrwgt22_cHQ3_m4p0_cbWRe_m3p0 : 3.43861552086 +- 0.0116041617198 pb
INFO: EFTrwgt23_cHQ3_m4p0_cHtbRe_3p0 : 3.43861552086 +- 0.0116041617198 pb
INFO: EFTrwgt24_cHQ3_m2p0_ctGIm_m1p0 : 4.72641523786 +- 0.0935340749149 pb
INFO: EFTrwgt25_cHQ3_m2p0_ctGRe_m1p0 : 5.09986161991 +- 0.0872584035014 pb
INFO: EFTrwgt26_cHQ3_m2p0_ctWRe_m2p0 : 4.17603607568 +- 0.164111374629 pb
INFO: EFTrwgt27_cHQ3_m2p0_cleQt3Re_5p0 : 4.62750263025 +- 0.0156162359791 pb
INFO: EFTrwgt28_cHQ3_m2p0_cleQt1Re_10p0 : 4.62750263025 +- 0.0156162359791 pb
INFO: EFTrwgt29_cHQ3_m2p0_cQl3_5p0 : 4.7986375732 +- 0.228289768309 pb
INFO: EFTrwgt2_cHQ3_m10p0_ctWRe_m2p0 : 1.0054113669 +- 0.133821005923 pb
INFO: EFTrwgt30_cHQ3_m2p0_cbWRe_m3p0 : 4.62750263025 +- 0.0156162359791 pb
INFO: EFTrwgt31_cHQ3_m2p0_cHtbRe_3p0 : 4.62750263025 +- 0.0156162359791 pb
INFO: EFTrwgt32_cHQ3_2p0_ctGIm_m1p0 : 7.63442303231 +- 0.118131661871 pb
INFO: EFTrwgt33_cHQ3_2p0_ctGRe_m1p0 : 8.11092400232 +- 0.111837638259 pb
INFO: EFTrwgt34_cHQ3_2p0_ctWRe_m2p0 : 6.81852146898 +- 0.197602187719 pb
INFO: EFTrwgt35_cHQ3_2p0_cleQt3Re_5p0 : 7.53386336849 +- 0.0254242297567 pb
INFO: EFTrwgt36_cHQ3_2p0_cleQt1Re_10p0 : 7.53386336849 +- 0.0254242297567 pb
INFO: EFTrwgt37_cHQ3_2p0_cQl3_5p0 : 7.72810365716 +- 0.260014535827 pb
INFO: EFTrwgt38_cHQ3_2p0_cbWRe_m3p0 : 7.53386336849 +- 0.0254242297567 pb
INFO: EFTrwgt39_cHQ3_2p0_cHtbRe_3p0 : 7.53386336849 +- 0.0254242297567 pb
INFO: EFTrwgt3_cHQ3_m10p0_cleQt3Re_5p0 : 0.9291272316 +- 0.00313548608452 pb
INFO: EFTrwgt40_cHQ3_4p0_ctGIm_m1p0 : 9.35272018926 +- 0.131476811027 pb
INFO: EFTrwgt41_cHQ3_4p0_ctGRe_m1p0 : 9.88074845326 +- 0.125250450571 pb
INFO: EFTrwgt42_cHQ3_4p0_ctWRe_m2p0 : 8.40405742535 +- 0.217512025852 pb
INFO: EFTrwgt43_cHQ3_4p0_cleQt3Re_5p0 : 9.25133699733 +- 0.0312200928266 pb
INFO: EFTrwgt44_cHQ3_4p0_cleQt1Re_10p0 : 9.25133699733 +- 0.0312200928266 pb
INFO: EFTrwgt45_cHQ3_4p0_cQl3_5p0 : 9.45712995887 +- 0.276855231777 pb
INFO: EFTrwgt46_cHQ3_4p0_cbWRe_m3p0 : 9.25133699733 +- 0.0312200928266 pb
INFO: EFTrwgt47_cHQ3_4p0_cHtbRe_3p0 : 9.25133699733 +- 0.0312200928266 pb
INFO: EFTrwgt48_cHQ3_7p0_ctGIm_m1p0 : 12.2605324993 +- 0.152743723041 pb
INFO: EFTrwgt49_cHQ3_7p0_ctGRe_m1p0 : 12.8658517043 +- 0.146680205406 pb
INFO: EFTrwgt4_cHQ3_m10p0_cleQt1Re_10p0 : 0.9291272316 +- 0.00313548608452 pb
INFO: EFTrwgt50_cHQ3_7p0_ctWRe_m2p0 : 11.1127279346 +- 0.25047154895 pb
INFO: EFTrwgt51_cHQ3_7p0_cleQt3Re_5p0 : 12.1579140153 +- 0.0410288269776 pb
INFO: EFTrwgt52_cHQ3_7p0_cleQt1Re_10p0 : 12.1579140153 +- 0.0410288269776 pb
INFO: EFTrwgt53_cHQ3_7p0_cQl3_5p0 : 12.3810359861 +- 0.303318725521 pb
INFO: EFTrwgt54_cHQ3_7p0_cbWRe_m3p0 : 12.1579140153 +- 0.0410288269776 pb
INFO: EFTrwgt55_cHQ3_7p0_cHtbRe_3p0 : 12.1579140153 +- 0.0410288269776 pb
INFO: EFTrwgt56_cHQ3_10p0_ctGIm_m1p0 : 15.564784699 +- 0.175469577772 pb
INFO: EFTrwgt57_cHQ3_10p0_ctGRe_m1p0 : 16.247394845 +- 0.169620573206 pb
INFO: EFTrwgt58_cHQ3_10p0_ctWRe_m2p0 : 14.2178383334 +- 0.28650772202 pb
INFO: EFTrwgt59_cHQ3_10p0_cleQt3Re_5p0 : 15.4609309228 +- 0.0521753800212 pb
INFO: EFTrwgt5_cHQ3_m10p0_cQl3_5p0 : 1.05405148309 +- 0.172977671036 pb
INFO: EFTrwgt60_cHQ3_10p0_cleQt1Re_10p0 : 15.4609309228 +- 0.0521753800212 pb
INFO: EFTrwgt61_cHQ3_10p0_cQl3_5p0 : 15.7013819029 +- 0.331208433865 pb
INFO: EFTrwgt62_cHQ3_10p0_cbWRe_m3p0 : 15.4609309228 +- 0.0521753800212 pb
INFO: EFTrwgt63_cHQ3_10p0_cHtbRe_3p0 : 15.4609309228 +- 0.0521753800212 pb
INFO: EFTrwgt6_cHQ3_m10p0_cbWRe_m3p0 : 0.9291272316 +- 0.00313548608452 pb
INFO: EFTrwgt7_cHQ3_m10p0_cHtbRe_3p0 : 0.9291272316 +- 0.00313548608452 pb
INFO: EFTrwgt8_cHQ3_m7p0_ctGIm_m1p0 : 2.08250521878 +- 0.0671021405452 pb
INFO: EFTrwgt9_cHQ3_m7p0_ctGRe_m1p0 : 2.32713336587 +- 0.0613874240607 pb
