INFO: new cross-section is : 6.44007 pb (indicative error: 0.31986 pb)
INFO: Original cross-section: 4.6355 +- 0.03253531 pb (cross-section from sum of weights: 9.2770001376)
INFO: Computed cross-section:
INFO: EFTrwgt0_cHQ3_10p0 : 15.2787947689 +- 0.688037899777 pb
INFO: EFTrwgt0_cHQ3_2p0 : 7.44511134545 +- 0.335269820113 pb
INFO: EFTrwgt0_cHQ3_4p0 : 9.14235242538 +- 0.411700337423 pb
INFO: EFTrwgt0_cHQ3_7p0 : 12.0146887652 +- 0.541047991645 pb
INFO: EFTrwgt0_cHQ3_m10p0 : 0.91818172895 +- 0.0413477527485 pb
INFO: EFTrwgt0_cHQ3_m2p0 : 4.57298873745 +- 0.205931790707 pb
INFO: EFTrwgt0_cHQ3_m4p0 : 3.39810720939 +- 0.153024278611 pb
INFO: EFTrwgt0_cHQ3_m7p0 : 1.96225963722 +- 0.0883648887249 pb
INFO: EFTrwgt0_cHtbRe_10p0 : 6.44006904309 +- 0.31985969614 pb
INFO: EFTrwgt0_cHtbRe_2p0 : 5.94271327321 +- 0.264681058683 pb
INFO: EFTrwgt0_cHtbRe_4p0 : 6.00488274445 +- 0.260807109169 pb
INFO: EFTrwgt0_cHtbRe_7p0 : 6.17584879034 +- 0.267172737073 pb
INFO: EFTrwgt0_cHtbRe_m10p0 : 6.44006904309 +- 0.31985969614 pb
INFO: EFTrwgt0_cHtbRe_m2p0 : 5.94271327321 +- 0.264681058683 pb
INFO: EFTrwgt0_cHtbRe_m4p0 : 6.00488274445 +- 0.260807109169 pb
INFO: EFTrwgt0_cHtbRe_m7p0 : 6.17584879034 +- 0.267172737073 pb
INFO: EFTrwgt0_cQl3_10p0 : 6.2737597966 +- 0.308746248789 pb
INFO: EFTrwgt0_cQl3_2p0 : 5.95853140856 +- 0.263418054766 pb
INFO: EFTrwgt0_cQl3_4p0 : 6.01197902282 +- 0.263050700536 pb
INFO: EFTrwgt0_cQl3_7p0 : 6.12384979765 +- 0.274070190305 pb
INFO: EFTrwgt0_cQl3_m10p0 : 5.9928784815 +- 0.310559530761 pb
INFO: EFTrwgt0_cQl3_m2p0 : 5.90235514554 +- 0.271241725623 pb
INFO: EFTrwgt0_cQl3_m4p0 : 5.89962649678 +- 0.276715862189 pb
INFO: EFTrwgt0_cQl3_m7p0 : 5.92723287708 +- 0.288529373023 pb
INFO: EFTrwgt0_cbWRe_10p0 : 20.653768302 +- 2.21998784524 pb
INFO: EFTrwgt0_cbWRe_2p0 : 6.51126124357 +- 0.216823583474 pb
INFO: EFTrwgt0_cbWRe_4p0 : 8.27907462588 +- 0.296540563949 pb
INFO: EFTrwgt0_cbWRe_7p0 : 13.1405614272 +- 1.0244780361 pb
INFO: EFTrwgt0_cbWRe_m10p0 : 20.653768302 +- 2.21998784524 pb
INFO: EFTrwgt0_cbWRe_m2p0 : 6.51126124357 +- 0.216823583474 pb
INFO: EFTrwgt0_cbWRe_m4p0 : 8.27907462588 +- 0.296540563949 pb
INFO: EFTrwgt0_cbWRe_m7p0 : 13.1405614272 +- 1.0244780361 pb
INFO: EFTrwgt0_cleQt1Re_10p0 : 5.92199011614 +- 0.266680304541 pb
INFO: EFTrwgt0_cleQt1Re_2p0 : 5.92199011614 +- 0.266680304541 pb
INFO: EFTrwgt0_cleQt1Re_4p0 : 5.92199011614 +- 0.266680304541 pb
INFO: EFTrwgt0_cleQt1Re_7p0 : 5.92199011614 +- 0.266680304541 pb
INFO: EFTrwgt0_cleQt1Re_m10p0 : 5.92199011614 +- 0.266680304541 pb
INFO: EFTrwgt0_cleQt1Re_m2p0 : 5.92199011614 +- 0.266680304541 pb
INFO: EFTrwgt0_cleQt1Re_m4p0 : 5.92199011614 +- 0.266680304541 pb
INFO: EFTrwgt0_cleQt1Re_m7p0 : 5.92199011614 +- 0.266680304541 pb
INFO: EFTrwgt0_cleQt3Re_10p0 : 5.92199011614 +- 0.266680304541 pb
INFO: EFTrwgt0_cleQt3Re_2p0 : 5.92199011614 +- 0.266680304541 pb
INFO: EFTrwgt0_cleQt3Re_4p0 : 5.92199011614 +- 0.266680304541 pb
INFO: EFTrwgt0_cleQt3Re_7p0 : 5.92199011614 +- 0.266680304541 pb
INFO: EFTrwgt0_cleQt3Re_m10p0 : 5.92199011614 +- 0.266680304541 pb
INFO: EFTrwgt0_cleQt3Re_m2p0 : 5.92199011614 +- 0.266680304541 pb
INFO: EFTrwgt0_cleQt3Re_m4p0 : 5.92199011614 +- 0.266680304541 pb
INFO: EFTrwgt0_cleQt3Re_m7p0 : 5.92199011614 +- 0.266680304541 pb
INFO: EFTrwgt0_ctGIm_0p2 : 5.92339065472 +- 0.269973899533 pb
INFO: EFTrwgt0_ctGIm_0p4 : 5.93577521352 +- 0.274365915931 pb
INFO: EFTrwgt0_ctGIm_0p7 : 5.97494708959 +- 0.283637146841 pb
INFO: EFTrwgt0_ctGIm_1p0 : 6.03883301113 +- 0.297226181701 pb
INFO: EFTrwgt0_ctGIm_m0p2 : 5.93157359775 +- 0.26430266776 pb
INFO: EFTrwgt0_ctGIm_m0p4 : 5.95214109958 +- 0.262765749995 pb
INFO: EFTrwgt0_ctGIm_m0p7 : 6.0035873902 +- 0.262156780685 pb
INFO: EFTrwgt0_ctGIm_m1p0 : 6.07974772628 +- 0.26418491569 pb
INFO: EFTrwgt0_ctGRe_0p2 : 5.84019156697 +- 0.264976380383 pb
INFO: EFTrwgt0_ctGRe_0p4 : 5.769377038 +- 0.264156626465 pb
INFO: EFTrwgt0_ctGRe_0p7 : 5.68375028244 +- 0.265065775389 pb
INFO: EFTrwgt0_ctGRe_1p0 : 5.62283757234 +- 0.269594002367 pb
INFO: EFTrwgt0_ctGRe_m0p2 : 6.01477268551 +- 0.269179295024 pb
INFO: EFTrwgt0_ctGRe_m0p4 : 6.11853927509 +- 0.27250086347 pb
INFO: EFTrwgt0_ctGRe_m0p7 : 6.29478419735 +- 0.279355656813 pb
INFO: EFTrwgt0_ctGRe_m1p0 : 6.49574316507 +- 0.289264748198 pb
INFO: EFTrwgt0_ctWRe_10p0 : 21.7403438956 +- 3.66018667468 pb
INFO: EFTrwgt0_ctWRe_2p0 : 7.22705211924 +- 0.467839808443 pb
INFO: EFTrwgt0_ctWRe_4p0 : 9.46141849875 +- 0.896446312956 pb
INFO: EFTrwgt0_ctWRe_7p0 : 14.5554137737 +- 2.00440715181 pb
INFO: EFTrwgt0_ctWRe_m10p0 : 13.3362457465 +- 2.65781394366 pb
INFO: EFTrwgt0_ctWRe_m2p0 : 5.54623248942 +- 0.223241854566 pb
INFO: EFTrwgt0_ctWRe_m4p0 : 6.0997792391 +- 0.438402974498 pb
INFO: EFTrwgt0_ctWRe_m7p0 : 8.67254506934 +- 1.27585889409 pb
INFO: sm_point : 5.92199011614 +- 0.266680304541 pb
INFO: quit rwgt