==== LHAPDF6 USING DEFAULT-TYPE LHAGLUE INTERFACE ====
LHAPDF 6.2.1 loading /cvmfs/cms.cern.ch/slc7_amd64_gcc700/external/lhapdf/6.2.1-pafccj3/share/LHAPDF/NNPDF31_nnlo_as_0118_mc_hessian_pdfas/NNPDF31_nnlo_as_0118_mc_hessian_pdfas_0000.dat
NNPDF31_nnlo_as_0118_mc_hessian_pdfas PDF set, member #0, version 1; LHAPDF ID = 325300
 Process in group number            1
 A PDF is used, so alpha_s(MZ) is going to be modified
 Old value of alpha_s from param_card:   0.11839999999999999     
 New value of alpha_s from PDF lhapdf :  0.11800208008122040     
 using LHAPDF
 Warning! ptj set to xqcut=   10.000000000000000       to improve integration efficiency
 Note that this might affect non-radiated jets,
 e.g. from decays. Use cut_decays=F in run_card.
 Warning! mmjj set to xqcut=   10.000000000000000       to improve integration efficiency
 Note that this might affect non-radiated jets,
 e.g. from decays. Use cut_decays=F in run_card.
 Define smin to   100.00000000000000     
 Define smin to   100.00000000000000     
 Define smin to   100.00000000000000     
 Define smin to   100.00000000000000     
 Define smin to   100.00000000000000     
 Define smin to   100.00000000000000     
 Define smin to   100.00000000000000     
 Define smin to   100.00000000000000     
 *****************************************************
 *               MadGraph/MadEvent                   *
 *        --------------------------------           *
 *          http://madgraph.hep.uiuc.edu             *
 *          http://madgraph.phys.ucl.ac.be           *
 *          http://madgraph.roma2.infn.it            *
 *        --------------------------------           *
 *                                                   *
 *          PARAMETER AND COUPLING VALUES            *
 *                                                   *
 *****************************************************

  External Params
  ---------------------------------
  
 MU_R =    91.188000000000002     
 mdl_Lambda =    1000.0000000000000     
 mdl_cpDC =   0.75739500000000004     
 mdl_cpWB =   0.64614600000000000     
 mdl_cdp =   0.25094600000000000     
 mdl_cp =   0.13516500000000001     
 mdl_cWWW =   0.45710499999999998     
 mdl_cG =   0.37346499999999999     
 mdl_cpG =    5.8888000000000003E-002
 mdl_cpW =   0.15112999999999999     
 mdl_cpBB =   0.45941900000000002     
 mdl_cpl1 =   0.57178300000000004     
 mdl_cpl2 =   0.74036999999999997     
 mdl_cpl3 =   0.36275000000000002     
 mdl_c3pl1 =   0.71671399999999996     
 mdl_c3pl2 =   0.48287700000000000     
 mdl_c3pl3 =    6.7027000000000003E-002
 mdl_cpe =   0.50265099999999996     
 mdl_cpmu =   0.28901700000000002     
 mdl_cpta =   0.22722899999999999     
 mdl_cpqMi =   0.56111999999999995     
 mdl_cpq3i =   0.95500300000000005     
 mdl_cpQ3 =   0.86013399999999995     
 mdl_cpQM =    8.1297999999999995E-002
 mdl_cpu =   0.94399400000000000     
 mdl_cpt =    5.4935999999999999E-002
 mdl_cpd =   0.38303199999999998     
 mdl_ctp =   0.98561600000000005     
 mdl_ctZ =   0.16011900000000001     
 mdl_ctW =   0.43956299999999998     
 mdl_ctG =   0.69999999999999996     
 mdl_cQq83 =    9.0000000000000000     
 mdl_cQq81 =    7.0000000000000000     
 mdl_cQu8 =    9.5000000000000000     
 mdl_ctq8 =    7.0000000000000000     
 mdl_cQd8 =    12.000000000000000     
 mdl_ctu8 =    9.0000000000000000     
 mdl_ctd8 =    12.400000000000000     
 mdl_cQq13 =    4.0999999999999996     
 mdl_cQq11 =    4.2000000000000002     
 mdl_cQu1 =    5.5000000000000000     
 mdl_ctq1 =    4.4000000000000004     
 mdl_cQd1 =    7.0000000000000000     
 mdl_ctu1 =    5.4000000000000004     
 mdl_ctd1 =    7.0000000000000000     
 mdl_cQQ8 =   0.90166700000000000     
 mdl_cQQ1 =   0.72136199999999995     
 mdl_cQt1 =   0.54125900000000005     
 mdl_ctt1 =   0.95570100000000002     
 mdl_cQt8 =   0.55138100000000001     
 mdl_cQlM1 =   0.55615599999999998     
 mdl_cQlM2 =   0.74276699999999996     
 mdl_cQl31 =   0.17684000000000000     
 mdl_cQl32 =   0.47113899999999997     
 mdl_cQe1 =   0.28487200000000001     
 mdl_cQe2 =   0.16510900000000001     
 mdl_ctl1 =   0.44423699999999999     
 mdl_ctl2 =    9.0305999999999997E-002
 mdl_cte1 =   0.33311800000000003     
 mdl_cte2 =   0.29553699999999999     
 mdl_cQlM3 =   0.58306599999999997     
 mdl_cQl33 =   0.10262499999999999     
 mdl_cQe3 =   0.22367100000000001     
 mdl_ctl3 =   0.23337500000000000     
 mdl_cte3 =   0.59837799999999997     
 mdl_ctlS3 =   0.96081600000000000     
 mdl_ctlT3 =   0.61268800000000001     
 mdl_cblS3 =   0.70033199999999995     
 mdl_cll1111 =   0.56009299999999995     
 mdl_cll2222 =   0.26721600000000001     
 mdl_cll3333 =   0.50984700000000005     
 mdl_cll1122 =    1.7049000000000002E-002
 mdl_cll1133 =   0.37459700000000001     
 mdl_cll2233 =   0.56486000000000003     
 mdl_cll1221 =   0.93543500000000002     
 mdl_cll1331 =   0.94923199999999996     
 mdl_cll2332 =   0.19908300000000001     
 mdl_mueft =    91.180000000000007     
 mdl_Gf =    1.1663700000000000E-005
 aS =   0.11839999999999999     
 mdl_ymt =    172.50000000000000     
 mdl_MZ =    91.187600000000003     
 mdl_MW =    79.824399999999997     
 mdl_MT =    172.50000000000000     
 mdl_MH =    125.00000000000000     
 mdl_WZ =    2.4160230000000000     
 mdl_WW =    2.0029499999999998     
 mdl_WT =    1.4708000000000001     
 mdl_WH =    4.0879999999999996E-003
  Internal Params
  ---------------------------------
  
 mdl_cw0 =   0.87538656571726847     
 mdl_sqrt__2 =    1.4142135623730951     
 mdl_muH0 =    88.388347648318430     
 mdl_MW__exp__2 =    6371.9348353599999     
 mdl_MZ__exp__2 =    8315.1783937600012     
 mdl_sw0 =   0.48342358295983689     
 mdl_cF3pl1 =   0.71671399999999996     
 mdl_cF3pl2 =   0.48287700000000000     
 mdl_cFll =    1.8708700000000000     
 mdl_nb__2__exp__0_25 =    1.1892071150027210     
 mdl_Lambda__exp__2 =    1000000.0000000000     
 mdl_ctB =   0.46474469369245741     
 mdl_cw0__exp__2 =   0.76630163943827356     
 mdl_sw0__exp__2 =   0.23369836056172630     
 mdl_MH__exp__2 =    15625.000000000000     
 mdl_complexi =                (0.0000000000000000,1.0000000000000000)
 mdl_sw0__exp__3 =   0.11297529879458956     
 mdl_cw0__exp__3 =   0.67081016045138286     
 mdl_MT__exp__2 =    29756.250000000000     
 mdl_MT__exp__3 =    5132953.1250000000     
 mdl_mueft__exp__2 =    8313.7924000000021     
 mdl_vev0 =    246.22056907348588     
 mdl_vev0__exp__2 =    60624.568634871226     
 mdl_dT =    2.2958372580604146E-002
 mdl_dv =    1.6014343552313032E-002
 mdl_dWB =    3.9172322525147504E-002
 mdl_dlam =    7.4686134206886426E-003
 mdl_ee0 =   0.31345063981313520     
 mdl_cw =   0.88543529118116482     
 mdl_muH =    88.058278448579060     
 mdl_sw =   0.46522728558473209     
 mdl_g1 =   0.31221640327021516     
 mdl_gw =   0.64320566405350232     
 mdl_lam =   0.12584072052696149     
 mdl_vev =    248.19209946488030     
 mdl_ee =   0.27783957953770644     
 mdl_ee__exp__2 =    7.7194831957689503E-002
 mdl_aEW =    6.1429695436072485E-003
 aEWM1 =    162.78771901785862     
 mdl_ee0__exp__2 =    9.8251303599263817E-002
 mdl_ee0__exp__3 =    3.0796933975663836E-002
 mdl_vev0__exp__3 =    14927015.789112596     
  Internal Params evaluated point by point
  ----------------------------------------
  
 mdl_sqrt__aS =   0.34409301068170506     
 mdl_G__exp__2 =    1.4878582807401259     
 mdl_G__exp__3 =    1.8148567439626970     
 mdl_G__exp__4 =    2.2137222635669636     
 mdl_MU_R__exp__2 =    8315.2513440000002     
  Couplings of SMEFTatNLO-LO
  ---------------------------------
  
       GC_358 =   0.00000E+00   0.14866E-03
       GC_360 =  -0.18133E-03   0.00000E+00
        GC_10 =  -0.12198E+01   0.00000E+00
        GC_11 =   0.00000E+00   0.12198E+01
        GC_12 =   0.00000E+00   0.14879E+01
       GC_109 =   0.00000E+00   0.44000E-05
       GC_110 =   0.00000E+00   0.70000E-05
       GC_112 =   0.00000E+00   0.54000E-05
       GC_113 =   0.00000E+00   0.90000E-05
        GC_30 =   0.00000E+00   0.10000E-06
        GC_31 =   0.00000E+00   0.83000E-05
        GC_32 =   0.00000E+00   0.57108E-06
        GC_34 =   0.00000E+00  -0.20000E-05
        GC_35 =   0.00000E+00   0.16000E-04
        GC_71 =   0.00000E+00   0.70000E-05
        GC_72 =   0.00000E+00   0.12000E-04
        GC_83 =   0.00000E+00   0.45083E-06
        GC_85 =   0.00000E+00   0.54126E-06
        GC_86 =   0.00000E+00   0.55138E-06
        GC_87 =   0.00000E+00   0.55000E-05
        GC_88 =   0.00000E+00   0.95000E-05
        GC_89 =   0.00000E+00   0.70000E-05
        GC_90 =   0.00000E+00   0.12400E-04

 Collider parameters:
 --------------------

 Running at P P   machine @    13000.000000000000       GeV
 PDF set = lhapdf 
 alpha_s(Mz)= 0.1180 running at 3 loops.
 alpha_s(Mz)= 0.1180 running at 3 loops.
 Renormalization scale set on event-by-event basis
 Factorization   scale set on event-by-event basis


 getting user params
Enter number of events and max and min iterations: 
 Number of events and iterations         2000           8           3
Enter desired fractional accuracy: 
 Desired fractional accuracy:    1.0000000000000000E-002
Enter 0 for fixed, 2 for adjustable grid: 
Suppress amplitude (0 no, 1 yes)? 
 Using suppressed amplitude.
Exact helicity sum (0 yes, n = number/event)? 
 Explicitly summing over helicities
Enter Configuration Number: 
Running Configuration Number:    1
 Not subdividing B.W.
 Attempting mappinvarients           1           5
 Completed mapping           5
 about to integrate            7        2000           8           3           7           1
 Using non-zero grid deformation.
  7 dimensions   2000 events  7 invarients  8 iterations  1 config(s),  (0.99)
 Using h-tuple random number sequence.
 Error opening grid
 Using Uniform Grid!          20
 Using uniform alpha   1.0000000000000000     
 Grid defined OK
 Set CM energy to      13000.00
 Mapping Graph           1  to config           1
Setting grid   1    0.70429E-03   1
Setting grid   2    0.70429E-03   1
 Transforming s_hat 1/s            6   7.4571005917159776E-004   100.00000000000000        168999999.99999997     
   1   1   2   3   4   5   6   7
 Masses: 0.000E+00 0.000E+00 0.172E+03 0.172E+03 0.000E+00
Using random seed offsets     1 :      2
  with seed                   24
 Ranmar initialization seeds       31059        9399
 
 ********************************************
 * You are using the DiscreteSampler module *
 *      part of the MG5_aMC framework       *
 *         Author: Valentin Hirschi         *
 ********************************************
 
  Particle       3       4       5
      Et >     0.0     0.0    10.0
       E >     0.0     0.0     0.0
     Eta <    -1.0    -1.0    -1.0
   xqcut:      0.0     0.0    10.0
d R # 3  >    -0.0     0.0     0.0
d R # 4  >    -0.0    -0.0     0.0
s min # 3>     0.0     0.0     0.0
s min # 4>     0.0     0.0     0.0
xqcutij # 3>     0.0     0.0     0.0
xqcutij # 4>     0.0     0.0     0.0
 alpha_s for scale    356.06250200300758       is    9.7933071307355207E-002
 Added good helicity            2   14.328209317642589       in event            1 local:           1
 Added good helicity            4   9.1414770798143904E-002  in event            1 local:           1
 Added good helicity            6   1.1239352116091462E-003  in event            1 local:           1
 Added good helicity            8   2.6809751661860306E-003  in event            1 local:           1
 Added good helicity            9   1.7350447042373323       in event            1 local:           1
 Added good helicity           11   2.6566584628143843       in event            1 local:           1
 Added good helicity           13   5.2889794419492672E-003  in event            1 local:           1
 Added good helicity           15  0.14960038646889703       in event            1 local:           1
 Added good helicity           18  0.25750441828323772       in event            1 local:           1
 Added good helicity           20   3.6122820071770216E-003  in event            1 local:           1
 Added good helicity           22   3.8165559394732163       in event            1 local:           1
 Added good helicity           24  0.57078651101190048       in event            1 local:           1
 Added good helicity           25   7.3075822891283610E-003  in event            1 local:           1
 Added good helicity           27   2.2994479118055677E-003  in event            1 local:           1
 Added good helicity           29  0.17261163388263936       in event            1 local:           1
 Added good helicity           31   8.1993006533598045       in event            1 local:           1
 Added good helicity            2   14.328209317642587       in event            1 local:           1
 Added good helicity            4   9.1414770798143682E-002  in event            1 local:           1
 Added good helicity            6   1.1239352116091483E-003  in event            1 local:           1
 Added good helicity            8   2.6809751661860197E-003  in event            1 local:           1
 Added good helicity            9   1.7350447042373300       in event            1 local:           1
 Added good helicity           11   2.6566584628143870       in event            1 local:           1
 Added good helicity           13   5.2889794419492681E-003  in event            1 local:           1
 Added good helicity           15  0.14960038646889706       in event            1 local:           1
 Added good helicity           18  0.25750441828323795       in event            1 local:           1
 Added good helicity           20   3.6122820071770260E-003  in event            1 local:           1
 Added good helicity           22   3.8165559394732194       in event            1 local:           1
 Added good helicity           24  0.57078651101189959       in event            1 local:           1
 Added good helicity           25   7.3075822891283324E-003  in event            1 local:           1
 Added good helicity           27   2.2994479118055712E-003  in event            1 local:           1
 Added good helicity           29  0.17261163388263884       in event            1 local:           1
 Added good helicity           31   8.1993006533598045       in event            1 local:           1
 RESET CUMULATIVE VARIABLE
 RESET CUMULATIVE VARIABLE
 RESET CUMULATIVE VARIABLE
 Iteration  1   Mean: 0.1435E+02 Abs mean: 0.1435E+02   Fluctuation:  0.306E+01   0.461E+04    82.6%
  1    0.1435E+02 0.1435E+02 +- 0.3064E+01      9.55
 Writing out events   1.0859731056469838E-003   9.5472058237913231     
 Relative summed weights:
  0.4983E+00  0.2870E+00  0.1492E-01  0.3636E-02  0.5728E-01  0.7634E-01  0.1361E-03  0.3266E-03  0.7865E-02  0.1725E-01  0.1084E-01  0.9487E-03  0.1399E-01  0.8502E-02  0.3707E-03  0.2242E-02
 Relative number of events:
  0.2021E+00  0.2210E+00  0.2140E-01  0.2140E-01  0.1210E+00  0.1244E+00  0.1244E-01  0.6969E-02  0.4928E-01  0.4629E-01  0.2091E-01  0.1593E-01  0.6122E-01  0.5774E-01  0.8462E-02  0.9457E-02
 Events:
         406         444          43          43         243         250          25          14          99          93          42          32         123         116          17          19
 Iteration  2   Mean: 0.1110E+02 Abs mean: 0.1110E+02   Fluctuation:  0.494E+00   0.554E+03    92.2%
  2    0.1110E+02 0.1110E+02 +- 0.4942E+00      2.82
 Relative summed weights:
  0.3139E+00  0.3021E+00  0.8056E-02  0.6762E-02  0.9792E-01  0.1252E+00  0.2343E-02  0.3447E-02  0.2552E-01  0.2070E-01  0.1081E-01  0.1143E-01  0.2994E-01  0.3528E-01  0.4795E-02  0.1811E-02
 Relative number of events:
  0.2507E+00  0.2430E+00  0.1625E-01  0.1350E-01  0.1247E+00  0.1290E+00  0.3750E-02  0.7000E-02  0.3250E-01  0.3125E-01  0.1850E-01  0.1550E-01  0.5725E-01  0.4525E-01  0.5250E-02  0.6500E-02
 Events:
        1003         972          65          54         499         516          15          28         130         125          74          62         229         181          21          26
 Iteration  3   Mean: 0.1131E+02 Abs mean: 0.1131E+02   Fluctuation:  0.197E+00   0.227E+03    95.2%
  3    0.1131E+02 0.1131E+02 +- 0.1969E+00      1.56
 Relative summed weights:
  0.2955E+00  0.2925E+00  0.7305E-02  0.1346E-01  0.1069E+00  0.1272E+00  0.4322E-02  0.4777E-02  0.1916E-01  0.2267E-01  0.1276E-01  0.1153E-01  0.3395E-01  0.4156E-01  0.2337E-02  0.4091E-02
 Relative number of events:
  0.2608E+00  0.2642E+00  0.1225E-01  0.1500E-01  0.1259E+00  0.1308E+00  0.6876E-02  0.6251E-02  0.2600E-01  0.2950E-01  0.1363E-01  0.1413E-01  0.4026E-01  0.4513E-01  0.3875E-02  0.5501E-02
 Events:
        2086        2113          98         120        1007        1046          55          50         208         236         109         113         322         361          31          44
Thanks for using LHAPDF 6.2.1. Please make sure to cite the paper:
  Eur.Phys.J. C75 (2015) 3, 132  (http://arxiv.org/abs/1412.7420)
 Accuracy:    0.015   0.010   0.016   0.883
 Found          850  events.
 Wrote          845  events.
 Actual xsec    11.299913379548492     
 Correct abs xsec    11.299913379693230     
 Event xsec    11.299913379693391     
 Events wgts > 1:           22
 % Cross section > 1:    8.4327613529803933E-002  0.74626778716149811     
 Iteration  4   Mean: 0.1096E+02 Abs mean: 0.1096E+02   Fluctuation:  0.102E+00   0.132E+03    96.2%
  4    0.1096E+02 0.1096E+02 +- 0.1018E+00      1.17
 Relative summed weights:
  0.3017E+00  0.3008E+00  0.1009E-01  0.1172E-01  0.1101E+00  0.1136E+00  0.3553E-02  0.4248E-02  0.1986E-01  0.2107E-01  0.1100E-01  0.8797E-02  0.3573E-01  0.3714E-01  0.5415E-02  0.5169E-02
 Relative number of events:
  0.2750E+00  0.2791E+00  0.1288E-01  0.1350E-01  0.1230E+00  0.1288E+00  0.5000E-02  0.5438E-02  0.2406E-01  0.2456E-01  0.1194E-01  0.1113E-01  0.3781E-01  0.3806E-01  0.4875E-02  0.4875E-02
 Events:
        4400        4465         206         216        1968        2060          80          87         385         393         191         178         605         609          78          78
 Accuracy:    0.010   0.010   0.008   1.519
 Finished due to accuracy    9.9212535537260491E-003   1.0000000000000000E-002

 -------------------------------------------------------------------------------
 Accumulated results:   Integral =  0.1105E+02
                        Std dev  =  0.8892E-01
                       Cross sec =  0.1105E+02
             Chi**2 per DoF.     =      1.5188
 -------------------------------------------------------------------------------
 Found         1613  events.
 Wrote         1609  events.
 Actual xsec    11.040403348091733     
 Correct abs xsec    11.040403348137948     
 Event xsec    11.040403348137676     
 Events wgts > 1:            3
 % Cross section > 1:    3.0480387251480704E-003   2.7608037759437671E-002
-------------------------------------------------
---------------------------
 Results Last   3 iters: Integral =   0.1104E+02
                     Abs integral =   0.1104E+02
                          Std dev =   0.8894E-01
                  Chi**2 per DoF. =      1.2511
-------------------------------------------------
---------------------------
 Status   1.0000000000000000E-002           5           8

ls status:
events.lhe
ftn26
input_app.txt
results.dat
run1_app.log
